INFO - 04/01/26 19:35:41 - 0:00:00 - ============ Initialized logger ============
INFO - 04/01/26 19:35:41 - 0:00:00 - N: 50
                                     Q: 251
                                     algo: BKZ2.0
                                     algo2: BKZ2.0
                                     batch_size: 20
                                     bkz_block_size: 30
                                     bkz_block_size2: 40
                                     command: python generate.py --cpu true --step origA --lwe true --N 50 --Q 251 --num_orig_samples 200 --dump_path '/home/yu_mcc/PQC_salsa/runs' --exp_name n50_q251_h3 --exp_id origA_4n --exp_id "origA_4n"
                                     correctQ: False
                                     cpu: True
                                     debug: False
                                     debug_slurm: False
                                     dump_path: /home/yu_mcc/PQC_salsa/runs/n50_q251_h3/origA_4n
                                     env_base_seed: -1
                                     epoch_size: 4000
                                     exp_id: origA_4n
                                     exp_name: n50_q251_h3
                                     float_type: double
                                     gamma: 2
                                     global_rank: 0
                                     is_master: True
                                     is_slurm_job: False
                                     lll_delta: 0.96
                                     lll_delta2: 0.99
                                     lll_penalty: 10
                                     local_rank: 0
                                     lwe: True
                                     m: -1
                                     master_port: -1
                                     max_hamming: 20
                                     max_timeout_count: 10
                                     min_hamming: 3
                                     multi_gpu: False
                                     multi_node: False
                                     n_gpu_per_node: 1
                                     n_nodes: 1
                                     node_id: 0
                                     num_orig_samples: 200
                                     num_secret_seeds: 5
                                     num_workers: 10
                                     reload_data: 
                                     reload_perm: 
                                     reload_size: 100000
                                     resume_path: 
                                     rnorm: 1.0
                                     secret_dir: 
                                     secret_type: binary
                                     sigma: 3
                                     step: origA
                                     threshold: -1
                                     threshold2: 0.5
                                     timeout: 10
                                     use_polish: False
                                     world_size: 1
INFO - 04/01/26 19:35:41 - 0:00:00 - The experiment will be stored in /home/yu_mcc/PQC_salsa/runs/n50_q251_h3/origA_4n
                                     
INFO - 04/01/26 19:35:41 - 0:00:00 - Running command: python generate.py --cpu true --step origA --lwe true --N 50 --Q 251 --num_orig_samples 200 --dump_path '/home/yu_mcc/PQC_salsa/runs' --exp_name n50_q251_h3 --exp_id origA_4n

INFO - 04/01/26 19:35:41 - 0:00:00 - Saved original LWE matrix to /home/yu_mcc/PQC_salsa/runs/n50_q251_h3/origA_4n/orig_A.npy with shape (200, 50)
