INFO - 04/06/26 20:34:41 - 0:00:00 - ============ Initialized logger ============
INFO - 04/06/26 20:34:41 - 0:00:00 - N: 50
                                     Q: 127
                                     algo: BKZ2.0
                                     algo2: BKZ2.0
                                     batch_size: 20
                                     bkz_block_size: 30
                                     bkz_block_size2: 40
                                     command: python generate.py --cpu true --step Ab --reload_data '/home/yu_mcc/PQC_salsa/runs/n50_q127_h3_1m/ra_main' --N 50 --Q 127 --m 50 --min_hamming 3 --max_hamming 3 --num_secret_seeds 10 --secret_type ternary --sigma 3 --epoch_size 10650 --reload_size 1000000 --num_workers 1 --dump_path '/home/yu_mcc/PQC_salsa/runs' --exp_name n50_q127_h3_1m --exp_id ab_ternary --exp_id "ab_ternary"
                                     correctQ: False
                                     cpu: True
                                     debug: False
                                     debug_slurm: False
                                     dump_path: /home/yu_mcc/PQC_salsa/runs/n50_q127_h3_1m/ab_ternary
                                     env_base_seed: -1
                                     epoch_size: 10650
                                     exp_id: ab_ternary
                                     exp_name: n50_q127_h3_1m
                                     float_type: double
                                     gamma: 2
                                     global_rank: 0
                                     is_master: True
                                     is_slurm_job: False
                                     lll_delta: 0.96
                                     lll_delta2: 0.99
                                     lll_penalty: 10
                                     local_rank: 0
                                     lwe: False
                                     m: 50
                                     master_port: -1
                                     max_hamming: 3
                                     max_timeout_count: 10
                                     min_hamming: 3
                                     multi_gpu: False
                                     multi_node: False
                                     n_gpu_per_node: 1
                                     n_nodes: 1
                                     node_id: 0
                                     num_orig_samples: -1
                                     num_secret_seeds: 10
                                     num_workers: 1
                                     orig_A_path: /home/yu_mcc/PQC_salsa/runs/n50_q127_h3_1m/origA_4n/orig_A.npy
                                     reload_data: /home/yu_mcc/PQC_salsa/runs/n50_q127_h3_1m/ra_main
                                     reload_perm: 
                                     reload_size: 1000000
                                     resume_path: 
                                     rnorm: 1.0
                                     secret_dir: 
                                     secret_type: ternary
                                     sigma: 3.0
                                     step: Ab
                                     threshold: -1
                                     threshold2: 0.5
                                     timeout: 10
                                     tiny1: False
                                     tiny2: True
                                     use_polish: False
                                     world_size: 1
INFO - 04/06/26 20:34:41 - 0:00:00 - The experiment will be stored in /home/yu_mcc/PQC_salsa/runs/n50_q127_h3_1m/ab_ternary
                                     
INFO - 04/06/26 20:34:41 - 0:00:00 - Running command: python generate.py --cpu true --step Ab --reload_data '/home/yu_mcc/PQC_salsa/runs/n50_q127_h3_1m/ra_main' --N 50 --Q 127 --m 50 --min_hamming 3 --max_hamming 3 --num_secret_seeds 10 --secret_type ternary --sigma 3 --epoch_size 10650 --reload_size 1000000 --num_workers 1 --dump_path '/home/yu_mcc/PQC_salsa/runs' --exp_name n50_q127_h3_1m --exp_id ab_ternary

INFO - 04/06/26 20:34:41 - 0:00:00 -  Nb CPU: 24 and Nb worker: 1
INFO - 04/06/26 20:34:41 - 0:00:00 - Creating ternary secret
INFO - 04/06/26 20:34:41 - 0:00:00 - Data will be stored in: /home/yu_mcc/PQC_salsa/runs/n50_q127_h3_1m/ab_ternary/test.prefix ...
INFO - 04/06/26 20:34:41 - 0:00:00 - Loading data from /home/yu_mcc/PQC_salsa/runs/n50_q127_h3_1m/ra_main/data.prefix ... seekpos 0
INFO - 04/06/26 20:34:49 - 0:00:08 - Loaded 10650 matrices from the disk. seekpos 126673965
INFO - 04/06/26 20:34:50 - 0:00:09 -     500 - 5525.59 equations/s - 
INFO - 04/06/26 20:34:51 - 0:00:10 -    1000 - 43497.22 equations/s - 
INFO - 04/06/26 20:34:52 - 0:00:12 -    1500 - 37338.20 equations/s - 
INFO - 04/06/26 20:34:54 - 0:00:13 -    2000 - 30551.88 equations/s - 
INFO - 04/06/26 20:34:56 - 0:00:15 -    2500 - 28344.45 equations/s - 
INFO - 04/06/26 20:34:58 - 0:00:17 -    3000 - 25206.20 equations/s - 
INFO - 04/06/26 20:35:00 - 0:00:19 -    3500 - 22089.86 equations/s - 
INFO - 04/06/26 20:35:02 - 0:00:22 -    4000 - 20759.43 equations/s - 
INFO - 04/06/26 20:35:05 - 0:00:24 -    4500 - 18660.26 equations/s - 
INFO - 04/06/26 20:35:10 - 0:00:29 -    5000 - 10325.00 equations/s - 
INFO - 04/06/26 20:35:13 - 0:00:32 -    5500 - 15540.22 equations/s - 
INFO - 04/06/26 20:35:17 - 0:00:36 -    6000 - 14749.87 equations/s - 
INFO - 04/06/26 20:35:20 - 0:00:39 -    6500 - 14490.95 equations/s - 
INFO - 04/06/26 20:35:24 - 0:00:43 -    7000 - 13416.24 equations/s - 
INFO - 04/06/26 20:35:28 - 0:00:47 -    7500 - 12963.75 equations/s - 
INFO - 04/06/26 20:35:32 - 0:00:51 -    8000 - 12146.29 equations/s - 
INFO - 04/06/26 20:35:36 - 0:00:55 -    8500 - 12255.00 equations/s - 
INFO - 04/06/26 20:35:42 - 0:01:02 -    9000 - 7554.79 equations/s - 
INFO - 04/06/26 20:35:49 - 0:01:08 -    9500 - 7518.50 equations/s - 
INFO - 04/06/26 20:35:56 - 0:01:15 -   10000 - 7560.06 equations/s - 
INFO - 04/06/26 20:36:03 - 0:01:22 -   10500 - 7135.36 equations/s - 
