INFO - 04/02/26 16:45:47 - 0:00:00 - ============ Initialized logger ============
INFO - 04/02/26 16:45:47 - 0:00:00 - N: 5
                                     Q: 17
                                     algo: BKZ2.0
                                     algo2: BKZ2.0
                                     batch_size: 20
                                     bkz_block_size: 30
                                     bkz_block_size2: 40
                                     command: python generate.py --step Ab --dump_path '/home/yu_mcc/PQC_salsa/runs/data_n5q17_h3/ab_gaussian' --reload_data '/home/yu_mcc/PQC_salsa/runs/data_n5q17_h3/ra/debug/jgfpq47vox' --secret_dir '/home/yu_mcc/PQC_salsa/runs/data_n5q17_h3/ab_gaussian' --min_hamming 3 --max_hamming 3 --num_secret_seeds 5 --secret_type gaussian --sigma 3 --epoch_size 20000 --reload_size 20000 --num_workers 1 --timeout 120 --exp_id "f9sj77otkg"
                                     correctQ: False
                                     cpu: True
                                     debug: False
                                     debug_slurm: False
                                     dump_path: /home/yu_mcc/PQC_salsa/runs/data_n5q17_h3/ab_gaussian/debug/f9sj77otkg
                                     env_base_seed: -1
                                     epoch_size: 20000
                                     exp_id: f9sj77otkg
                                     exp_name: debug
                                     float_type: double
                                     gamma: 2
                                     global_rank: 0
                                     is_master: True
                                     is_slurm_job: False
                                     lll_delta: 0.96
                                     lll_delta2: 0.99
                                     lll_penalty: 10
                                     local_rank: 0
                                     lwe: False
                                     m: 5
                                     master_port: -1
                                     max_hamming: 3
                                     max_timeout_count: 10
                                     min_hamming: 3
                                     multi_gpu: False
                                     multi_node: False
                                     n_gpu_per_node: 1
                                     n_nodes: 1
                                     node_id: 0
                                     num_orig_samples: -1
                                     num_secret_seeds: 5
                                     num_workers: 1
                                     orig_A_path: /home/yu_mcc/PQC_salsa/runs/data_n5q17_h3/orig_A.npy
                                     reload_data: /home/yu_mcc/PQC_salsa/runs/data_n5q17_h3/ra/debug/jgfpq47vox
                                     reload_perm: 
                                     reload_size: 20000
                                     resume_path: 
                                     rnorm: 1.0
                                     secret_dir: /home/yu_mcc/PQC_salsa/runs/data_n5q17_h3/ab_gaussian
                                     secret_type: gaussian
                                     sigma: 3.0
                                     step: Ab
                                     threshold: -1
                                     threshold2: 0.5
                                     timeout: 120
                                     tiny1: False
                                     tiny2: True
                                     use_polish: False
                                     world_size: 1
INFO - 04/02/26 16:45:47 - 0:00:00 - The experiment will be stored in /home/yu_mcc/PQC_salsa/runs/data_n5q17_h3/ab_gaussian/debug/f9sj77otkg
                                     
INFO - 04/02/26 16:45:47 - 0:00:00 - Running command: python generate.py --step Ab --dump_path '/home/yu_mcc/PQC_salsa/runs/data_n5q17_h3/ab_gaussian' --reload_data '/home/yu_mcc/PQC_salsa/runs/data_n5q17_h3/ra/debug/jgfpq47vox' --secret_dir '/home/yu_mcc/PQC_salsa/runs/data_n5q17_h3/ab_gaussian' --min_hamming 3 --max_hamming 3 --num_secret_seeds 5 --secret_type gaussian --sigma 3 --epoch_size 20000 --reload_size 20000 --num_workers 1 --timeout 120

INFO - 04/02/26 16:45:47 - 0:00:00 -  Nb CPU: 24 and Nb worker: 1
INFO - 04/02/26 16:45:47 - 0:00:00 - Creating gaussian secret
INFO - 04/02/26 16:45:47 - 0:00:00 - Data will be stored in: /home/yu_mcc/PQC_salsa/runs/data_n5q17_h3/ab_gaussian/debug/f9sj77otkg/test.prefix ...
INFO - 04/02/26 16:45:47 - 0:00:00 - Loading data from /home/yu_mcc/PQC_salsa/runs/data_n5q17_h3/ra/debug/jgfpq47vox/data.prefix ... seekpos 0
INFO - 04/02/26 16:45:47 - 0:00:00 - Loaded 10000 matrices from the disk. seekpos 1250647
INFO - 04/02/26 16:45:47 - 0:00:00 -     500 - 30109.43 equations/s - 
INFO - 04/02/26 16:45:48 - 0:00:00 -    1000 - 179332.66 equations/s - 
INFO - 04/02/26 16:45:48 - 0:00:00 -    1500 - 165100.18 equations/s - 
INFO - 04/02/26 16:45:48 - 0:00:00 -    2000 - 164902.85 equations/s - 
INFO - 04/02/26 16:45:48 - 0:00:00 -    2500 - 148855.59 equations/s - 
INFO - 04/02/26 16:45:48 - 0:00:00 -    3000 - 134796.60 equations/s - 
INFO - 04/02/26 16:45:48 - 0:00:00 -    3500 - 110827.90 equations/s - 
INFO - 04/02/26 16:45:48 - 0:00:01 -    4000 - 27990.99 equations/s - 
INFO - 04/02/26 16:45:48 - 0:00:01 -    4500 - 21429.84 equations/s - 
INFO - 04/02/26 16:45:48 - 0:00:01 -    5000 - 18738.11 equations/s - 
INFO - 04/02/26 16:45:49 - 0:00:01 -    5500 - 17370.06 equations/s - 
INFO - 04/02/26 16:45:49 - 0:00:02 -    6000 - 15863.37 equations/s - 
INFO - 04/02/26 16:45:49 - 0:00:02 -    6500 - 14770.74 equations/s - 
INFO - 04/02/26 16:45:50 - 0:00:02 -    7000 - 14101.24 equations/s - 
INFO - 04/02/26 16:45:50 - 0:00:03 -    7500 - 12418.76 equations/s - 
INFO - 04/02/26 16:45:50 - 0:00:03 -    8000 - 12075.58 equations/s - 
INFO - 04/02/26 16:45:51 - 0:00:04 -    8500 - 10837.43 equations/s - 
INFO - 04/02/26 16:45:51 - 0:00:04 -    9000 - 10797.20 equations/s - 
INFO - 04/02/26 16:45:52 - 0:00:05 -    9500 - 10964.71 equations/s - 
INFO - 04/02/26 16:45:52 - 0:00:05 -   10000 - 11101.32 equations/s - 
INFO - 04/02/26 16:45:52 - 0:00:05 - Loading data from /home/yu_mcc/PQC_salsa/runs/data_n5q17_h3/ra/debug/jgfpq47vox/data.prefix ... seekpos 1250647
INFO - 04/02/26 16:45:52 - 0:00:05 - Loaded 0 matrices from the disk. seekpos 1250647
INFO - 04/02/26 16:45:52 - 0:00:05 - ============ End of file ============
INFO - 04/02/26 16:45:52 - 0:00:05 - Saved diff at /home/yu_mcc/PQC_salsa/runs/data_n5q17_h3/ab_gaussian/debug/f9sj77otkg/diff.npy
