INFO - 04/01/26 19:49:48 - 0:00:00 - ============ Initialized logger ============
INFO - 04/01/26 19:49:48 - 0:00:00 - N: 50
                                     Q: 251
                                     algo: BKZ2.0
                                     algo2: BKZ2.0
                                     batch_size: 20
                                     bkz_block_size: 30
                                     bkz_block_size2: 40
                                     command: python generate.py --cpu true --step Ab --reload_data '/home/yu_mcc/PQC_salsa/runs/n50_q251_h3/ra_main' --min_hamming 3 --max_hamming 3 --num_secret_seeds 1 --secret_type ternary --sigma 3 --epoch_size 703 --reload_size 100000 --num_workers 1 --dump_path '/home/yu_mcc/PQC_salsa/runs' --exp_name n50_q251_h3 --exp_id ab_ternary --exp_id "ab_ternary"
                                     correctQ: False
                                     cpu: True
                                     debug: False
                                     debug_slurm: False
                                     dump_path: /home/yu_mcc/PQC_salsa/runs/n50_q251_h3/ab_ternary
                                     env_base_seed: -1
                                     epoch_size: 703
                                     exp_id: ab_ternary
                                     exp_name: n50_q251_h3
                                     float_type: double
                                     gamma: 2
                                     global_rank: 0
                                     is_master: True
                                     is_slurm_job: False
                                     lll_delta: 0.96
                                     lll_delta2: 0.99
                                     lll_penalty: 10
                                     local_rank: 0
                                     lwe: False
                                     m: 50
                                     master_port: -1
                                     max_hamming: 3
                                     max_timeout_count: 10
                                     min_hamming: 3
                                     multi_gpu: False
                                     multi_node: False
                                     n_gpu_per_node: 1
                                     n_nodes: 1
                                     node_id: 0
                                     num_orig_samples: -1
                                     num_secret_seeds: 1
                                     num_workers: 1
                                     orig_A_path: /home/yu_mcc/PQC_salsa/runs/n50_q251_h3/origA_4n/orig_A.npy
                                     reload_data: /home/yu_mcc/PQC_salsa/runs/n50_q251_h3/ra_main
                                     reload_perm: 
                                     reload_size: 100000
                                     resume_path: 
                                     rnorm: 1.0
                                     secret_dir: 
                                     secret_type: ternary
                                     sigma: 3.0
                                     step: Ab
                                     threshold: -1
                                     threshold2: 0.5
                                     timeout: 10
                                     tiny1: False
                                     tiny2: True
                                     use_polish: False
                                     world_size: 1
INFO - 04/01/26 19:49:48 - 0:00:00 - The experiment will be stored in /home/yu_mcc/PQC_salsa/runs/n50_q251_h3/ab_ternary
                                     
INFO - 04/01/26 19:49:48 - 0:00:00 - Running command: python generate.py --cpu true --step Ab --reload_data '/home/yu_mcc/PQC_salsa/runs/n50_q251_h3/ra_main' --min_hamming 3 --max_hamming 3 --num_secret_seeds 1 --secret_type ternary --sigma 3 --epoch_size 703 --reload_size 100000 --num_workers 1 --dump_path '/home/yu_mcc/PQC_salsa/runs' --exp_name n50_q251_h3 --exp_id ab_ternary

INFO - 04/01/26 19:49:48 - 0:00:00 -  Nb CPU: 24 and Nb worker: 1
INFO - 04/01/26 19:49:48 - 0:00:00 - Creating ternary secret
INFO - 04/01/26 19:49:48 - 0:00:00 - Data will be stored in: /home/yu_mcc/PQC_salsa/runs/n50_q251_h3/ab_ternary/test.prefix ...
INFO - 04/01/26 19:49:48 - 0:00:00 - Loading data from /home/yu_mcc/PQC_salsa/runs/n50_q251_h3/ra_main/data.prefix ... seekpos 0
INFO - 04/01/26 19:49:49 - 0:00:01 - Loaded 716 matrices from the disk. seekpos 8837132
INFO - 04/01/26 19:49:49 - 0:00:01 -     500 - 41601.52 equations/s - 
