INFO - 04/01/26 22:17:18 - 0:00:00 - ============ Initialized logger ============
INFO - 04/01/26 22:17:18 - 0:00:00 - N: 10
                                     Q: 17
                                     algo: BKZ2.0
                                     algo2: BKZ2.0
                                     batch_size: 20
                                     bkz_block_size: 30
                                     bkz_block_size2: 40
                                     command: python generate.py --cpu true --step Ab --reload_data '/home/yu_mcc/PQC_salsa/runs/n10_q17_h3/ra_bigdata' --min_hamming 3 --max_hamming 3 --num_secret_seeds 1 --secret_type gaussian --sigma 3 --epoch_size 10000 --reload_size 10000 --num_workers 1 --dump_path '/home/yu_mcc/PQC_salsa/runs' --exp_name n10_q17_h3 --exp_id ab_gaussian_big --exp_id "ab_gaussian_big"
                                     correctQ: False
                                     cpu: True
                                     debug: False
                                     debug_slurm: False
                                     dump_path: /home/yu_mcc/PQC_salsa/runs/n10_q17_h3/ab_gaussian_big
                                     env_base_seed: -1
                                     epoch_size: 10000
                                     exp_id: ab_gaussian_big
                                     exp_name: n10_q17_h3
                                     float_type: double
                                     gamma: 2
                                     global_rank: 0
                                     is_master: True
                                     is_slurm_job: False
                                     lll_delta: 0.96
                                     lll_delta2: 0.99
                                     lll_penalty: 10
                                     local_rank: 0
                                     lwe: False
                                     m: 10
                                     master_port: -1
                                     max_hamming: 3
                                     max_timeout_count: 10
                                     min_hamming: 3
                                     multi_gpu: False
                                     multi_node: False
                                     n_gpu_per_node: 1
                                     n_nodes: 1
                                     node_id: 0
                                     num_orig_samples: -1
                                     num_secret_seeds: 1
                                     num_workers: 1
                                     orig_A_path: /home/yu_mcc/PQC_salsa/runs/n10_q17_h3/origA_4n/orig_A.npy
                                     reload_data: /home/yu_mcc/PQC_salsa/runs/n10_q17_h3/ra_bigdata
                                     reload_perm: 
                                     reload_size: 10000
                                     resume_path: 
                                     rnorm: 1.0
                                     secret_dir: 
                                     secret_type: gaussian
                                     sigma: 3.0
                                     step: Ab
                                     threshold: -1
                                     threshold2: 0.5
                                     timeout: 10
                                     tiny1: False
                                     tiny2: True
                                     use_polish: False
                                     world_size: 1
INFO - 04/01/26 22:17:18 - 0:00:00 - The experiment will be stored in /home/yu_mcc/PQC_salsa/runs/n10_q17_h3/ab_gaussian_big
                                     
INFO - 04/01/26 22:17:18 - 0:00:00 - Running command: python generate.py --cpu true --step Ab --reload_data '/home/yu_mcc/PQC_salsa/runs/n10_q17_h3/ra_bigdata' --min_hamming 3 --max_hamming 3 --num_secret_seeds 1 --secret_type gaussian --sigma 3 --epoch_size 10000 --reload_size 10000 --num_workers 1 --dump_path '/home/yu_mcc/PQC_salsa/runs' --exp_name n10_q17_h3 --exp_id ab_gaussian_big

INFO - 04/01/26 22:17:18 - 0:00:00 -  Nb CPU: 24 and Nb worker: 1
INFO - 04/01/26 22:17:18 - 0:00:00 - Creating gaussian secret
INFO - 04/01/26 22:17:18 - 0:00:00 - Data will be stored in: /home/yu_mcc/PQC_salsa/runs/n10_q17_h3/ab_gaussian_big/test.prefix ...
INFO - 04/01/26 22:17:18 - 0:00:00 - Loading data from /home/yu_mcc/PQC_salsa/runs/n10_q17_h3/ra_bigdata/data.prefix ... seekpos 0
INFO - 04/01/26 22:17:19 - 0:00:00 - Loaded 10000 matrices from the disk. seekpos 4535692
INFO - 04/01/26 22:17:19 - 0:00:00 -     500 - 22926.73 equations/s - 
INFO - 04/01/26 22:17:19 - 0:00:00 -    1000 - 234481.09 equations/s - 
INFO - 04/01/26 22:17:19 - 0:00:01 -    1500 - 237314.93 equations/s - 
INFO - 04/01/26 22:17:19 - 0:00:01 -    2000 - 235139.68 equations/s - 
INFO - 04/01/26 22:17:19 - 0:00:01 -    2500 - 249426.37 equations/s - 
INFO - 04/01/26 22:17:19 - 0:00:01 -    3000 - 220979.64 equations/s - 
INFO - 04/01/26 22:17:19 - 0:00:01 -    3500 - 253941.68 equations/s - 
INFO - 04/01/26 22:17:19 - 0:00:01 -    4000 - 243775.51 equations/s - 
INFO - 04/01/26 22:17:19 - 0:00:01 -    4500 - 246527.99 equations/s - 
INFO - 04/01/26 22:17:19 - 0:00:01 -    5000 - 235422.12 equations/s - 
INFO - 04/01/26 22:17:19 - 0:00:01 -    5500 - 217100.98 equations/s - 
INFO - 04/01/26 22:17:19 - 0:00:01 -    6000 - 215607.76 equations/s - 
INFO - 04/01/26 22:17:19 - 0:00:01 -    6500 - 202072.81 equations/s - 
INFO - 04/01/26 22:17:19 - 0:00:01 -    7000 - 195303.74 equations/s - 
INFO - 04/01/26 22:17:19 - 0:00:01 -    7500 - 185189.61 equations/s - 
INFO - 04/01/26 22:17:20 - 0:00:01 -    8000 - 191169.82 equations/s - 
INFO - 04/01/26 22:17:20 - 0:00:01 -    8500 - 168378.32 equations/s - 
INFO - 04/01/26 22:17:20 - 0:00:01 -    9000 - 175810.20 equations/s - 
INFO - 04/01/26 22:17:20 - 0:00:01 -    9500 - 177672.80 equations/s - 
INFO - 04/01/26 22:17:20 - 0:00:01 -   10000 - 189535.37 equations/s - 
