INFO - 04/07/26 18:27:57 - 0:00:00 - ============ Initialized logger ============
INFO - 04/07/26 18:27:57 - 0:00:00 - N: 70
                                     Q: 127
                                     algo: BKZ2.0
                                     algo2: BKZ2.0
                                     batch_size: 20
                                     bkz_block_size: 30
                                     bkz_block_size2: 40
                                     command: python generate.py --cpu true --step Ab --reload_data '/home/yu_mcc/PQC_salsa/runs/n70_q127_h3_1m/ra_main' --N 70 --Q 127 --m 70 --min_hamming 3 --max_hamming 3 --num_secret_seeds 10 --secret_type binary --sigma 3 --epoch_size 8000 --reload_size 1000000 --num_workers 1 --dump_path '/home/yu_mcc/PQC_salsa/runs' --exp_name n70_q127_h3_1m --exp_id ab_binary_s10 --exp_id "ab_binary_s10"
                                     correctQ: False
                                     cpu: True
                                     debug: False
                                     debug_slurm: False
                                     dump_path: /home/yu_mcc/PQC_salsa/runs/n70_q127_h3_1m/ab_binary_s10
                                     env_base_seed: -1
                                     epoch_size: 8000
                                     exp_id: ab_binary_s10
                                     exp_name: n70_q127_h3_1m
                                     float_type: double
                                     gamma: 2
                                     global_rank: 0
                                     is_master: True
                                     is_slurm_job: False
                                     lll_delta: 0.96
                                     lll_delta2: 0.99
                                     lll_penalty: 10
                                     local_rank: 0
                                     lwe: False
                                     m: 70
                                     master_port: -1
                                     max_hamming: 3
                                     max_timeout_count: 10
                                     min_hamming: 3
                                     multi_gpu: False
                                     multi_node: False
                                     n_gpu_per_node: 1
                                     n_nodes: 1
                                     node_id: 0
                                     num_orig_samples: -1
                                     num_secret_seeds: 10
                                     num_workers: 1
                                     orig_A_path: /home/yu_mcc/PQC_salsa/runs/n70_q127_h3_1m/origA_4n/orig_A.npy
                                     reload_data: /home/yu_mcc/PQC_salsa/runs/n70_q127_h3_1m/ra_main
                                     reload_perm: 
                                     reload_size: 1000000
                                     resume_path: 
                                     rnorm: 1.0
                                     secret_dir: 
                                     secret_type: binary
                                     sigma: 3.0
                                     step: Ab
                                     threshold: -1
                                     threshold2: 0.5
                                     timeout: 10
                                     tiny1: False
                                     tiny2: True
                                     use_polish: False
                                     world_size: 1
INFO - 04/07/26 18:27:57 - 0:00:00 - The experiment will be stored in /home/yu_mcc/PQC_salsa/runs/n70_q127_h3_1m/ab_binary_s10
                                     
INFO - 04/07/26 18:27:57 - 0:00:00 - Running command: python generate.py --cpu true --step Ab --reload_data '/home/yu_mcc/PQC_salsa/runs/n70_q127_h3_1m/ra_main' --N 70 --Q 127 --m 70 --min_hamming 3 --max_hamming 3 --num_secret_seeds 10 --secret_type binary --sigma 3 --epoch_size 8000 --reload_size 1000000 --num_workers 1 --dump_path '/home/yu_mcc/PQC_salsa/runs' --exp_name n70_q127_h3_1m --exp_id ab_binary_s10

INFO - 04/07/26 18:27:57 - 0:00:00 -  Nb CPU: 24 and Nb worker: 1
INFO - 04/07/26 18:27:57 - 0:00:00 - Creating binary secret
INFO - 04/07/26 18:27:57 - 0:00:00 - Data will be stored in: /home/yu_mcc/PQC_salsa/runs/n70_q127_h3_1m/ab_binary_s10/test.prefix ...
INFO - 04/07/26 18:27:57 - 0:00:00 - Loading data from /home/yu_mcc/PQC_salsa/runs/n70_q127_h3_1m/ra_main/data.prefix ... seekpos 0
INFO - 04/07/26 18:28:08 - 0:00:11 - Loaded 8000 matrices from the disk. seekpos 173690149
INFO - 04/07/26 18:28:10 - 0:00:13 -     500 - 5419.00 equations/s - 
INFO - 04/07/26 18:28:15 - 0:00:18 -    1000 - 13317.79 equations/s - 
INFO - 04/07/26 18:28:17 - 0:00:20 -    1500 - 36615.41 equations/s - 
INFO - 04/07/26 18:28:19 - 0:00:23 -    2000 - 28745.51 equations/s - 
INFO - 04/07/26 18:28:22 - 0:00:25 -    2500 - 28245.75 equations/s - 
INFO - 04/07/26 18:28:25 - 0:00:28 -    3000 - 26522.48 equations/s - 
INFO - 04/07/26 18:28:29 - 0:00:32 -    3500 - 16760.33 equations/s - 
INFO - 04/07/26 18:28:32 - 0:00:35 -    4000 - 20673.81 equations/s - 
INFO - 04/07/26 18:28:36 - 0:00:40 -    4500 - 15931.12 equations/s - 
INFO - 04/07/26 18:28:40 - 0:00:43 -    5000 - 18221.76 equations/s - 
INFO - 04/07/26 18:28:44 - 0:00:47 -    5500 - 18431.98 equations/s - 
INFO - 04/07/26 18:28:52 - 0:00:55 -    6000 - 9373.98 equations/s - 
INFO - 04/07/26 18:28:56 - 0:00:59 -    6500 - 17014.18 equations/s - 
INFO - 04/07/26 18:29:00 - 0:01:03 -    7000 - 15659.35 equations/s - 
INFO - 04/07/26 18:29:06 - 0:01:09 -    7500 - 13058.39 equations/s - 
INFO - 04/07/26 18:29:13 - 0:01:16 -    8000 - 9360.36 equations/s - 
