INFO - 04/01/26 21:56:57 - 0:00:00 - ============ Initialized logger ============
INFO - 04/01/26 21:56:57 - 0:00:00 - N: 50
                                     Q: 251
                                     accumulate_gradients: 1
                                     act_ponder_coupling: 0.05
                                     act_threshold: 0.01
                                     add_unred_perc: 0
                                     amp: 2
                                     attention_dropout: 0.0
                                     balanced_base: False
                                     batch_load: False
                                     batch_size: 256
                                     beam_early_stopping: True
                                     beam_eval: True
                                     beam_eval_train: 0
                                     beam_length_penalty: 1
                                     beam_size: 1
                                     clip_grad_norm: 5
                                     command: python train.py --cpu false --reload_data '/home/yu_mcc/PQC_salsa/runs/n50_q251_h3/ab_ternary' --secret_seed 0 --hamming 3 --input_int_base 32 --share_token 1 --dump_path '/home/yu_mcc/PQC_salsa/runs' --exp_name n50_q251_h3 --exp_id train_gpu_ternary --batch_size 256 --epoch_size 60000 --max_epoch 10 --eval_size 4096 --distinguisher_size 512 --enc_emb_dim 256 --dec_emb_dim 256 --n_enc_layers 1 --n_dec_layers 2 --n_enc_heads 4 --n_dec_heads 4 --n_cross_heads 4 --enc_loops 1 --dec_loops 2 --dropout 0 --attention_dropout 0 --optimizer 'adam_warmup,lr=0.0001,warmup_updates=500,warmup_init_lr=0.000001' --num_workers 0 --beam_size 1 --max_output_len 4 --exp_id "train_gpu_ternary"
                                     correctQ: False
                                     cpu: False
                                     data_cols: None
                                     debug: False
                                     debug_slurm: False
                                     dec_act: False
                                     dec_emb_dim: 256
                                     dec_gated: False
                                     dec_loop_idx: 0
                                     dec_loops: 2
                                     dense_cols: None
                                     dim_red: 
                                     distinguisher_size: 512
                                     dropout: 0.0
                                     dump_path: /home/yu_mcc/PQC_salsa/runs/n50_q251_h3/train_gpu_ternary
                                     enc_act: False
                                     enc_emb_dim: 256
                                     enc_gated: False
                                     enc_loop_idx: -1
                                     enc_loops: 1
                                     env_base_seed: 667770622
                                     epoch_size: 60000
                                     eval_data: 
                                     eval_from_exp: 
                                     eval_only: False
                                     eval_size: 4096
                                     eval_verbose: 0
                                     eval_verbose_print: False
                                     exp_id: train_gpu_ternary
                                     exp_name: n50_q251_h3
                                     fp16: True
                                     freeze_embeddings: False
                                     gated: True
                                     gelu_activation: False
                                     global_rank: 0
                                     hamming: 3
                                     input_int_base: 32
                                     is_master: True
                                     is_slurm_job: False
                                     local_rank: 0
                                     master_port: -1
                                     max_epoch: 10
                                     max_output_len: 4
                                     multi_gpu: False
                                     multi_node: False
                                     n_cross_heads: 4
                                     n_dec_heads: 4
                                     n_dec_hidden_layers: 1
                                     n_dec_layers: 2
                                     n_enc_heads: 4
                                     n_enc_hidden_layers: 1
                                     n_enc_layers: 1
                                     n_gpu_per_node: 1
                                     n_nodes: 1
                                     node_id: 0
                                     norm_attention: False
                                     num_reuse_samples: 10000
                                     num_workers: 0
                                     nvidia_apex: False
                                     optimizer: adam_warmup,lr=0.0001,warmup_updates=500,warmup_init_lr=0.000001
                                     output_int_base: 32
                                     reload_checkpoint: 
                                     reload_data: /home/yu_mcc/PQC_salsa/runs/n50_q251_h3/ab_ternary
                                     reload_model: 
                                     reload_size: 10000000
                                     reuse: False
                                     scalar_gate: False
                                     secret: [ 0  0  0  0  0  0  0  0  0  0  0  0  0  0  0  0  0  0  1  0  0  0  0 -1
                                       0  0  0  0  0  0  0  0  0  0  0  0  0  0  0  0 -1  0  0  0  0  0  0  0
                                       0  0]
                                     secret_col: 0
                                     secret_seed: 0
                                     secret_type: ternary
                                     share_inout_emb: True
                                     share_token: 1
                                     shuffle: True
                                     sigma: 3.0
                                     sinusoidal_embeddings: False
                                     stopping_criterion: 
                                     test_path: /home/yu_mcc/PQC_salsa/runs/n50_q251_h3/ab_ternary/test.prefix
                                     times_reused: 10
                                     train_path: /home/yu_mcc/PQC_salsa/runs/n50_q251_h3/ab_ternary/train.prefix
                                     transformermode: old
                                     validation_metrics: 
                                     weighted_loss: False
                                     windows: False
                                     world_size: 1
                                     xav_init: False
INFO - 04/01/26 21:56:57 - 0:00:00 - The experiment will be stored in /home/yu_mcc/PQC_salsa/runs/n50_q251_h3/train_gpu_ternary
                                     
INFO - 04/01/26 21:56:57 - 0:00:00 - Running command: python train.py --cpu false --reload_data '/home/yu_mcc/PQC_salsa/runs/n50_q251_h3/ab_ternary' --secret_seed 0 --hamming 3 --input_int_base 32 --share_token 1 --dump_path '/home/yu_mcc/PQC_salsa/runs' --exp_name n50_q251_h3 --exp_id train_gpu_ternary --batch_size 256 --epoch_size 60000 --max_epoch 10 --eval_size 4096 --distinguisher_size 512 --enc_emb_dim 256 --dec_emb_dim 256 --n_enc_layers 1 --n_dec_layers 2 --n_enc_heads 4 --n_dec_heads 4 --n_cross_heads 4 --enc_loops 1 --dec_loops 2 --dropout 0 --attention_dropout 0 --optimizer 'adam_warmup,lr=0.0001,warmup_updates=500,warmup_init_lr=0.000001' --num_workers 0 --beam_size 1 --max_output_len 4

INFO - 04/01/26 21:56:57 - 0:00:00 - vocabulary: 36 words
INFO - 04/01/26 21:56:57 - 0:00:00 - words: {'<eos>': 0, '<pad>': 1, '<mask>': 2, '+': 3, '0': 4, '1': 5, '10': 6, '11': 7, '12': 8, '13': 9, '14': 10, '15': 11, '16': 12, '17': 13, '18': 14, '19': 15, '2': 16, '20': 17, '21': 18, '22': 19, '23': 20, '24': 21, '25': 22, '26': 23, '27': 24, '28': 25, '29': 26, '3': 27, '30': 28, '31': 29, '4': 30, '5': 31, '6': 32, '7': 33, '8': 34, '9': 35}
DEBUG - 04/01/26 21:56:57 - 0:00:00 - TransformerModel(
                                        (position_embeddings): Embedding(4096, 256)
                                        (embeddings): Embedding(36, 256, padding_idx=1)
                                        (layer_norm_emb): LayerNorm((256,), eps=1e-12, elementwise_affine=True)
                                        (layers): ModuleList(
                                          (0): TransformerLayer(
                                            (self_attention): MultiHeadAttention(
                                              (q_lin): Linear(in_features=256, out_features=256, bias=True)
                                              (k_lin): Linear(in_features=256, out_features=256, bias=True)
                                              (v_lin): Linear(in_features=256, out_features=256, bias=True)
                                              (out_lin): Linear(in_features=256, out_features=256, bias=True)
                                            )
                                            (layer_norm1): LayerNorm((256,), eps=1e-12, elementwise_affine=True)
                                            (ffn): TransformerFFN(
                                              (midlin): ModuleList()
                                              (lin1): Linear(in_features=256, out_features=1024, bias=True)
                                              (lin2): Linear(in_features=1024, out_features=256, bias=True)
                                            )
                                            (layer_norm2): LayerNorm((256,), eps=1e-12, elementwise_affine=True)
                                          )
                                        )
                                      ): TransformerModel(
                                        (position_embeddings): Embedding(4096, 256)
                                        (embeddings): Embedding(36, 256, padding_idx=1)
                                        (layer_norm_emb): LayerNorm((256,), eps=1e-12, elementwise_affine=True)
                                        (layers): ModuleList(
                                          (0): TransformerLayer(
                                            (self_attention): MultiHeadAttention(
                                              (q_lin): Linear(in_features=256, out_features=256, bias=True)
                                              (k_lin): Linear(in_features=256, out_features=256, bias=True)
                                              (v_lin): Linear(in_features=256, out_features=256, bias=True)
                                              (out_lin): Linear(in_features=256, out_features=256, bias=True)
                                            )
                                            (layer_norm1): LayerNorm((256,), eps=1e-12, elementwise_affine=True)
                                            (ffn): TransformerFFN(
                                              (midlin): ModuleList()
                                              (lin1): Linear(in_features=256, out_features=1024, bias=True)
                                              (lin2): Linear(in_features=1024, out_features=256, bias=True)
                                            )
                                            (layer_norm2): LayerNorm((256,), eps=1e-12, elementwise_affine=True)
                                          )
                                        )
                                      )
DEBUG - 04/01/26 21:56:57 - 0:00:00 - TransformerModel(
                                        (position_embeddings): Embedding(4096, 256)
                                        (embeddings): Embedding(36, 256, padding_idx=1)
                                        (layer_norm_emb): LayerNorm((256,), eps=1e-12, elementwise_affine=True)
                                        (layers): ModuleList(
                                          (0): TransformerLayer(
                                            (self_attention): MultiHeadAttention(
                                              (q_lin): Linear(in_features=256, out_features=256, bias=True)
                                              (k_lin): Linear(in_features=256, out_features=256, bias=True)
                                              (v_lin): Linear(in_features=256, out_features=256, bias=True)
                                              (out_lin): Linear(in_features=256, out_features=256, bias=True)
                                            )
                                            (layer_norm1): LayerNorm((256,), eps=1e-12, elementwise_affine=True)
                                            (layer_norm15): LayerNorm((256,), eps=1e-12, elementwise_affine=True)
                                            (cross_attention): MultiHeadAttention(
                                              (q_lin): Linear(in_features=256, out_features=256, bias=True)
                                              (k_lin): Linear(in_features=256, out_features=256, bias=True)
                                              (v_lin): Linear(in_features=256, out_features=256, bias=True)
                                              (out_lin): Linear(in_features=256, out_features=256, bias=True)
                                            )
                                            (ffn): TransformerFFN(
                                              (midlin): ModuleList()
                                              (lin1): Linear(in_features=256, out_features=1024, bias=True)
                                              (lin2): Linear(in_features=1024, out_features=256, bias=True)
                                            )
                                            (layer_norm2): LayerNorm((256,), eps=1e-12, elementwise_affine=True)
                                            (gate): Gate(
                                              (gate1): Linear(in_features=256, out_features=1024, bias=True)
                                              (gate2): Linear(in_features=1024, out_features=256, bias=True)
                                            )
                                          )
                                          (1): TransformerLayer(
                                            (self_attention): MultiHeadAttention(
                                              (q_lin): Linear(in_features=256, out_features=256, bias=True)
                                              (k_lin): Linear(in_features=256, out_features=256, bias=True)
                                              (v_lin): Linear(in_features=256, out_features=256, bias=True)
                                              (out_lin): Linear(in_features=256, out_features=256, bias=True)
                                            )
                                            (layer_norm1): LayerNorm((256,), eps=1e-12, elementwise_affine=True)
                                            (layer_norm15): LayerNorm((256,), eps=1e-12, elementwise_affine=True)
                                            (cross_attention): MultiHeadAttention(
                                              (q_lin): Linear(in_features=256, out_features=256, bias=True)
                                              (k_lin): Linear(in_features=256, out_features=256, bias=True)
                                              (v_lin): Linear(in_features=256, out_features=256, bias=True)
                                              (out_lin): Linear(in_features=256, out_features=256, bias=True)
                                            )
                                            (ffn): TransformerFFN(
                                              (midlin): ModuleList()
                                              (lin1): Linear(in_features=256, out_features=1024, bias=True)
                                              (lin2): Linear(in_features=1024, out_features=256, bias=True)
                                            )
                                            (layer_norm2): LayerNorm((256,), eps=1e-12, elementwise_affine=True)
                                          )
                                        )
                                        (proj): Linear(in_features=256, out_features=36, bias=True)
                                      ): TransformerModel(
                                        (position_embeddings): Embedding(4096, 256)
                                        (embeddings): Embedding(36, 256, padding_idx=1)
                                        (layer_norm_emb): LayerNorm((256,), eps=1e-12, elementwise_affine=True)
                                        (layers): ModuleList(
                                          (0): TransformerLayer(
                                            (self_attention): MultiHeadAttention(
                                              (q_lin): Linear(in_features=256, out_features=256, bias=True)
                                              (k_lin): Linear(in_features=256, out_features=256, bias=True)
                                              (v_lin): Linear(in_features=256, out_features=256, bias=True)
                                              (out_lin): Linear(in_features=256, out_features=256, bias=True)
                                            )
                                            (layer_norm1): LayerNorm((256,), eps=1e-12, elementwise_affine=True)
                                            (layer_norm15): LayerNorm((256,), eps=1e-12, elementwise_affine=True)
                                            (cross_attention): MultiHeadAttention(
                                              (q_lin): Linear(in_features=256, out_features=256, bias=True)
                                              (k_lin): Linear(in_features=256, out_features=256, bias=True)
                                              (v_lin): Linear(in_features=256, out_features=256, bias=True)
                                              (out_lin): Linear(in_features=256, out_features=256, bias=True)
                                            )
                                            (ffn): TransformerFFN(
                                              (midlin): ModuleList()
                                              (lin1): Linear(in_features=256, out_features=1024, bias=True)
                                              (lin2): Linear(in_features=1024, out_features=256, bias=True)
                                            )
                                            (layer_norm2): LayerNorm((256,), eps=1e-12, elementwise_affine=True)
                                            (gate): Gate(
                                              (gate1): Linear(in_features=256, out_features=1024, bias=True)
                                              (gate2): Linear(in_features=1024, out_features=256, bias=True)
                                            )
                                          )
                                          (1): TransformerLayer(
                                            (self_attention): MultiHeadAttention(
                                              (q_lin): Linear(in_features=256, out_features=256, bias=True)
                                              (k_lin): Linear(in_features=256, out_features=256, bias=True)
                                              (v_lin): Linear(in_features=256, out_features=256, bias=True)
                                              (out_lin): Linear(in_features=256, out_features=256, bias=True)
                                            )
                                            (layer_norm1): LayerNorm((256,), eps=1e-12, elementwise_affine=True)
                                            (layer_norm15): LayerNorm((256,), eps=1e-12, elementwise_affine=True)
                                            (cross_attention): MultiHeadAttention(
                                              (q_lin): Linear(in_features=256, out_features=256, bias=True)
                                              (k_lin): Linear(in_features=256, out_features=256, bias=True)
                                              (v_lin): Linear(in_features=256, out_features=256, bias=True)
                                              (out_lin): Linear(in_features=256, out_features=256, bias=True)
                                            )
                                            (ffn): TransformerFFN(
                                              (midlin): ModuleList()
                                              (lin1): Linear(in_features=256, out_features=1024, bias=True)
                                              (lin2): Linear(in_features=1024, out_features=256, bias=True)
                                            )
                                            (layer_norm2): LayerNorm((256,), eps=1e-12, elementwise_affine=True)
                                          )
                                        )
                                        (proj): Linear(in_features=256, out_features=36, bias=True)
                                      )
INFO - 04/01/26 21:56:57 - 0:00:00 - Number of parameters (encoder): 1848064
INFO - 04/01/26 21:56:57 - 0:00:00 - Number of parameters (decoder): 3690788
INFO - 04/01/26 21:56:58 - 0:00:00 - Loading data from /home/yu_mcc/PQC_salsa/runs/n50_q251_h3/ab_ternary/train.prefix ... seekpos 0, basepos 0
INFO - 04/01/26 21:56:58 - 0:00:01 - Loaded 60300 equations from the disk. seekpos 0, nextpos 60300
INFO - 04/01/26 21:56:58 - 0:00:01 - Creating train dataloader...
INFO - 04/01/26 21:56:58 - 0:00:01 - Loading data from /home/yu_mcc/PQC_salsa/runs/n50_q251_h3/ab_ternary/test.prefix ... seekpos 0, basepos 0
INFO - 04/01/26 21:56:58 - 0:00:01 - Loaded 4096 equations from the disk. seekpos 704827, nextpos 4096
INFO - 04/01/26 21:56:58 - 0:00:01 - Creating test dataloader...
INFO - 04/01/26 21:56:58 - 0:00:01 - Found 81 parameters in model.
INFO - 04/01/26 21:56:59 - 0:00:01 - Optimizer: <class 'src.train.optim.AdamWithWarmup'>
INFO - 04/01/26 21:56:59 - 0:00:01 - ============ Starting epoch 0 ... ============
INFO - 04/01/26 21:56:59 - 0:00:01 - Initialized random generator for worker 0, with seed [0, 0, 667770622, 1775048219] (base seed=667770622).
INFO - 04/01/26 21:57:02 - 0:00:05 -      50 - 3614.14 equations/s - 375870.55 words/s - MEM: 0.66 GB - LOSS:  8.7616 || ACC1:  0.0000 || ACC2:  0.0000 - LR: 1.0702e-05
INFO - 04/01/26 21:57:05 - 0:00:08 -     100 - 4433.40 equations/s - 461074.06 words/s - MEM: 0.66 GB - LOSS:  4.4496 || ACC1:  0.0000 || ACC2:  0.5781 - LR: 2.0602e-05
INFO - 04/01/26 21:57:08 - 0:00:11 -     150 - 4501.14 equations/s - 468119.03 words/s - MEM: 0.66 GB - LOSS:  2.2651 || ACC1: 12.0312 || ACC2: 14.8281 - LR: 3.0502e-05
INFO - 04/01/26 21:57:11 - 0:00:13 -     200 - 4698.13 equations/s - 488605.78 words/s - MEM: 0.66 GB - LOSS:  1.9568 || ACC1: 18.5547 || ACC2: 21.1797 - LR: 4.0402e-05
INFO - 04/01/26 21:57:13 - 0:00:15 - ============ End of epoch 0 ============
INFO - 04/01/26 21:57:13 - 0:00:15 - Starting Distinguisher Method
INFO - 04/01/26 21:57:57 - 0:01:00 - Distinguishing 0s using the emd. 
INFO - 04/01/26 21:57:57 - 0:01:00 - Distinguishing +/-1s using the emd. 
INFO - 04/01/26 21:57:57 - 0:01:00 - Real secret: -1: {np.int64(40), np.int64(23)}, 1: {np.int64(18)}
INFO - 04/01/26 21:57:57 - 0:01:00 - Nonzero bits not identified. Guess: [45 43 26]
INFO - 04/01/26 21:57:57 - 0:01:00 - Distinguishing +/-1s using the mean. 
INFO - 04/01/26 21:57:57 - 0:01:00 - Real secret: -1: {np.int64(40), np.int64(23)}, 1: {np.int64(18)}
INFO - 04/01/26 21:57:57 - 0:01:00 - Nonzero bits not identified. Guess: [45 43 26]
INFO - 04/01/26 21:57:57 - 0:01:00 - Distinguishing 0s using the mean. 
INFO - 04/01/26 21:57:57 - 0:01:00 - Distinguishing +/-1s using the emd. 
INFO - 04/01/26 21:57:57 - 0:01:00 - Real secret: -1: {np.int64(40), np.int64(23)}, 1: {np.int64(18)}
INFO - 04/01/26 21:57:57 - 0:01:00 - Nonzero bits not identified. Guess: [24 33  8]
INFO - 04/01/26 21:57:57 - 0:01:00 - Distinguishing +/-1s using the mean. 
INFO - 04/01/26 21:57:57 - 0:01:00 - Real secret: -1: {np.int64(40), np.int64(23)}, 1: {np.int64(18)}
INFO - 04/01/26 21:57:57 - 0:01:00 - Nonzero bits not identified. Guess: [24 33  8]
INFO - 04/01/26 21:57:57 - 0:01:00 - Starting Direct Method
INFO - 04/01/26 21:57:57 - 0:01:00 - Direct:  K=132
INFO - 04/01/26 21:57:57 - 0:01:00 - Direct:  K=168
INFO - 04/01/26 21:57:57 - 0:01:00 - Direct:  K=142
INFO - 04/01/26 21:57:57 - 0:01:00 - Direct:  K=134
INFO - 04/01/26 21:57:57 - 0:01:00 - Direct:  K=153
INFO - 04/01/26 21:57:58 - 0:01:00 - Direct:  K=85
INFO - 04/01/26 21:57:58 - 0:01:00 - Direct:  K=151
INFO - 04/01/26 21:57:58 - 0:01:00 - Direct:  K=117
INFO - 04/01/26 21:57:58 - 0:01:00 - Direct:  K=172
INFO - 04/01/26 21:57:58 - 0:01:01 - Direct:  K=107
INFO - 04/01/26 21:57:58 - 0:01:01 - Direct:  K=90
INFO - 04/01/26 21:57:58 - 0:01:01 - Direct:  K=178
INFO - 04/01/26 21:57:58 - 0:01:01 - Direct:  K=94
INFO - 04/01/26 21:57:58 - 0:01:01 - Direct:  K=180
INFO - 04/01/26 21:57:58 - 0:01:01 - Direct:  K=173
INFO - 04/01/26 21:57:59 - 0:01:01 - Direct: secret not predicted.
INFO - 04/01/26 21:58:00 - 0:01:02 - CA: secret not predicted.
INFO - 04/01/26 21:58:00 - 0:01:02 - CA: secret not predicted.
INFO - 04/01/26 21:58:00 - 0:01:02 - Hybrid: direct, ca
INFO - 04/01/26 21:58:00 - 0:01:02 - direct, ca - Sum Normalized: secret not predicted.
INFO - 04/01/26 21:58:00 - 0:01:02 - direct, ca - Max Normalized: secret not predicted.
INFO - 04/01/26 21:58:00 - 0:01:02 - direct, ca - Sum Rank: secret not predicted.
INFO - 04/01/26 21:58:00 - 0:01:02 - direct, ca - Max Rank: secret not predicted.
INFO - 04/01/26 21:58:00 - 0:01:02 - Hybrid: direct, distinguisher
INFO - 04/01/26 21:58:00 - 0:01:02 - direct, distinguisher - Sum Normalized: secret not predicted.
INFO - 04/01/26 21:58:00 - 0:01:02 - direct, distinguisher - Max Normalized: secret not predicted.
INFO - 04/01/26 21:58:00 - 0:01:02 - direct, distinguisher - Sum Rank: secret not predicted.
INFO - 04/01/26 21:58:00 - 0:01:02 - direct, distinguisher - Max Rank: secret not predicted.
INFO - 04/01/26 21:58:00 - 0:01:02 - Hybrid: ca, distinguisher
INFO - 04/01/26 21:58:00 - 0:01:02 - ca, distinguisher - Sum Normalized: secret not predicted.
INFO - 04/01/26 21:58:00 - 0:01:02 - ca, distinguisher - Max Normalized: secret not predicted.
INFO - 04/01/26 21:58:00 - 0:01:02 - ca, distinguisher - Sum Rank: secret not predicted.
INFO - 04/01/26 21:58:00 - 0:01:02 - ca, distinguisher - Max Rank: secret not predicted.
INFO - 04/01/26 21:58:00 - 0:01:02 - Hybrid: direct, ca, distinguisher
INFO - 04/01/26 21:58:00 - 0:01:02 - direct, ca, distinguisher - Sum Normalized: secret not predicted.
INFO - 04/01/26 21:58:00 - 0:01:02 - direct, ca, distinguisher - Max Normalized: secret not predicted.
INFO - 04/01/26 21:58:00 - 0:01:02 - direct, ca, distinguisher - Sum Rank: secret not predicted.
INFO - 04/01/26 21:58:00 - 0:01:02 - direct, ca, distinguisher - Max Rank: secret not predicted.
INFO - 04/01/26 21:58:00 - 0:01:02 - __log__:{"epoch": 0, "valid_xe_loss": 1.8647104054689407}
INFO - 04/01/26 21:58:00 - 0:01:02 - Saving checkpoint to /home/yu_mcc/PQC_salsa/runs/n50_q251_h3/train_gpu_ternary/checkpoint.pth ...
WARNING - 04/01/26 21:58:00 - 0:01:02 - Saving encoder parameters ...
WARNING - 04/01/26 21:58:00 - 0:01:02 - Saving decoder parameters ...
WARNING - 04/01/26 21:58:00 - 0:01:02 - Saving optimizer ...
INFO - 04/01/26 21:58:00 - 0:01:02 - ============ Starting epoch 1 ... ============
INFO - 04/01/26 21:58:01 - 0:01:03 -     250 -  257.35 equations/s - 26763.90 words/s - MEM: 0.68 GB - LOSS:  1.8747 || ACC1: 17.8359 || ACC2: 20.5547 - LR: 5.0302e-05
INFO - 04/01/26 21:58:03 - 0:01:06 -     300 - 4788.74 equations/s - 498028.87 words/s - MEM: 0.68 GB - LOSS:  1.8505 || ACC1: 18.0000 || ACC2: 21.0859 - LR: 6.0202e-05
INFO - 04/01/26 21:58:06 - 0:01:09 -     350 - 4033.79 equations/s - 419513.94 words/s - MEM: 0.68 GB - LOSS:  1.8460 || ACC1: 17.1641 || ACC2: 19.8203 - LR: 7.0102e-05
INFO - 04/01/26 21:58:09 - 0:01:12 -     400 - 4650.39 equations/s - 483640.59 words/s - MEM: 0.68 GB - LOSS:  1.8397 || ACC1: 17.3203 || ACC2: 19.8516 - LR: 8.0002e-05
INFO - 04/01/26 21:58:12 - 0:01:14 -     450 - 4666.09 equations/s - 485273.17 words/s - MEM: 0.68 GB - LOSS:  1.8360 || ACC1: 17.7812 || ACC2: 20.7344 - LR: 8.9902e-05
INFO - 04/01/26 21:58:13 - 0:01:16 - ============ End of epoch 1 ============
INFO - 04/01/26 21:58:13 - 0:01:16 - Starting Distinguisher Method
INFO - 04/01/26 21:58:56 - 0:01:58 - Distinguishing 0s using the emd. 
INFO - 04/01/26 21:58:56 - 0:01:58 - Distinguishing +/-1s using the emd. 
INFO - 04/01/26 21:58:56 - 0:01:58 - Real secret: -1: {np.int64(40), np.int64(23)}, 1: {np.int64(18)}
INFO - 04/01/26 21:58:56 - 0:01:58 - Nonzero bits not identified. Guess: [47 48 49]
INFO - 04/01/26 21:58:56 - 0:01:58 - Distinguishing +/-1s using the mean. 
INFO - 04/01/26 21:58:56 - 0:01:58 - Real secret: -1: {np.int64(40), np.int64(23)}, 1: {np.int64(18)}
INFO - 04/01/26 21:58:56 - 0:01:58 - Nonzero bits not identified. Guess: [47 48 49]
INFO - 04/01/26 21:58:56 - 0:01:58 - Distinguishing 0s using the mean. 
INFO - 04/01/26 21:58:56 - 0:01:58 - Distinguishing +/-1s using the emd. 
INFO - 04/01/26 21:58:56 - 0:01:58 - Real secret: -1: {np.int64(40), np.int64(23)}, 1: {np.int64(18)}
INFO - 04/01/26 21:58:56 - 0:01:58 - Nonzero bits not identified. Guess: [47 48 49]
INFO - 04/01/26 21:58:56 - 0:01:58 - Distinguishing +/-1s using the mean. 
INFO - 04/01/26 21:58:56 - 0:01:58 - Real secret: -1: {np.int64(40), np.int64(23)}, 1: {np.int64(18)}
INFO - 04/01/26 21:58:56 - 0:01:58 - Nonzero bits not identified. Guess: [47 48 49]
INFO - 04/01/26 21:58:56 - 0:01:58 - Starting Direct Method
INFO - 04/01/26 21:58:56 - 0:01:58 - Direct:  K=130
INFO - 04/01/26 21:58:56 - 0:01:58 - Direct:  K=187
INFO - 04/01/26 21:58:56 - 0:01:59 - Direct:  K=165
INFO - 04/01/26 21:58:56 - 0:01:59 - Direct:  K=130
INFO - 04/01/26 21:58:56 - 0:01:59 - Direct:  K=154
INFO - 04/01/26 21:58:56 - 0:01:59 - Direct:  K=172
INFO - 04/01/26 21:58:56 - 0:01:59 - Direct:  K=149
INFO - 04/01/26 21:58:57 - 0:01:59 - Direct:  K=127
INFO - 04/01/26 21:58:57 - 0:01:59 - Direct:  K=117
INFO - 04/01/26 21:58:57 - 0:01:59 - Direct:  K=70
INFO - 04/01/26 21:58:57 - 0:01:59 - Direct:  K=86
INFO - 04/01/26 21:58:57 - 0:01:59 - Direct:  K=79
INFO - 04/01/26 21:58:57 - 0:02:00 - Direct:  K=185
INFO - 04/01/26 21:58:57 - 0:02:00 - Direct:  K=185
INFO - 04/01/26 21:58:57 - 0:02:00 - Direct:  K=69
INFO - 04/01/26 21:58:57 - 0:02:00 - Direct: secret not predicted.
INFO - 04/01/26 21:58:58 - 0:02:01 - CA: secret not predicted.
INFO - 04/01/26 21:58:58 - 0:02:01 - CA: secret not predicted.
INFO - 04/01/26 21:58:58 - 0:02:01 - Hybrid: direct, ca
INFO - 04/01/26 21:58:58 - 0:02:01 - direct, ca - Sum Normalized: secret not predicted.
INFO - 04/01/26 21:58:58 - 0:02:01 - direct, ca - Max Normalized: secret not predicted.
INFO - 04/01/26 21:58:58 - 0:02:01 - direct, ca - Sum Rank: secret not predicted.
INFO - 04/01/26 21:58:58 - 0:02:01 - direct, ca - Max Rank: secret not predicted.
INFO - 04/01/26 21:58:58 - 0:02:01 - Hybrid: direct, distinguisher
INFO - 04/01/26 21:58:58 - 0:02:01 - Hybrid: ca, distinguisher
INFO - 04/01/26 21:58:58 - 0:02:01 - Hybrid: direct, ca, distinguisher
INFO - 04/01/26 21:58:58 - 0:02:01 - __log__:{"epoch": 1, "valid_xe_loss": 1.83534724265337}
INFO - 04/01/26 21:58:58 - 0:02:01 - Saving checkpoint to /home/yu_mcc/PQC_salsa/runs/n50_q251_h3/train_gpu_ternary/checkpoint.pth ...
WARNING - 04/01/26 21:58:58 - 0:02:01 - Saving encoder parameters ...
WARNING - 04/01/26 21:58:58 - 0:02:01 - Saving decoder parameters ...
WARNING - 04/01/26 21:58:58 - 0:02:01 - Saving optimizer ...
INFO - 04/01/26 21:58:58 - 0:02:01 - ============ Starting epoch 2 ... ============
INFO - 04/01/26 21:59:00 - 0:02:03 -     500 -  265.59 equations/s - 27621.23 words/s - MEM: 0.68 GB - LOSS:  1.8342 || ACC1: 18.0000 || ACC2: 20.7266 - LR: 9.9802e-05
INFO - 04/01/26 21:59:03 - 0:02:05 -     550 - 4653.33 equations/s - 483946.73 words/s - MEM: 0.68 GB - LOSS:  1.8282 || ACC1: 18.9453 || ACC2: 21.6016 - LR: 1.0000e-04
INFO - 04/01/26 21:59:06 - 0:02:08 -     600 - 4455.81 equations/s - 463404.00 words/s - MEM: 0.68 GB - LOSS:  1.8217 || ACC1: 19.7344 || ACC2: 22.4766 - LR: 1.0000e-04
INFO - 04/01/26 21:59:09 - 0:02:11 -     650 - 4501.27 equations/s - 468132.34 words/s - MEM: 0.68 GB - LOSS:  1.8178 || ACC1: 20.6406 || ACC2: 23.2578 - LR: 1.0000e-04
INFO - 04/01/26 21:59:12 - 0:02:14 -     700 - 3905.01 equations/s - 406120.88 words/s - MEM: 0.68 GB - LOSS:  1.8148 || ACC1: 20.9531 || ACC2: 23.9688 - LR: 1.0000e-04
INFO - 04/01/26 21:59:12 - 0:02:15 - ============ End of epoch 2 ============
INFO - 04/01/26 21:59:12 - 0:02:15 - Starting Distinguisher Method
INFO - 04/01/26 21:59:55 - 0:02:58 - Distinguishing 0s using the emd. 
INFO - 04/01/26 21:59:55 - 0:02:58 - Distinguishing +/-1s using the emd. 
INFO - 04/01/26 21:59:55 - 0:02:58 - Real secret: -1: {np.int64(40), np.int64(23)}, 1: {np.int64(18)}
INFO - 04/01/26 21:59:55 - 0:02:58 - Distinguisher Method: all bits in secret have been recovered!
INFO - 04/01/26 21:59:55 - 0:02:58 - Distinguishing +/-1s using the mean. 
INFO - 04/01/26 21:59:55 - 0:02:58 - Real secret: -1: {np.int64(40), np.int64(23)}, 1: {np.int64(18)}
INFO - 04/01/26 21:59:55 - 0:02:58 - Distinguisher Method: all bits in secret have been recovered!
INFO - 04/01/26 21:59:55 - 0:02:58 - Distinguishing 0s using the mean. 
INFO - 04/01/26 21:59:55 - 0:02:58 - Distinguishing +/-1s using the emd. 
INFO - 04/01/26 21:59:55 - 0:02:58 - Real secret: -1: {np.int64(40), np.int64(23)}, 1: {np.int64(18)}
INFO - 04/01/26 21:59:55 - 0:02:58 - Distinguisher Method: all bits in secret have been recovered!
INFO - 04/01/26 21:59:55 - 0:02:58 - Distinguishing +/-1s using the mean. 
INFO - 04/01/26 21:59:55 - 0:02:58 - Real secret: -1: {np.int64(40), np.int64(23)}, 1: {np.int64(18)}
INFO - 04/01/26 21:59:55 - 0:02:58 - Distinguisher Method: all bits in secret have been recovered!
INFO - 04/01/26 21:59:55 - 0:02:58 - Starting Direct Method
INFO - 04/01/26 21:59:55 - 0:02:58 - Direct:  K=149
INFO - 04/01/26 21:59:55 - 0:02:58 - Direct:  K=169
INFO - 04/01/26 21:59:56 - 0:02:58 - Direct:  K=168
INFO - 04/01/26 21:59:56 - 0:02:58 - Direct:  K=167
INFO - 04/01/26 21:59:56 - 0:02:58 - Direct:  K=116
INFO - 04/01/26 21:59:56 - 0:02:58 - Direct:  K=75
INFO - 04/01/26 21:59:56 - 0:02:58 - Direct:  K=114
INFO - 04/01/26 21:59:56 - 0:02:59 - Direct:  K=140
INFO - 04/01/26 21:59:56 - 0:02:59 - Direct:  K=97
INFO - 04/01/26 21:59:56 - 0:02:59 - Direct:  K=132
INFO - 04/01/26 21:59:56 - 0:02:59 - Direct:  K=141
INFO - 04/01/26 21:59:56 - 0:02:59 - Direct:  K=66
INFO - 04/01/26 21:59:56 - 0:02:59 - Direct:  K=186
INFO - 04/01/26 21:59:57 - 0:02:59 - Direct:  K=90
INFO - 04/01/26 21:59:57 - 0:02:59 - Direct:  K=136
INFO - 04/01/26 21:59:57 - 0:02:59 - Direct: secret not predicted.
INFO - 04/01/26 21:59:58 - 0:03:00 - CA: secret not predicted.
INFO - 04/01/26 21:59:58 - 0:03:00 - CA: secret not predicted.
INFO - 04/01/26 21:59:58 - 0:03:00 - Hybrid: direct, ca
INFO - 04/01/26 21:59:58 - 0:03:00 - direct, ca - Sum Normalized: secret not predicted.
INFO - 04/01/26 21:59:58 - 0:03:00 - direct, ca - Max Normalized: secret not predicted.
INFO - 04/01/26 21:59:58 - 0:03:00 - direct, ca - Sum Rank: secret not predicted.
INFO - 04/01/26 21:59:58 - 0:03:00 - direct, ca - Max Rank: secret not predicted.
INFO - 04/01/26 21:59:58 - 0:03:00 - Hybrid: direct, distinguisher
INFO - 04/01/26 21:59:58 - 0:03:00 - direct, distinguisher - Sum Normalized: secret not predicted.
INFO - 04/01/26 21:59:58 - 0:03:00 - direct, distinguisher - Max Normalized: secret not predicted.
INFO - 04/01/26 21:59:58 - 0:03:00 - direct, distinguisher - Sum Rank: secret not predicted.
INFO - 04/01/26 21:59:58 - 0:03:00 - direct, distinguisher - Max Rank: secret not predicted.
INFO - 04/01/26 21:59:58 - 0:03:00 - Hybrid: ca, distinguisher
INFO - 04/01/26 21:59:58 - 0:03:00 - ca, distinguisher - Sum Normalized: secret not predicted.
INFO - 04/01/26 21:59:58 - 0:03:00 - ca, distinguisher - Max Normalized: secret not predicted.
INFO - 04/01/26 21:59:58 - 0:03:00 - ca, distinguisher - Sum Rank: secret not predicted.
INFO - 04/01/26 21:59:58 - 0:03:00 - ca, distinguisher - Max Rank: secret not predicted.
INFO - 04/01/26 21:59:58 - 0:03:00 - Hybrid: direct, ca, distinguisher
INFO - 04/01/26 21:59:58 - 0:03:00 - direct, ca, distinguisher - Sum Normalized: secret not predicted.
INFO - 04/01/26 21:59:58 - 0:03:00 - direct, ca, distinguisher - Max Normalized: secret not predicted.
INFO - 04/01/26 21:59:58 - 0:03:00 - direct, ca, distinguisher - Sum Rank: secret not predicted.
INFO - 04/01/26 21:59:58 - 0:03:00 - direct, ca, distinguisher - Max Rank: secret not predicted.
INFO - 04/01/26 21:59:58 - 0:03:00 - __log__:{"epoch": 2, "valid_xe_loss": 1.8182239159941673}
INFO - 04/01/26 21:59:58 - 0:03:00 - Found secret match - ending experiment.
INFO - 04/01/26 21:59:58 - 0:03:00 - Saving checkpoint to /home/yu_mcc/PQC_salsa/runs/n50_q251_h3/train_gpu_ternary/checkpoint.pth ...
WARNING - 04/01/26 21:59:58 - 0:03:00 - Saving encoder parameters ...
WARNING - 04/01/26 21:59:58 - 0:03:00 - Saving decoder parameters ...
WARNING - 04/01/26 21:59:58 - 0:03:00 - Saving optimizer ...
