INFO - 04/01/26 22:18:43 - 0:00:00 - ============ Initialized logger ============
INFO - 04/01/26 22:18:43 - 0:00:00 - N: 10
                                     Q: 17
                                     accumulate_gradients: 1
                                     act_ponder_coupling: 0.05
                                     act_threshold: 0.01
                                     add_unred_perc: 0
                                     amp: 2
                                     attention_dropout: 0.0
                                     balanced_base: False
                                     batch_load: False
                                     batch_size: 256
                                     beam_early_stopping: True
                                     beam_eval: True
                                     beam_eval_train: 0
                                     beam_length_penalty: 1
                                     beam_size: 1
                                     clip_grad_norm: 5
                                     command: python train.py --cpu false --reload_data '/home/yu_mcc/PQC_salsa/runs/n10_q17_h3/ab_gaussian_big' --secret_seed 0 --hamming 3 --input_int_base 3 --share_token 1 --dump_path '/home/yu_mcc/PQC_salsa/runs' --exp_name n10_q17_h3 --exp_id train_gpu_gaussian_big --batch_size 256 --epoch_size 120000 --max_epoch 10 --eval_size 4096 --distinguisher_size 512 --enc_emb_dim 256 --dec_emb_dim 256 --n_enc_layers 1 --n_dec_layers 2 --n_enc_heads 4 --n_dec_heads 4 --n_cross_heads 4 --enc_loops 1 --dec_loops 2 --dropout 0 --attention_dropout 0 --optimizer 'adam_warmup,lr=0.0001,warmup_updates=200,warmup_init_lr=0.000001' --num_workers 0 --beam_size 1 --max_output_len 4 --exp_id "train_gpu_gaussian_big"
                                     correctQ: False
                                     cpu: False
                                     data_cols: None
                                     debug: False
                                     debug_slurm: False
                                     dec_act: False
                                     dec_emb_dim: 256
                                     dec_gated: False
                                     dec_loop_idx: 0
                                     dec_loops: 2
                                     dense_cols: None
                                     dim_red: 
                                     distinguisher_size: 512
                                     dropout: 0.0
                                     dump_path: /home/yu_mcc/PQC_salsa/runs/n10_q17_h3/train_gpu_gaussian_big
                                     enc_act: False
                                     enc_emb_dim: 256
                                     enc_gated: False
                                     enc_loop_idx: -1
                                     enc_loops: 1
                                     env_base_seed: 102422111
                                     epoch_size: 120000
                                     eval_data: 
                                     eval_from_exp: 
                                     eval_only: False
                                     eval_size: 4096
                                     eval_verbose: 0
                                     eval_verbose_print: False
                                     exp_id: train_gpu_gaussian_big
                                     exp_name: n10_q17_h3
                                     fp16: True
                                     freeze_embeddings: False
                                     gated: True
                                     gelu_activation: False
                                     global_rank: 0
                                     hamming: 3
                                     input_int_base: 3
                                     is_master: True
                                     is_slurm_job: False
                                     local_rank: 0
                                     master_port: -1
                                     max_epoch: 10
                                     max_output_len: 4
                                     multi_gpu: False
                                     multi_node: False
                                     n_cross_heads: 4
                                     n_dec_heads: 4
                                     n_dec_hidden_layers: 1
                                     n_dec_layers: 2
                                     n_enc_heads: 4
                                     n_enc_hidden_layers: 1
                                     n_enc_layers: 1
                                     n_gpu_per_node: 1
                                     n_nodes: 1
                                     node_id: 0
                                     norm_attention: False
                                     num_reuse_samples: 10000
                                     num_workers: 0
                                     nvidia_apex: False
                                     optimizer: adam_warmup,lr=0.0001,warmup_updates=200,warmup_init_lr=0.000001
                                     output_int_base: 3
                                     reload_checkpoint: 
                                     reload_data: /home/yu_mcc/PQC_salsa/runs/n10_q17_h3/ab_gaussian_big
                                     reload_model: 
                                     reload_size: 10000000
                                     reuse: False
                                     scalar_gate: False
                                     secret: [ 0  0  0  0  0  5  0  0 -3  2]
                                     secret_col: 0
                                     secret_seed: 0
                                     secret_type: gaussian
                                     share_inout_emb: True
                                     share_token: 1
                                     shuffle: True
                                     sigma: 3.0
                                     sinusoidal_embeddings: False
                                     stopping_criterion: 
                                     test_path: /home/yu_mcc/PQC_salsa/runs/n10_q17_h3/ab_gaussian_big/test.prefix
                                     times_reused: 10
                                     train_path: /home/yu_mcc/PQC_salsa/runs/n10_q17_h3/ab_gaussian_big/train.prefix
                                     transformermode: old
                                     validation_metrics: 
                                     weighted_loss: False
                                     windows: False
                                     world_size: 1
                                     xav_init: False
INFO - 04/01/26 22:18:43 - 0:00:00 - The experiment will be stored in /home/yu_mcc/PQC_salsa/runs/n10_q17_h3/train_gpu_gaussian_big
                                     
INFO - 04/01/26 22:18:43 - 0:00:00 - Running command: python train.py --cpu false --reload_data '/home/yu_mcc/PQC_salsa/runs/n10_q17_h3/ab_gaussian_big' --secret_seed 0 --hamming 3 --input_int_base 3 --share_token 1 --dump_path '/home/yu_mcc/PQC_salsa/runs' --exp_name n10_q17_h3 --exp_id train_gpu_gaussian_big --batch_size 256 --epoch_size 120000 --max_epoch 10 --eval_size 4096 --distinguisher_size 512 --enc_emb_dim 256 --dec_emb_dim 256 --n_enc_layers 1 --n_dec_layers 2 --n_enc_heads 4 --n_dec_heads 4 --n_cross_heads 4 --enc_loops 1 --dec_loops 2 --dropout 0 --attention_dropout 0 --optimizer 'adam_warmup,lr=0.0001,warmup_updates=200,warmup_init_lr=0.000001' --num_workers 0 --beam_size 1 --max_output_len 4

INFO - 04/01/26 22:18:43 - 0:00:00 - vocabulary: 7 words
INFO - 04/01/26 22:18:43 - 0:00:00 - words: {'<eos>': 0, '<pad>': 1, '<mask>': 2, '+': 3, '0': 4, '1': 5, '2': 6}
DEBUG - 04/01/26 22:18:43 - 0:00:00 - TransformerModel(
                                        (position_embeddings): Embedding(4096, 256)
                                        (embeddings): Embedding(7, 256, padding_idx=1)
                                        (layer_norm_emb): LayerNorm((256,), eps=1e-12, elementwise_affine=True)
                                        (layers): ModuleList(
                                          (0): TransformerLayer(
                                            (self_attention): MultiHeadAttention(
                                              (q_lin): Linear(in_features=256, out_features=256, bias=True)
                                              (k_lin): Linear(in_features=256, out_features=256, bias=True)
                                              (v_lin): Linear(in_features=256, out_features=256, bias=True)
                                              (out_lin): Linear(in_features=256, out_features=256, bias=True)
                                            )
                                            (layer_norm1): LayerNorm((256,), eps=1e-12, elementwise_affine=True)
                                            (ffn): TransformerFFN(
                                              (midlin): ModuleList()
                                              (lin1): Linear(in_features=256, out_features=1024, bias=True)
                                              (lin2): Linear(in_features=1024, out_features=256, bias=True)
                                            )
                                            (layer_norm2): LayerNorm((256,), eps=1e-12, elementwise_affine=True)
                                          )
                                        )
                                      ): TransformerModel(
                                        (position_embeddings): Embedding(4096, 256)
                                        (embeddings): Embedding(7, 256, padding_idx=1)
                                        (layer_norm_emb): LayerNorm((256,), eps=1e-12, elementwise_affine=True)
                                        (layers): ModuleList(
                                          (0): TransformerLayer(
                                            (self_attention): MultiHeadAttention(
                                              (q_lin): Linear(in_features=256, out_features=256, bias=True)
                                              (k_lin): Linear(in_features=256, out_features=256, bias=True)
                                              (v_lin): Linear(in_features=256, out_features=256, bias=True)
                                              (out_lin): Linear(in_features=256, out_features=256, bias=True)
                                            )
                                            (layer_norm1): LayerNorm((256,), eps=1e-12, elementwise_affine=True)
                                            (ffn): TransformerFFN(
                                              (midlin): ModuleList()
                                              (lin1): Linear(in_features=256, out_features=1024, bias=True)
                                              (lin2): Linear(in_features=1024, out_features=256, bias=True)
                                            )
                                            (layer_norm2): LayerNorm((256,), eps=1e-12, elementwise_affine=True)
                                          )
                                        )
                                      )
DEBUG - 04/01/26 22:18:43 - 0:00:00 - TransformerModel(
                                        (position_embeddings): Embedding(4096, 256)
                                        (embeddings): Embedding(7, 256, padding_idx=1)
                                        (layer_norm_emb): LayerNorm((256,), eps=1e-12, elementwise_affine=True)
                                        (layers): ModuleList(
                                          (0): TransformerLayer(
                                            (self_attention): MultiHeadAttention(
                                              (q_lin): Linear(in_features=256, out_features=256, bias=True)
                                              (k_lin): Linear(in_features=256, out_features=256, bias=True)
                                              (v_lin): Linear(in_features=256, out_features=256, bias=True)
                                              (out_lin): Linear(in_features=256, out_features=256, bias=True)
                                            )
                                            (layer_norm1): LayerNorm((256,), eps=1e-12, elementwise_affine=True)
                                            (layer_norm15): LayerNorm((256,), eps=1e-12, elementwise_affine=True)
                                            (cross_attention): MultiHeadAttention(
                                              (q_lin): Linear(in_features=256, out_features=256, bias=True)
                                              (k_lin): Linear(in_features=256, out_features=256, bias=True)
                                              (v_lin): Linear(in_features=256, out_features=256, bias=True)
                                              (out_lin): Linear(in_features=256, out_features=256, bias=True)
                                            )
                                            (ffn): TransformerFFN(
                                              (midlin): ModuleList()
                                              (lin1): Linear(in_features=256, out_features=1024, bias=True)
                                              (lin2): Linear(in_features=1024, out_features=256, bias=True)
                                            )
                                            (layer_norm2): LayerNorm((256,), eps=1e-12, elementwise_affine=True)
                                            (gate): Gate(
                                              (gate1): Linear(in_features=256, out_features=1024, bias=True)
                                              (gate2): Linear(in_features=1024, out_features=256, bias=True)
                                            )
                                          )
                                          (1): TransformerLayer(
                                            (self_attention): MultiHeadAttention(
                                              (q_lin): Linear(in_features=256, out_features=256, bias=True)
                                              (k_lin): Linear(in_features=256, out_features=256, bias=True)
                                              (v_lin): Linear(in_features=256, out_features=256, bias=True)
                                              (out_lin): Linear(in_features=256, out_features=256, bias=True)
                                            )
                                            (layer_norm1): LayerNorm((256,), eps=1e-12, elementwise_affine=True)
                                            (layer_norm15): LayerNorm((256,), eps=1e-12, elementwise_affine=True)
                                            (cross_attention): MultiHeadAttention(
                                              (q_lin): Linear(in_features=256, out_features=256, bias=True)
                                              (k_lin): Linear(in_features=256, out_features=256, bias=True)
                                              (v_lin): Linear(in_features=256, out_features=256, bias=True)
                                              (out_lin): Linear(in_features=256, out_features=256, bias=True)
                                            )
                                            (ffn): TransformerFFN(
                                              (midlin): ModuleList()
                                              (lin1): Linear(in_features=256, out_features=1024, bias=True)
                                              (lin2): Linear(in_features=1024, out_features=256, bias=True)
                                            )
                                            (layer_norm2): LayerNorm((256,), eps=1e-12, elementwise_affine=True)
                                          )
                                        )
                                        (proj): Linear(in_features=256, out_features=7, bias=True)
                                      ): TransformerModel(
                                        (position_embeddings): Embedding(4096, 256)
                                        (embeddings): Embedding(7, 256, padding_idx=1)
                                        (layer_norm_emb): LayerNorm((256,), eps=1e-12, elementwise_affine=True)
                                        (layers): ModuleList(
                                          (0): TransformerLayer(
                                            (self_attention): MultiHeadAttention(
                                              (q_lin): Linear(in_features=256, out_features=256, bias=True)
                                              (k_lin): Linear(in_features=256, out_features=256, bias=True)
                                              (v_lin): Linear(in_features=256, out_features=256, bias=True)
                                              (out_lin): Linear(in_features=256, out_features=256, bias=True)
                                            )
                                            (layer_norm1): LayerNorm((256,), eps=1e-12, elementwise_affine=True)
                                            (layer_norm15): LayerNorm((256,), eps=1e-12, elementwise_affine=True)
                                            (cross_attention): MultiHeadAttention(
                                              (q_lin): Linear(in_features=256, out_features=256, bias=True)
                                              (k_lin): Linear(in_features=256, out_features=256, bias=True)
                                              (v_lin): Linear(in_features=256, out_features=256, bias=True)
                                              (out_lin): Linear(in_features=256, out_features=256, bias=True)
                                            )
                                            (ffn): TransformerFFN(
                                              (midlin): ModuleList()
                                              (lin1): Linear(in_features=256, out_features=1024, bias=True)
                                              (lin2): Linear(in_features=1024, out_features=256, bias=True)
                                            )
                                            (layer_norm2): LayerNorm((256,), eps=1e-12, elementwise_affine=True)
                                            (gate): Gate(
                                              (gate1): Linear(in_features=256, out_features=1024, bias=True)
                                              (gate2): Linear(in_features=1024, out_features=256, bias=True)
                                            )
                                          )
                                          (1): TransformerLayer(
                                            (self_attention): MultiHeadAttention(
                                              (q_lin): Linear(in_features=256, out_features=256, bias=True)
                                              (k_lin): Linear(in_features=256, out_features=256, bias=True)
                                              (v_lin): Linear(in_features=256, out_features=256, bias=True)
                                              (out_lin): Linear(in_features=256, out_features=256, bias=True)
                                            )
                                            (layer_norm1): LayerNorm((256,), eps=1e-12, elementwise_affine=True)
                                            (layer_norm15): LayerNorm((256,), eps=1e-12, elementwise_affine=True)
                                            (cross_attention): MultiHeadAttention(
                                              (q_lin): Linear(in_features=256, out_features=256, bias=True)
                                              (k_lin): Linear(in_features=256, out_features=256, bias=True)
                                              (v_lin): Linear(in_features=256, out_features=256, bias=True)
                                              (out_lin): Linear(in_features=256, out_features=256, bias=True)
                                            )
                                            (ffn): TransformerFFN(
                                              (midlin): ModuleList()
                                              (lin1): Linear(in_features=256, out_features=1024, bias=True)
                                              (lin2): Linear(in_features=1024, out_features=256, bias=True)
                                            )
                                            (layer_norm2): LayerNorm((256,), eps=1e-12, elementwise_affine=True)
                                          )
                                        )
                                        (proj): Linear(in_features=256, out_features=7, bias=True)
                                      )
INFO - 04/01/26 22:18:43 - 0:00:00 - Number of parameters (encoder): 1840640
INFO - 04/01/26 22:18:43 - 0:00:00 - Number of parameters (decoder): 3683335
INFO - 04/01/26 22:18:44 - 0:00:00 - Loading data from /home/yu_mcc/PQC_salsa/runs/n10_q17_h3/ab_gaussian_big/train.prefix ... seekpos 0, basepos 0
INFO - 04/01/26 22:18:44 - 0:00:01 - Loaded 131325 equations from the disk. seekpos 0, nextpos 131325
INFO - 04/01/26 22:18:44 - 0:00:01 - Creating train dataloader...
INFO - 04/01/26 22:18:44 - 0:00:01 - Loading data from /home/yu_mcc/PQC_salsa/runs/n10_q17_h3/ab_gaussian_big/test.prefix ... seekpos 0, basepos 0
INFO - 04/01/26 22:18:44 - 0:00:01 - Loaded 4096 equations from the disk. seekpos 117654, nextpos 4096
INFO - 04/01/26 22:18:44 - 0:00:01 - Creating test dataloader...
INFO - 04/01/26 22:18:44 - 0:00:01 - Found 81 parameters in model.
INFO - 04/01/26 22:18:45 - 0:00:01 - Optimizer: <class 'src.train.optim.AdamWithWarmup'>
INFO - 04/01/26 22:18:45 - 0:00:01 - ============ Starting epoch 0 ... ============
INFO - 04/01/26 22:18:45 - 0:00:01 - Initialized random generator for worker 0, with seed [0, 0, 102422111, 1775049525] (base seed=102422111).
INFO - 04/01/26 22:18:47 - 0:00:04 -      50 - 4368.26 equations/s - 152889.13 words/s - MEM: 0.29 GB - LOSS:  5.7504 || ACC1:  0.0000 || ACC2:  8.9219 - LR: 2.5255e-05
INFO - 04/01/26 22:18:49 - 0:00:06 -     100 - 6490.46 equations/s - 227166.18 words/s - MEM: 0.29 GB - LOSS:  1.0989 || ACC1: 42.9531 || ACC2: 69.3281 - LR: 5.0005e-05
INFO - 04/01/26 22:18:52 - 0:00:08 -     150 - 6165.90 equations/s - 215806.63 words/s - MEM: 0.29 GB - LOSS:  0.7062 || ACC1: 55.8516 || ACC2: 82.9531 - LR: 7.4755e-05
INFO - 04/01/26 22:18:54 - 0:00:11 -     200 - 4985.62 equations/s - 174496.85 words/s - MEM: 0.29 GB - LOSS:  0.6672 || ACC1: 59.1719 || ACC2: 87.3281 - LR: 9.9505e-05
INFO - 04/01/26 22:18:56 - 0:00:13 -     250 - 6044.32 equations/s - 211551.19 words/s - MEM: 0.29 GB - LOSS:  0.5752 || ACC1: 67.9531 || ACC2: 91.8047 - LR: 1.0000e-04
INFO - 04/01/26 22:18:58 - 0:00:15 -     300 - 5952.11 equations/s - 208323.92 words/s - MEM: 0.29 GB - LOSS:  0.4909 || ACC1: 72.2656 || ACC2: 93.0078 - LR: 1.0000e-04
INFO - 04/01/26 22:19:00 - 0:00:17 -     350 - 6478.14 equations/s - 226734.87 words/s - MEM: 0.29 GB - LOSS:  0.4226 || ACC1: 76.9766 || ACC2: 94.4375 - LR: 1.0000e-04
INFO - 04/01/26 22:19:03 - 0:00:19 -     400 - 5913.70 equations/s - 206979.49 words/s - MEM: 0.29 GB - LOSS:  0.3687 || ACC1: 79.8906 || ACC2: 95.7656 - LR: 1.0000e-04
INFO - 04/01/26 22:19:05 - 0:00:21 -     450 - 5874.46 equations/s - 205605.93 words/s - MEM: 0.29 GB - LOSS:  0.3108 || ACC1: 83.4453 || ACC2: 96.7266 - LR: 1.0000e-04
INFO - 04/01/26 22:19:05 - 0:00:22 - ============ End of epoch 0 ============
INFO - 04/01/26 22:19:05 - 0:00:22 - Starting Distinguisher Method
INFO - 04/01/26 22:19:14 - 0:00:31 - Distinguishing 0s using the emd. 
INFO - 04/01/26 22:19:14 - 0:00:31 - Distinguisher Method emd: secret not predicted.
INFO - 04/01/26 22:19:14 - 0:00:31 - Distinguishing 0s using the mean. 
INFO - 04/01/26 22:19:14 - 0:00:31 - Distinguisher Method mean: secret not predicted.
INFO - 04/01/26 22:19:14 - 0:00:31 - Starting Direct Method
INFO - 04/01/26 22:19:14 - 0:00:31 - Direct:  K=9
INFO - 04/01/26 22:19:14 - 0:00:31 - Direct:  K=9
INFO - 04/01/26 22:19:14 - 0:00:31 - Direct:  K=6
INFO - 04/01/26 22:19:14 - 0:00:31 - Direct:  K=5
INFO - 04/01/26 22:19:15 - 0:00:31 - Direct:  K=10
INFO - 04/01/26 22:19:15 - 0:00:31 - Direct:  K=5
INFO - 04/01/26 22:19:15 - 0:00:31 - Direct:  K=7
INFO - 04/01/26 22:19:15 - 0:00:31 - Direct:  K=11
INFO - 04/01/26 22:19:15 - 0:00:31 - Direct:  K=8
INFO - 04/01/26 22:19:15 - 0:00:31 - Direct:  K=4
INFO - 04/01/26 22:19:15 - 0:00:31 - Direct:  K=9
INFO - 04/01/26 22:19:15 - 0:00:31 - Direct:  K=11
INFO - 04/01/26 22:19:15 - 0:00:31 - Direct:  K=4
INFO - 04/01/26 22:19:15 - 0:00:31 - Direct:  K=7
INFO - 04/01/26 22:19:15 - 0:00:31 - Direct:  K=10
INFO - 04/01/26 22:19:15 - 0:00:31 - Direct: secret not predicted.
INFO - 04/01/26 22:19:15 - 0:00:32 - CA: secret not predicted.
INFO - 04/01/26 22:19:15 - 0:00:32 - CA: secret not predicted.
INFO - 04/01/26 22:19:15 - 0:00:32 - Hybrid: direct, ca
INFO - 04/01/26 22:19:15 - 0:00:32 - direct, ca - Sum Normalized: secret not predicted.
INFO - 04/01/26 22:19:15 - 0:00:32 - direct, ca - Max Normalized: secret not predicted.
INFO - 04/01/26 22:19:15 - 0:00:32 - direct, ca - Sum Rank: secret not predicted.
INFO - 04/01/26 22:19:15 - 0:00:32 - direct, ca - Max Rank: secret not predicted.
INFO - 04/01/26 22:19:15 - 0:00:32 - Hybrid: direct, distinguisher
INFO - 04/01/26 22:19:15 - 0:00:32 - Hybrid: ca, distinguisher
INFO - 04/01/26 22:19:15 - 0:00:32 - Hybrid: direct, ca, distinguisher
INFO - 04/01/26 22:19:15 - 0:00:32 - __log__:{"epoch": 0, "valid_xe_loss": 0.46626435592770576}
INFO - 04/01/26 22:19:15 - 0:00:32 - Saving checkpoint to /home/yu_mcc/PQC_salsa/runs/n10_q17_h3/train_gpu_gaussian_big/checkpoint.pth ...
WARNING - 04/01/26 22:19:15 - 0:00:32 - Saving encoder parameters ...
WARNING - 04/01/26 22:19:15 - 0:00:32 - Saving decoder parameters ...
WARNING - 04/01/26 22:19:15 - 0:00:32 - Saving optimizer ...
INFO - 04/01/26 22:19:15 - 0:00:32 - ============ Starting epoch 1 ... ============
INFO - 04/01/26 22:19:17 - 0:00:33 -     500 - 1081.34 equations/s - 37847.00 words/s - MEM: 0.29 GB - LOSS:  0.2610 || ACC1: 86.1250 || ACC2: 97.6797 - LR: 1.0000e-04
INFO - 04/01/26 22:19:19 - 0:00:35 -     550 - 5838.48 equations/s - 204346.88 words/s - MEM: 0.29 GB - LOSS:  0.2171 || ACC1: 88.5234 || ACC2: 98.5156 - LR: 1.0000e-04
INFO - 04/01/26 22:19:21 - 0:00:37 -     600 - 6050.51 equations/s - 211767.79 words/s - MEM: 0.29 GB - LOSS:  0.1812 || ACC1: 90.6484 || ACC2: 99.1719 - LR: 1.0000e-04
INFO - 04/01/26 22:19:23 - 0:00:39 -     650 - 6347.41 equations/s - 222159.43 words/s - MEM: 0.29 GB - LOSS:  0.1447 || ACC1: 91.8828 || ACC2: 99.6328 - LR: 1.0000e-04
INFO - 04/01/26 22:19:25 - 0:00:41 -     700 - 6684.92 equations/s - 233972.36 words/s - MEM: 0.29 GB - LOSS:  0.1098 || ACC1: 93.5000 || ACC2: 99.7188 - LR: 1.0000e-04
INFO - 04/01/26 22:19:27 - 0:00:44 -     750 - 4916.07 equations/s - 172062.37 words/s - MEM: 0.29 GB - LOSS:  0.0797 || ACC1: 95.2891 || ACC2: 99.8984 - LR: 1.0000e-04
INFO - 04/01/26 22:19:29 - 0:00:46 -     800 - 6302.69 equations/s - 220594.26 words/s - MEM: 0.29 GB - LOSS:  0.0657 || ACC1: 95.2734 || ACC2: 99.9609 - LR: 1.0000e-04
INFO - 04/01/26 22:19:32 - 0:00:48 -     850 - 5767.79 equations/s - 201872.63 words/s - MEM: 0.29 GB - LOSS:  0.0417 || ACC1: 97.2578 || ACC2: 99.9922 - LR: 1.0000e-04
INFO - 04/01/26 22:19:34 - 0:00:50 -     900 - 6204.52 equations/s - 217158.33 words/s - MEM: 0.29 GB - LOSS:  0.0293 || ACC1: 98.5234 || ACC2: 100.0000 - LR: 1.0000e-04
INFO - 04/01/26 22:19:35 - 0:00:52 - ============ End of epoch 1 ============
INFO - 04/01/26 22:19:35 - 0:00:52 - Starting Distinguisher Method
INFO - 04/01/26 22:19:44 - 0:01:00 - Distinguishing 0s using the emd. 
INFO - 04/01/26 22:19:44 - 0:01:00 - Distinguisher Method emd: secret not predicted.
INFO - 04/01/26 22:19:44 - 0:01:00 - Distinguishing 0s using the mean. 
INFO - 04/01/26 22:19:44 - 0:01:00 - Distinguisher Method mean: secret not predicted.
INFO - 04/01/26 22:19:44 - 0:01:00 - Starting Direct Method
INFO - 04/01/26 22:19:44 - 0:01:00 - Direct:  K=7
INFO - 04/01/26 22:19:44 - 0:01:00 - Direct:  K=7
INFO - 04/01/26 22:19:44 - 0:01:01 - Direct:  K=5
INFO - 04/01/26 22:19:44 - 0:01:01 - Direct:  K=4
INFO - 04/01/26 22:19:44 - 0:01:01 - Direct:  K=5
INFO - 04/01/26 22:19:44 - 0:01:01 - Direct:  K=4
INFO - 04/01/26 22:19:44 - 0:01:01 - Direct:  K=6
INFO - 04/01/26 22:19:44 - 0:01:01 - Direct:  K=11
INFO - 04/01/26 22:19:44 - 0:01:01 - Direct:  K=10
INFO - 04/01/26 22:19:44 - 0:01:01 - Direct:  K=8
INFO - 04/01/26 22:19:44 - 0:01:01 - Direct:  K=6
INFO - 04/01/26 22:19:44 - 0:01:01 - Direct:  K=7
INFO - 04/01/26 22:19:44 - 0:01:01 - Direct:  K=9
INFO - 04/01/26 22:19:44 - 0:01:01 - Direct:  K=8
INFO - 04/01/26 22:19:44 - 0:01:01 - Direct:  K=6
INFO - 04/01/26 22:19:44 - 0:01:01 - Direct: secret not predicted.
INFO - 04/01/26 22:19:45 - 0:01:01 - CA: secret not predicted.
INFO - 04/01/26 22:19:45 - 0:01:01 - CA: secret not predicted.
INFO - 04/01/26 22:19:45 - 0:01:01 - Hybrid: direct, ca
INFO - 04/01/26 22:19:45 - 0:01:01 - direct, ca - Sum Normalized: secret not predicted.
INFO - 04/01/26 22:19:45 - 0:01:01 - direct, ca - Max Normalized: secret not predicted.
INFO - 04/01/26 22:19:45 - 0:01:01 - direct, ca - Sum Rank: secret not predicted.
INFO - 04/01/26 22:19:45 - 0:01:01 - direct, ca - Max Rank: secret not predicted.
INFO - 04/01/26 22:19:45 - 0:01:01 - Hybrid: direct, distinguisher
INFO - 04/01/26 22:19:45 - 0:01:01 - Hybrid: ca, distinguisher
INFO - 04/01/26 22:19:45 - 0:01:01 - Hybrid: direct, ca, distinguisher
INFO - 04/01/26 22:19:45 - 0:01:01 - __log__:{"epoch": 1, "valid_xe_loss": 0.9227471724152565}
INFO - 04/01/26 22:19:45 - 0:01:01 - Saving checkpoint to /home/yu_mcc/PQC_salsa/runs/n10_q17_h3/train_gpu_gaussian_big/checkpoint.pth ...
WARNING - 04/01/26 22:19:45 - 0:01:01 - Saving encoder parameters ...
WARNING - 04/01/26 22:19:45 - 0:01:01 - Saving decoder parameters ...
WARNING - 04/01/26 22:19:45 - 0:01:01 - Saving optimizer ...
INFO - 04/01/26 22:19:45 - 0:01:02 - ============ Starting epoch 2 ... ============
INFO - 04/01/26 22:19:45 - 0:01:02 -     950 - 1083.99 equations/s - 37939.75 words/s - MEM: 0.29 GB - LOSS:  0.0177 || ACC1: 98.9766 || ACC2: 100.0000 - LR: 1.0000e-04
INFO - 04/01/26 22:19:48 - 0:01:04 -    1000 - 6313.41 equations/s - 220969.22 words/s - MEM: 0.29 GB - LOSS:  0.0067 || ACC1: 99.6953 || ACC2: 100.0000 - LR: 1.0000e-04
INFO - 04/01/26 22:19:49 - 0:01:06 -    1050 - 6806.31 equations/s - 238220.91 words/s - MEM: 0.29 GB - LOSS:  0.0027 || ACC1: 100.0000 || ACC2: 100.0000 - LR: 1.0000e-04
INFO - 04/01/26 22:19:51 - 0:01:08 -    1100 - 6767.70 equations/s - 236869.36 words/s - MEM: 0.29 GB - LOSS:  0.0015 || ACC1: 99.9922 || ACC2: 100.0000 - LR: 1.0000e-04
INFO - 04/01/26 22:19:53 - 0:01:10 -    1150 - 6575.74 equations/s - 230150.96 words/s - MEM: 0.29 GB - LOSS:  0.0010 || ACC1: 100.0000 || ACC2: 100.0000 - LR: 1.0000e-04
INFO - 04/01/26 22:19:55 - 0:01:12 -    1200 - 6613.19 equations/s - 231461.70 words/s - MEM: 0.29 GB - LOSS:  0.0008 || ACC1: 100.0000 || ACC2: 100.0000 - LR: 1.0000e-04
INFO - 04/01/26 22:19:57 - 0:01:14 -    1250 - 6364.94 equations/s - 222772.79 words/s - MEM: 0.29 GB - LOSS:  0.0007 || ACC1: 100.0000 || ACC2: 100.0000 - LR: 1.0000e-04
INFO - 04/01/26 22:20:00 - 0:01:16 -    1300 - 5013.43 equations/s - 175469.93 words/s - MEM: 0.29 GB - LOSS:  0.0006 || ACC1: 100.0000 || ACC2: 100.0000 - LR: 1.0000e-04
INFO - 04/01/26 22:20:02 - 0:01:18 -    1350 - 6626.70 equations/s - 231934.64 words/s - MEM: 0.29 GB - LOSS:  0.0005 || ACC1: 100.0000 || ACC2: 100.0000 - LR: 1.0000e-04
INFO - 04/01/26 22:20:04 - 0:01:20 -    1400 - 6605.38 equations/s - 231188.28 words/s - MEM: 0.29 GB - LOSS:  0.0004 || ACC1: 100.0000 || ACC2: 100.0000 - LR: 1.0000e-04
INFO - 04/01/26 22:20:04 - 0:01:20 - ============ End of epoch 2 ============
INFO - 04/01/26 22:20:04 - 0:01:20 - Starting Distinguisher Method
INFO - 04/01/26 22:20:13 - 0:01:29 - Distinguishing 0s using the emd. 
INFO - 04/01/26 22:20:13 - 0:01:29 - Distinguisher Method emd: secret not predicted.
INFO - 04/01/26 22:20:13 - 0:01:29 - Distinguishing 0s using the mean. 
INFO - 04/01/26 22:20:13 - 0:01:29 - Distinguisher Method mean: secret not predicted.
INFO - 04/01/26 22:20:13 - 0:01:29 - Starting Direct Method
INFO - 04/01/26 22:20:13 - 0:01:29 - Direct:  K=10
INFO - 04/01/26 22:20:13 - 0:01:29 - Direct:  K=11
INFO - 04/01/26 22:20:13 - 0:01:29 - Direct:  K=5
INFO - 04/01/26 22:20:13 - 0:01:29 - Direct:  K=5
INFO - 04/01/26 22:20:13 - 0:01:29 - Direct:  K=8
INFO - 04/01/26 22:20:13 - 0:01:29 - Direct:  K=4
INFO - 04/01/26 22:20:13 - 0:01:29 - Direct:  K=10
INFO - 04/01/26 22:20:13 - 0:01:29 - Direct:  K=6
INFO - 04/01/26 22:20:13 - 0:01:29 - Direct:  K=7
INFO - 04/01/26 22:20:13 - 0:01:29 - Direct:  K=10
INFO - 04/01/26 22:20:13 - 0:01:30 - Direct:  K=11
INFO - 04/01/26 22:20:13 - 0:01:30 - Direct:  K=9
INFO - 04/01/26 22:20:13 - 0:01:30 - Direct:  K=9
INFO - 04/01/26 22:20:13 - 0:01:30 - Direct:  K=7
INFO - 04/01/26 22:20:13 - 0:01:30 - Direct:  K=6
INFO - 04/01/26 22:20:13 - 0:01:30 - Direct: secret not predicted.
INFO - 04/01/26 22:20:14 - 0:01:30 - CA: secret not predicted.
INFO - 04/01/26 22:20:14 - 0:01:30 - CA: secret not predicted.
INFO - 04/01/26 22:20:14 - 0:01:30 - Hybrid: direct, ca
INFO - 04/01/26 22:20:14 - 0:01:30 - direct, ca - Sum Normalized: secret not predicted.
INFO - 04/01/26 22:20:14 - 0:01:30 - direct, ca - Max Normalized: secret not predicted.
INFO - 04/01/26 22:20:14 - 0:01:30 - direct, ca - Sum Rank: secret not predicted.
INFO - 04/01/26 22:20:14 - 0:01:30 - direct, ca - Max Rank: secret not predicted.
INFO - 04/01/26 22:20:14 - 0:01:30 - Hybrid: direct, distinguisher
INFO - 04/01/26 22:20:14 - 0:01:30 - Hybrid: ca, distinguisher
INFO - 04/01/26 22:20:14 - 0:01:30 - Hybrid: direct, ca, distinguisher
INFO - 04/01/26 22:20:14 - 0:01:30 - __log__:{"epoch": 2, "valid_xe_loss": 1.2274424508213997}
INFO - 04/01/26 22:20:14 - 0:01:30 - Saving checkpoint to /home/yu_mcc/PQC_salsa/runs/n10_q17_h3/train_gpu_gaussian_big/checkpoint.pth ...
WARNING - 04/01/26 22:20:14 - 0:01:30 - Saving encoder parameters ...
WARNING - 04/01/26 22:20:14 - 0:01:30 - Saving decoder parameters ...
WARNING - 04/01/26 22:20:14 - 0:01:30 - Saving optimizer ...
INFO - 04/01/26 22:20:14 - 0:01:30 - ============ Starting epoch 3 ... ============
INFO - 04/01/26 22:20:15 - 0:01:32 -    1450 - 1095.40 equations/s - 38339.15 words/s - MEM: 0.29 GB - LOSS:  0.0004 || ACC1: 100.0000 || ACC2: 100.0000 - LR: 1.0000e-04
INFO - 04/01/26 22:20:17 - 0:01:34 -    1500 - 6247.23 equations/s - 218652.96 words/s - MEM: 0.29 GB - LOSS:  0.0003 || ACC1: 100.0000 || ACC2: 100.0000 - LR: 1.0000e-04
INFO - 04/01/26 22:20:19 - 0:01:36 -    1550 - 6650.27 equations/s - 232759.45 words/s - MEM: 0.29 GB - LOSS:  0.0003 || ACC1: 100.0000 || ACC2: 100.0000 - LR: 1.0000e-04
INFO - 04/01/26 22:20:21 - 0:01:38 -    1600 - 6677.05 equations/s - 233696.88 words/s - MEM: 0.29 GB - LOSS:  0.0002 || ACC1: 100.0000 || ACC2: 100.0000 - LR: 1.0000e-04
INFO - 04/01/26 22:20:23 - 0:01:40 -    1650 - 6617.72 equations/s - 231620.13 words/s - MEM: 0.29 GB - LOSS:  0.0002 || ACC1: 100.0000 || ACC2: 100.0000 - LR: 1.0000e-04
INFO - 04/01/26 22:20:25 - 0:01:42 -    1700 - 6781.08 equations/s - 237337.77 words/s - MEM: 0.29 GB - LOSS:  0.0002 || ACC1: 100.0000 || ACC2: 100.0000 - LR: 1.0000e-04
INFO - 04/01/26 22:20:27 - 0:01:44 -    1750 - 6388.14 equations/s - 223584.95 words/s - MEM: 0.29 GB - LOSS:  0.0002 || ACC1: 100.0000 || ACC2: 100.0000 - LR: 1.0000e-04
INFO - 04/01/26 22:20:29 - 0:01:45 -    1800 - 6608.50 equations/s - 231297.56 words/s - MEM: 0.29 GB - LOSS:  0.0002 || ACC1: 100.0000 || ACC2: 100.0000 - LR: 1.0000e-04
INFO - 04/01/26 22:20:31 - 0:01:47 -    1850 - 6670.96 equations/s - 233483.54 words/s - MEM: 0.29 GB - LOSS:  0.0001 || ACC1: 100.0000 || ACC2: 100.0000 - LR: 1.0000e-04
INFO - 04/01/26 22:20:32 - 0:01:49 - ============ End of epoch 3 ============
INFO - 04/01/26 22:20:32 - 0:01:49 - Starting Distinguisher Method
INFO - 04/01/26 22:20:41 - 0:01:58 - Distinguishing 0s using the emd. 
INFO - 04/01/26 22:20:41 - 0:01:58 - Distinguisher Method emd: secret not predicted.
INFO - 04/01/26 22:20:41 - 0:01:58 - Distinguishing 0s using the mean. 
INFO - 04/01/26 22:20:41 - 0:01:58 - Distinguisher Method mean: secret not predicted.
INFO - 04/01/26 22:20:41 - 0:01:58 - Starting Direct Method
INFO - 04/01/26 22:20:41 - 0:01:58 - Direct:  K=10
INFO - 04/01/26 22:20:41 - 0:01:58 - Direct:  K=7
INFO - 04/01/26 22:20:41 - 0:01:58 - Direct:  K=9
INFO - 04/01/26 22:20:41 - 0:01:58 - Direct:  K=7
INFO - 04/01/26 22:20:41 - 0:01:58 - Direct:  K=4
INFO - 04/01/26 22:20:41 - 0:01:58 - Direct:  K=9
INFO - 04/01/26 22:20:41 - 0:01:58 - Direct:  K=11
INFO - 04/01/26 22:20:41 - 0:01:58 - Direct:  K=11
INFO - 04/01/26 22:20:41 - 0:01:58 - Direct:  K=9
INFO - 04/01/26 22:20:41 - 0:01:58 - Direct:  K=10
INFO - 04/01/26 22:20:41 - 0:01:58 - Direct:  K=9
INFO - 04/01/26 22:20:41 - 0:01:58 - Direct:  K=7
INFO - 04/01/26 22:20:41 - 0:01:58 - Direct:  K=9
INFO - 04/01/26 22:20:41 - 0:01:58 - Direct:  K=4
INFO - 04/01/26 22:20:41 - 0:01:58 - Direct:  K=7
INFO - 04/01/26 22:20:41 - 0:01:58 - Direct: secret not predicted.
INFO - 04/01/26 22:20:42 - 0:01:58 - CA: secret not predicted.
INFO - 04/01/26 22:20:42 - 0:01:58 - CA: secret not predicted.
INFO - 04/01/26 22:20:42 - 0:01:58 - Hybrid: direct, ca
INFO - 04/01/26 22:20:42 - 0:01:58 - direct, ca - Sum Normalized: secret not predicted.
INFO - 04/01/26 22:20:42 - 0:01:58 - direct, ca - Max Normalized: secret not predicted.
INFO - 04/01/26 22:20:42 - 0:01:58 - direct, ca - Sum Rank: secret not predicted.
INFO - 04/01/26 22:20:42 - 0:01:58 - direct, ca - Max Rank: secret not predicted.
INFO - 04/01/26 22:20:42 - 0:01:58 - Hybrid: direct, distinguisher
INFO - 04/01/26 22:20:42 - 0:01:58 - Hybrid: ca, distinguisher
INFO - 04/01/26 22:20:42 - 0:01:58 - Hybrid: direct, ca, distinguisher
INFO - 04/01/26 22:20:42 - 0:01:58 - __log__:{"epoch": 3, "valid_xe_loss": 1.3690051138401031}
INFO - 04/01/26 22:20:42 - 0:01:58 - Saving checkpoint to /home/yu_mcc/PQC_salsa/runs/n10_q17_h3/train_gpu_gaussian_big/checkpoint.pth ...
WARNING - 04/01/26 22:20:42 - 0:01:58 - Saving encoder parameters ...
WARNING - 04/01/26 22:20:42 - 0:01:58 - Saving decoder parameters ...
WARNING - 04/01/26 22:20:42 - 0:01:58 - Saving optimizer ...
INFO - 04/01/26 22:20:42 - 0:01:58 - ============ Starting epoch 4 ... ============
INFO - 04/01/26 22:20:43 - 0:01:59 -    1900 - 1070.01 equations/s - 37450.33 words/s - MEM: 0.29 GB - LOSS:  0.0001 || ACC1: 100.0000 || ACC2: 100.0000 - LR: 1.0000e-04
INFO - 04/01/26 22:20:45 - 0:02:01 -    1950 - 6650.76 equations/s - 232776.49 words/s - MEM: 0.29 GB - LOSS:  0.0001 || ACC1: 100.0000 || ACC2: 100.0000 - LR: 1.0000e-04
INFO - 04/01/26 22:20:47 - 0:02:03 -    2000 - 6310.98 equations/s - 220884.23 words/s - MEM: 0.29 GB - LOSS:  0.0001 || ACC1: 100.0000 || ACC2: 100.0000 - LR: 1.0000e-04
INFO - 04/01/26 22:20:49 - 0:02:05 -    2050 - 6244.98 equations/s - 218574.34 words/s - MEM: 0.29 GB - LOSS:  0.0001 || ACC1: 100.0000 || ACC2: 100.0000 - LR: 1.0000e-04
INFO - 04/01/26 22:20:51 - 0:02:07 -    2100 - 6614.12 equations/s - 231494.26 words/s - MEM: 0.29 GB - LOSS:  0.0001 || ACC1: 100.0000 || ACC2: 100.0000 - LR: 1.0000e-04
INFO - 04/01/26 22:20:53 - 0:02:09 -    2150 - 6535.93 equations/s - 228757.72 words/s - MEM: 0.29 GB - LOSS:  0.0001 || ACC1: 100.0000 || ACC2: 100.0000 - LR: 1.0000e-04
INFO - 04/01/26 22:20:55 - 0:02:11 -    2200 - 6363.02 equations/s - 222705.65 words/s - MEM: 0.29 GB - LOSS:  0.0001 || ACC1: 100.0000 || ACC2: 100.0000 - LR: 1.0000e-04
INFO - 04/01/26 22:20:57 - 0:02:13 -    2250 - 6373.44 equations/s - 223070.50 words/s - MEM: 0.29 GB - LOSS:  0.0001 || ACC1: 100.0000 || ACC2: 100.0000 - LR: 1.0000e-04
INFO - 04/01/26 22:20:59 - 0:02:15 -    2300 - 6543.87 equations/s - 229035.52 words/s - MEM: 0.29 GB - LOSS:  0.0001 || ACC1: 100.0000 || ACC2: 100.0000 - LR: 1.0000e-04
INFO - 04/01/26 22:21:01 - 0:02:17 - ============ End of epoch 4 ============
INFO - 04/01/26 22:21:01 - 0:02:17 - Starting Distinguisher Method
INFO - 04/01/26 22:21:10 - 0:02:27 - Distinguishing 0s using the emd. 
INFO - 04/01/26 22:21:10 - 0:02:27 - Distinguisher Method emd: secret not predicted.
INFO - 04/01/26 22:21:10 - 0:02:27 - Distinguishing 0s using the mean. 
INFO - 04/01/26 22:21:10 - 0:02:27 - Distinguisher Method mean: secret not predicted.
INFO - 04/01/26 22:21:10 - 0:02:27 - Starting Direct Method
INFO - 04/01/26 22:21:10 - 0:02:27 - Direct:  K=11
INFO - 04/01/26 22:21:10 - 0:02:27 - Direct:  K=9
INFO - 04/01/26 22:21:10 - 0:02:27 - Direct:  K=6
INFO - 04/01/26 22:21:10 - 0:02:27 - Direct:  K=6
INFO - 04/01/26 22:21:10 - 0:02:27 - Direct:  K=5
INFO - 04/01/26 22:21:10 - 0:02:27 - Direct:  K=7
INFO - 04/01/26 22:21:10 - 0:02:27 - Direct:  K=4
INFO - 04/01/26 22:21:10 - 0:02:27 - Direct:  K=11
INFO - 04/01/26 22:21:10 - 0:02:27 - Direct:  K=4
INFO - 04/01/26 22:21:10 - 0:02:27 - Direct:  K=8
INFO - 04/01/26 22:21:10 - 0:02:27 - Direct:  K=4
INFO - 04/01/26 22:21:10 - 0:02:27 - Direct:  K=4
INFO - 04/01/26 22:21:10 - 0:02:27 - Direct:  K=4
INFO - 04/01/26 22:21:10 - 0:02:27 - Direct:  K=9
INFO - 04/01/26 22:21:10 - 0:02:27 - Direct:  K=6
INFO - 04/01/26 22:21:10 - 0:02:27 - Direct: secret not predicted.
INFO - 04/01/26 22:21:11 - 0:02:27 - CA: secret not predicted.
INFO - 04/01/26 22:21:11 - 0:02:27 - CA: secret not predicted.
INFO - 04/01/26 22:21:11 - 0:02:27 - Hybrid: direct, ca
INFO - 04/01/26 22:21:11 - 0:02:27 - direct, ca - Sum Normalized: secret not predicted.
INFO - 04/01/26 22:21:11 - 0:02:27 - direct, ca - Max Normalized: secret not predicted.
INFO - 04/01/26 22:21:11 - 0:02:27 - direct, ca - Sum Rank: secret not predicted.
INFO - 04/01/26 22:21:11 - 0:02:27 - direct, ca - Max Rank: secret not predicted.
INFO - 04/01/26 22:21:11 - 0:02:27 - Hybrid: direct, distinguisher
INFO - 04/01/26 22:21:11 - 0:02:27 - Hybrid: ca, distinguisher
INFO - 04/01/26 22:21:11 - 0:02:27 - Hybrid: direct, ca, distinguisher
INFO - 04/01/26 22:21:11 - 0:02:27 - __log__:{"epoch": 4, "valid_xe_loss": 1.4436065703630447}
INFO - 04/01/26 22:21:11 - 0:02:27 - Saving checkpoint to /home/yu_mcc/PQC_salsa/runs/n10_q17_h3/train_gpu_gaussian_big/checkpoint.pth ...
WARNING - 04/01/26 22:21:11 - 0:02:27 - Saving encoder parameters ...
WARNING - 04/01/26 22:21:11 - 0:02:27 - Saving decoder parameters ...
WARNING - 04/01/26 22:21:11 - 0:02:27 - Saving optimizer ...
INFO - 04/01/26 22:21:11 - 0:02:27 - ============ Starting epoch 5 ... ============
INFO - 04/01/26 22:21:11 - 0:02:28 -    2350 - 1031.76 equations/s - 36111.68 words/s - MEM: 0.29 GB - LOSS:  0.0001 || ACC1: 100.0000 || ACC2: 100.0000 - LR: 1.0000e-04
INFO - 04/01/26 22:21:13 - 0:02:30 -    2400 - 6513.63 equations/s - 227977.22 words/s - MEM: 0.29 GB - LOSS:  0.0001 || ACC1: 100.0000 || ACC2: 100.0000 - LR: 1.0000e-04
INFO - 04/01/26 22:21:15 - 0:02:32 -    2450 - 6710.91 equations/s - 234882.02 words/s - MEM: 0.29 GB - LOSS:  0.0001 || ACC1: 100.0000 || ACC2: 100.0000 - LR: 1.0000e-04
INFO - 04/01/26 22:21:17 - 0:02:33 -    2500 - 6630.43 equations/s - 232065.09 words/s - MEM: 0.29 GB - LOSS:  0.0001 || ACC1: 100.0000 || ACC2: 100.0000 - LR: 1.0000e-04
INFO - 04/01/26 22:21:19 - 0:02:36 -    2550 - 6052.54 equations/s - 211839.00 words/s - MEM: 0.29 GB - LOSS:  0.0001 || ACC1: 100.0000 || ACC2: 100.0000 - LR: 1.0000e-04
INFO - 04/01/26 22:21:21 - 0:02:38 -    2600 - 6461.37 equations/s - 226148.09 words/s - MEM: 0.29 GB - LOSS:  0.0001 || ACC1: 100.0000 || ACC2: 100.0000 - LR: 1.0000e-04
INFO - 04/01/26 22:21:23 - 0:02:39 -    2650 - 6908.66 equations/s - 241803.09 words/s - MEM: 0.29 GB - LOSS:  0.0000 || ACC1: 100.0000 || ACC2: 100.0000 - LR: 1.0000e-04
INFO - 04/01/26 22:21:25 - 0:02:41 -    2700 - 6391.48 equations/s - 223701.97 words/s - MEM: 0.29 GB - LOSS:  0.0000 || ACC1: 100.0000 || ACC2: 100.0000 - LR: 1.0000e-04
INFO - 04/01/26 22:21:27 - 0:02:43 -    2750 - 6330.55 equations/s - 221569.25 words/s - MEM: 0.29 GB - LOSS:  0.0000 || ACC1: 100.0000 || ACC2: 100.0000 - LR: 1.0000e-04
INFO - 04/01/26 22:21:29 - 0:02:45 -    2800 - 6498.01 equations/s - 227430.40 words/s - MEM: 0.29 GB - LOSS:  0.0000 || ACC1: 100.0000 || ACC2: 100.0000 - LR: 1.0000e-04
INFO - 04/01/26 22:21:29 - 0:02:46 - ============ End of epoch 5 ============
INFO - 04/01/26 22:21:29 - 0:02:46 - Starting Distinguisher Method
INFO - 04/01/26 22:21:38 - 0:02:55 - Distinguishing 0s using the emd. 
INFO - 04/01/26 22:21:38 - 0:02:55 - Distinguisher Method emd: secret not predicted.
INFO - 04/01/26 22:21:38 - 0:02:55 - Distinguishing 0s using the mean. 
INFO - 04/01/26 22:21:38 - 0:02:55 - Distinguisher Method mean: secret not predicted.
INFO - 04/01/26 22:21:38 - 0:02:55 - Starting Direct Method
INFO - 04/01/26 22:21:38 - 0:02:55 - Direct:  K=5
INFO - 04/01/26 22:21:39 - 0:02:55 - Direct:  K=6
INFO - 04/01/26 22:21:39 - 0:02:55 - Direct:  K=5
INFO - 04/01/26 22:21:39 - 0:02:55 - Direct:  K=7
INFO - 04/01/26 22:21:39 - 0:02:55 - Direct:  K=10
INFO - 04/01/26 22:21:39 - 0:02:55 - Direct:  K=8
INFO - 04/01/26 22:21:39 - 0:02:55 - Direct:  K=6
INFO - 04/01/26 22:21:39 - 0:02:55 - Direct:  K=11
INFO - 04/01/26 22:21:39 - 0:02:55 - Direct:  K=5
INFO - 04/01/26 22:21:39 - 0:02:55 - Direct:  K=4
INFO - 04/01/26 22:21:39 - 0:02:55 - Direct:  K=11
INFO - 04/01/26 22:21:39 - 0:02:56 - Direct:  K=7
INFO - 04/01/26 22:21:39 - 0:02:56 - Direct:  K=10
INFO - 04/01/26 22:21:39 - 0:02:56 - Direct:  K=4
INFO - 04/01/26 22:21:39 - 0:02:56 - Direct:  K=10
INFO - 04/01/26 22:21:39 - 0:02:56 - Direct: secret not predicted.
INFO - 04/01/26 22:21:40 - 0:02:56 - CA: secret not predicted.
INFO - 04/01/26 22:21:40 - 0:02:56 - CA: secret not predicted.
INFO - 04/01/26 22:21:40 - 0:02:56 - Hybrid: direct, ca
INFO - 04/01/26 22:21:40 - 0:02:56 - direct, ca - Sum Normalized: secret not predicted.
INFO - 04/01/26 22:21:40 - 0:02:56 - direct, ca - Max Normalized: secret not predicted.
INFO - 04/01/26 22:21:40 - 0:02:56 - direct, ca - Sum Rank: secret not predicted.
INFO - 04/01/26 22:21:40 - 0:02:56 - direct, ca - Max Rank: secret not predicted.
INFO - 04/01/26 22:21:40 - 0:02:56 - Hybrid: direct, distinguisher
INFO - 04/01/26 22:21:40 - 0:02:56 - Hybrid: ca, distinguisher
INFO - 04/01/26 22:21:40 - 0:02:56 - Hybrid: direct, ca, distinguisher
INFO - 04/01/26 22:21:40 - 0:02:56 - __log__:{"epoch": 5, "valid_xe_loss": 1.5021237954497337}
INFO - 04/01/26 22:21:40 - 0:02:56 - Saving checkpoint to /home/yu_mcc/PQC_salsa/runs/n10_q17_h3/train_gpu_gaussian_big/checkpoint.pth ...
WARNING - 04/01/26 22:21:40 - 0:02:56 - Saving encoder parameters ...
WARNING - 04/01/26 22:21:40 - 0:02:56 - Saving decoder parameters ...
WARNING - 04/01/26 22:21:40 - 0:02:56 - Saving optimizer ...
INFO - 04/01/26 22:21:40 - 0:02:56 - ============ Starting epoch 6 ... ============
INFO - 04/01/26 22:21:41 - 0:02:58 -    2850 - 1045.13 equations/s - 36579.61 words/s - MEM: 0.29 GB - LOSS:  0.0000 || ACC1: 100.0000 || ACC2: 100.0000 - LR: 1.0000e-04
INFO - 04/01/26 22:21:43 - 0:03:00 -    2900 - 6829.14 equations/s - 239019.92 words/s - MEM: 0.29 GB - LOSS:  0.0000 || ACC1: 100.0000 || ACC2: 100.0000 - LR: 1.0000e-04
INFO - 04/01/26 22:21:45 - 0:03:02 -    2950 - 6407.52 equations/s - 224263.04 words/s - MEM: 0.29 GB - LOSS:  0.0000 || ACC1: 100.0000 || ACC2: 100.0000 - LR: 1.0000e-04
INFO - 04/01/26 22:21:47 - 0:03:04 -    3000 - 6209.50 equations/s - 217332.64 words/s - MEM: 0.29 GB - LOSS:  0.0000 || ACC1: 100.0000 || ACC2: 100.0000 - LR: 1.0000e-04
INFO - 04/01/26 22:21:49 - 0:03:06 -    3050 - 6371.04 equations/s - 222986.35 words/s - MEM: 0.29 GB - LOSS:  0.0000 || ACC1: 100.0000 || ACC2: 100.0000 - LR: 1.0000e-04
INFO - 04/01/26 22:21:51 - 0:03:08 -    3100 - 6208.01 equations/s - 217280.46 words/s - MEM: 0.29 GB - LOSS:  0.0000 || ACC1: 100.0000 || ACC2: 100.0000 - LR: 1.0000e-04
INFO - 04/01/26 22:21:53 - 0:03:10 -    3150 - 6575.45 equations/s - 230140.73 words/s - MEM: 0.29 GB - LOSS:  0.0000 || ACC1: 100.0000 || ACC2: 100.0000 - LR: 1.0000e-04
INFO - 04/01/26 22:21:55 - 0:03:12 -    3200 - 6350.84 equations/s - 222279.50 words/s - MEM: 0.29 GB - LOSS:  0.0000 || ACC1: 100.0000 || ACC2: 100.0000 - LR: 1.0000e-04
INFO - 04/01/26 22:21:57 - 0:03:14 -    3250 - 6044.04 equations/s - 211541.37 words/s - MEM: 0.29 GB - LOSS:  0.0000 || ACC1: 100.0000 || ACC2: 100.0000 - LR: 1.0000e-04
INFO - 04/01/26 22:21:58 - 0:03:15 - ============ End of epoch 6 ============
INFO - 04/01/26 22:21:58 - 0:03:15 - Starting Distinguisher Method
INFO - 04/01/26 22:22:07 - 0:03:24 - Distinguishing 0s using the emd. 
INFO - 04/01/26 22:22:07 - 0:03:24 - Distinguisher Method emd: secret not predicted.
INFO - 04/01/26 22:22:07 - 0:03:24 - Distinguishing 0s using the mean. 
INFO - 04/01/26 22:22:07 - 0:03:24 - Distinguisher Method mean: secret not predicted.
INFO - 04/01/26 22:22:07 - 0:03:24 - Starting Direct Method
INFO - 04/01/26 22:22:07 - 0:03:24 - Direct:  K=10
INFO - 04/01/26 22:22:07 - 0:03:24 - Direct:  K=11
INFO - 04/01/26 22:22:07 - 0:03:24 - Direct:  K=10
INFO - 04/01/26 22:22:07 - 0:03:24 - Direct:  K=6
INFO - 04/01/26 22:22:07 - 0:03:24 - Direct:  K=9
INFO - 04/01/26 22:22:07 - 0:03:24 - Direct:  K=10
INFO - 04/01/26 22:22:07 - 0:03:24 - Direct:  K=5
INFO - 04/01/26 22:22:07 - 0:03:24 - Direct:  K=7
INFO - 04/01/26 22:22:07 - 0:03:24 - Direct:  K=9
INFO - 04/01/26 22:22:07 - 0:03:24 - Direct:  K=11
INFO - 04/01/26 22:22:07 - 0:03:24 - Direct:  K=7
INFO - 04/01/26 22:22:07 - 0:03:24 - Direct:  K=9
INFO - 04/01/26 22:22:07 - 0:03:24 - Direct:  K=7
INFO - 04/01/26 22:22:07 - 0:03:24 - Direct:  K=5
INFO - 04/01/26 22:22:07 - 0:03:24 - Direct:  K=10
INFO - 04/01/26 22:22:07 - 0:03:24 - Direct: secret not predicted.
INFO - 04/01/26 22:22:08 - 0:03:24 - CA: secret not predicted.
INFO - 04/01/26 22:22:08 - 0:03:24 - CA: secret not predicted.
INFO - 04/01/26 22:22:08 - 0:03:24 - Hybrid: direct, ca
INFO - 04/01/26 22:22:08 - 0:03:24 - direct, ca - Sum Normalized: secret not predicted.
INFO - 04/01/26 22:22:08 - 0:03:24 - direct, ca - Max Normalized: secret not predicted.
INFO - 04/01/26 22:22:08 - 0:03:24 - direct, ca - Sum Rank: secret not predicted.
INFO - 04/01/26 22:22:08 - 0:03:24 - direct, ca - Max Rank: secret not predicted.
INFO - 04/01/26 22:22:08 - 0:03:24 - Hybrid: direct, distinguisher
INFO - 04/01/26 22:22:08 - 0:03:24 - Hybrid: ca, distinguisher
INFO - 04/01/26 22:22:08 - 0:03:24 - Hybrid: direct, ca, distinguisher
INFO - 04/01/26 22:22:08 - 0:03:24 - __log__:{"epoch": 6, "valid_xe_loss": 1.5514459758996964}
INFO - 04/01/26 22:22:08 - 0:03:24 - Saving checkpoint to /home/yu_mcc/PQC_salsa/runs/n10_q17_h3/train_gpu_gaussian_big/checkpoint.pth ...
WARNING - 04/01/26 22:22:08 - 0:03:24 - Saving encoder parameters ...
WARNING - 04/01/26 22:22:08 - 0:03:24 - Saving decoder parameters ...
WARNING - 04/01/26 22:22:08 - 0:03:24 - Saving optimizer ...
INFO - 04/01/26 22:22:08 - 0:03:24 - ============ Starting epoch 7 ... ============
INFO - 04/01/26 22:22:09 - 0:03:25 -    3300 - 1116.71 equations/s - 39084.97 words/s - MEM: 0.29 GB - LOSS:  0.0000 || ACC1: 100.0000 || ACC2: 100.0000 - LR: 1.0000e-04
INFO - 04/01/26 22:22:11 - 0:03:28 -    3350 - 5011.04 equations/s - 175386.44 words/s - MEM: 0.29 GB - LOSS:  0.0000 || ACC1: 100.0000 || ACC2: 100.0000 - LR: 1.0000e-04
INFO - 04/01/26 22:22:13 - 0:03:30 -    3400 - 6372.69 equations/s - 223044.23 words/s - MEM: 0.29 GB - LOSS:  0.0000 || ACC1: 100.0000 || ACC2: 100.0000 - LR: 1.0000e-04
INFO - 04/01/26 22:22:15 - 0:03:32 -    3450 - 6415.78 equations/s - 224552.35 words/s - MEM: 0.29 GB - LOSS:  0.0000 || ACC1: 100.0000 || ACC2: 100.0000 - LR: 1.0000e-04
INFO - 04/01/26 22:22:17 - 0:03:34 -    3500 - 6876.46 equations/s - 240676.02 words/s - MEM: 0.29 GB - LOSS:  0.0000 || ACC1: 100.0000 || ACC2: 100.0000 - LR: 1.0000e-04
INFO - 04/01/26 22:22:19 - 0:03:36 -    3550 - 6596.08 equations/s - 230862.69 words/s - MEM: 0.29 GB - LOSS:  0.0000 || ACC1: 100.0000 || ACC2: 100.0000 - LR: 1.0000e-04
INFO - 04/01/26 22:22:21 - 0:03:38 -    3600 - 6192.78 equations/s - 216747.42 words/s - MEM: 0.29 GB - LOSS:  0.0000 || ACC1: 100.0000 || ACC2: 100.0000 - LR: 1.0000e-04
INFO - 04/01/26 22:22:23 - 0:03:40 -    3650 - 6321.76 equations/s - 221261.65 words/s - MEM: 0.29 GB - LOSS:  0.0000 || ACC1: 100.0000 || ACC2: 100.0000 - LR: 1.0000e-04
INFO - 04/01/26 22:22:25 - 0:03:41 -    3700 - 6969.65 equations/s - 243937.64 words/s - MEM: 0.29 GB - LOSS:  0.0000 || ACC1: 100.0000 || ACC2: 100.0000 - LR: 1.0000e-04
INFO - 04/01/26 22:22:27 - 0:03:43 -    3750 - 6459.75 equations/s - 226091.30 words/s - MEM: 0.29 GB - LOSS:  0.0000 || ACC1: 100.0000 || ACC2: 100.0000 - LR: 1.0000e-04
INFO - 04/01/26 22:22:27 - 0:03:44 - ============ End of epoch 7 ============
INFO - 04/01/26 22:22:27 - 0:03:44 - Starting Distinguisher Method
INFO - 04/01/26 22:22:36 - 0:03:53 - Distinguishing 0s using the emd. 
INFO - 04/01/26 22:22:36 - 0:03:53 - Distinguisher Method emd: secret not predicted.
INFO - 04/01/26 22:22:36 - 0:03:53 - Distinguishing 0s using the mean. 
INFO - 04/01/26 22:22:36 - 0:03:53 - Distinguisher Method mean: secret not predicted.
INFO - 04/01/26 22:22:36 - 0:03:53 - Starting Direct Method
INFO - 04/01/26 22:22:36 - 0:03:53 - Direct:  K=9
INFO - 04/01/26 22:22:36 - 0:03:53 - Direct:  K=9
INFO - 04/01/26 22:22:36 - 0:03:53 - Direct:  K=10
INFO - 04/01/26 22:22:36 - 0:03:53 - Direct:  K=9
INFO - 04/01/26 22:22:36 - 0:03:53 - Direct:  K=4
INFO - 04/01/26 22:22:36 - 0:03:53 - Direct:  K=9
INFO - 04/01/26 22:22:36 - 0:03:53 - Direct:  K=11
INFO - 04/01/26 22:22:36 - 0:03:53 - Direct:  K=8
INFO - 04/01/26 22:22:36 - 0:03:53 - Direct:  K=7
INFO - 04/01/26 22:22:36 - 0:03:53 - Direct:  K=4
INFO - 04/01/26 22:22:36 - 0:03:53 - Direct:  K=8
INFO - 04/01/26 22:22:36 - 0:03:53 - Direct:  K=4
INFO - 04/01/26 22:22:36 - 0:03:53 - Direct:  K=7
INFO - 04/01/26 22:22:36 - 0:03:53 - Direct:  K=6
INFO - 04/01/26 22:22:36 - 0:03:53 - Direct:  K=10
INFO - 04/01/26 22:22:36 - 0:03:53 - Direct: secret not predicted.
INFO - 04/01/26 22:22:37 - 0:03:53 - CA: secret not predicted.
INFO - 04/01/26 22:22:37 - 0:03:53 - CA: secret not predicted.
INFO - 04/01/26 22:22:37 - 0:03:53 - Hybrid: direct, ca
INFO - 04/01/26 22:22:37 - 0:03:53 - direct, ca - Sum Normalized: secret not predicted.
INFO - 04/01/26 22:22:37 - 0:03:53 - direct, ca - Max Normalized: secret not predicted.
INFO - 04/01/26 22:22:37 - 0:03:53 - direct, ca - Sum Rank: secret not predicted.
INFO - 04/01/26 22:22:37 - 0:03:53 - direct, ca - Max Rank: secret not predicted.
INFO - 04/01/26 22:22:37 - 0:03:53 - Hybrid: direct, distinguisher
INFO - 04/01/26 22:22:37 - 0:03:53 - Hybrid: ca, distinguisher
INFO - 04/01/26 22:22:37 - 0:03:53 - Hybrid: direct, ca, distinguisher
INFO - 04/01/26 22:22:37 - 0:03:53 - __log__:{"epoch": 7, "valid_xe_loss": 1.5910288766026497}
INFO - 04/01/26 22:22:37 - 0:03:53 - Saving checkpoint to /home/yu_mcc/PQC_salsa/runs/n10_q17_h3/train_gpu_gaussian_big/checkpoint.pth ...
WARNING - 04/01/26 22:22:37 - 0:03:53 - Saving encoder parameters ...
WARNING - 04/01/26 22:22:37 - 0:03:53 - Saving decoder parameters ...
WARNING - 04/01/26 22:22:37 - 0:03:53 - Saving optimizer ...
INFO - 04/01/26 22:22:37 - 0:03:53 - ============ Starting epoch 8 ... ============
INFO - 04/01/26 22:22:39 - 0:03:55 -    3800 - 1076.63 equations/s - 37682.11 words/s - MEM: 0.29 GB - LOSS:  0.0000 || ACC1: 100.0000 || ACC2: 100.0000 - LR: 1.0000e-04
INFO - 04/01/26 22:22:41 - 0:03:57 -    3850 - 6483.59 equations/s - 226925.50 words/s - MEM: 0.29 GB - LOSS:  0.0000 || ACC1: 100.0000 || ACC2: 100.0000 - LR: 1.0000e-04
INFO - 04/01/26 22:22:43 - 0:03:59 -    3900 - 6413.69 equations/s - 224479.03 words/s - MEM: 0.29 GB - LOSS:  0.0000 || ACC1: 100.0000 || ACC2: 100.0000 - LR: 1.0000e-04
INFO - 04/01/26 22:22:45 - 0:04:02 -    3950 - 4917.13 equations/s - 172099.45 words/s - MEM: 0.29 GB - LOSS:  0.0000 || ACC1: 100.0000 || ACC2: 100.0000 - LR: 1.0000e-04
INFO - 04/01/26 22:22:47 - 0:04:04 -    4000 - 6530.36 equations/s - 228562.53 words/s - MEM: 0.29 GB - LOSS:  0.0000 || ACC1: 100.0000 || ACC2: 100.0000 - LR: 1.0000e-04
INFO - 04/01/26 22:22:49 - 0:04:06 -    4050 - 6636.06 equations/s - 232262.12 words/s - MEM: 0.29 GB - LOSS:  0.0000 || ACC1: 100.0000 || ACC2: 100.0000 - LR: 1.0000e-04
INFO - 04/01/26 22:22:51 - 0:04:08 -    4100 - 6697.28 equations/s - 234404.63 words/s - MEM: 0.29 GB - LOSS:  0.0000 || ACC1: 100.0000 || ACC2: 100.0000 - LR: 1.0000e-04
INFO - 04/01/26 22:22:53 - 0:04:10 -    4150 - 6518.53 equations/s - 228148.50 words/s - MEM: 0.29 GB - LOSS:  0.0000 || ACC1: 100.0000 || ACC2: 100.0000 - LR: 1.0000e-04
INFO - 04/01/26 22:22:55 - 0:04:12 -    4200 - 6149.20 equations/s - 215222.00 words/s - MEM: 0.29 GB - LOSS:  0.0000 || ACC1: 100.0000 || ACC2: 100.0000 - LR: 1.0000e-04
INFO - 04/01/26 22:22:56 - 0:04:13 - ============ End of epoch 8 ============
INFO - 04/01/26 22:22:56 - 0:04:13 - Starting Distinguisher Method
INFO - 04/01/26 22:23:05 - 0:04:21 - Distinguishing 0s using the emd. 
INFO - 04/01/26 22:23:05 - 0:04:21 - Distinguisher Method emd: secret not predicted.
INFO - 04/01/26 22:23:05 - 0:04:21 - Distinguishing 0s using the mean. 
INFO - 04/01/26 22:23:05 - 0:04:21 - Distinguisher Method mean: secret not predicted.
INFO - 04/01/26 22:23:05 - 0:04:21 - Starting Direct Method
INFO - 04/01/26 22:23:05 - 0:04:21 - Direct:  K=10
INFO - 04/01/26 22:23:05 - 0:04:21 - Direct:  K=7
INFO - 04/01/26 22:23:05 - 0:04:21 - Direct:  K=11
INFO - 04/01/26 22:23:05 - 0:04:21 - Direct:  K=11
INFO - 04/01/26 22:23:05 - 0:04:21 - Direct:  K=11
INFO - 04/01/26 22:23:05 - 0:04:21 - Direct:  K=10
INFO - 04/01/26 22:23:05 - 0:04:21 - Direct:  K=6
INFO - 04/01/26 22:23:05 - 0:04:21 - Direct:  K=8
INFO - 04/01/26 22:23:05 - 0:04:21 - Direct:  K=6
INFO - 04/01/26 22:23:05 - 0:04:21 - Direct:  K=8
INFO - 04/01/26 22:23:05 - 0:04:21 - Direct:  K=10
INFO - 04/01/26 22:23:05 - 0:04:21 - Direct:  K=10
INFO - 04/01/26 22:23:05 - 0:04:21 - Direct:  K=5
INFO - 04/01/26 22:23:05 - 0:04:22 - Direct:  K=8
INFO - 04/01/26 22:23:05 - 0:04:22 - Direct:  K=6
INFO - 04/01/26 22:23:05 - 0:04:22 - Direct: secret not predicted.
INFO - 04/01/26 22:23:05 - 0:04:22 - CA: secret not predicted.
INFO - 04/01/26 22:23:05 - 0:04:22 - CA: secret not predicted.
INFO - 04/01/26 22:23:05 - 0:04:22 - Hybrid: direct, ca
INFO - 04/01/26 22:23:05 - 0:04:22 - direct, ca - Sum Normalized: secret not predicted.
INFO - 04/01/26 22:23:05 - 0:04:22 - direct, ca - Max Normalized: secret not predicted.
INFO - 04/01/26 22:23:05 - 0:04:22 - direct, ca - Sum Rank: secret not predicted.
INFO - 04/01/26 22:23:05 - 0:04:22 - direct, ca - Max Rank: secret not predicted.
INFO - 04/01/26 22:23:05 - 0:04:22 - Hybrid: direct, distinguisher
INFO - 04/01/26 22:23:05 - 0:04:22 - Hybrid: ca, distinguisher
INFO - 04/01/26 22:23:05 - 0:04:22 - Hybrid: direct, ca, distinguisher
INFO - 04/01/26 22:23:05 - 0:04:22 - __log__:{"epoch": 8, "valid_xe_loss": 1.6251599565148354}
INFO - 04/01/26 22:23:05 - 0:04:22 - Saving checkpoint to /home/yu_mcc/PQC_salsa/runs/n10_q17_h3/train_gpu_gaussian_big/checkpoint.pth ...
WARNING - 04/01/26 22:23:05 - 0:04:22 - Saving encoder parameters ...
WARNING - 04/01/26 22:23:05 - 0:04:22 - Saving decoder parameters ...
WARNING - 04/01/26 22:23:05 - 0:04:22 - Saving optimizer ...
INFO - 04/01/26 22:23:06 - 0:04:22 - ============ Starting epoch 9 ... ============
INFO - 04/01/26 22:23:07 - 0:04:23 -    4250 - 1109.07 equations/s - 38817.55 words/s - MEM: 0.29 GB - LOSS:  0.0000 || ACC1: 100.0000 || ACC2: 100.0000 - LR: 1.0000e-04
INFO - 04/01/26 22:23:09 - 0:04:25 -    4300 - 6677.66 equations/s - 233717.93 words/s - MEM: 0.29 GB - LOSS:  0.0000 || ACC1: 100.0000 || ACC2: 100.0000 - LR: 1.0000e-04
INFO - 04/01/26 22:23:11 - 0:04:27 -    4350 - 6667.13 equations/s - 233349.67 words/s - MEM: 0.29 GB - LOSS:  0.0000 || ACC1: 100.0000 || ACC2: 100.0000 - LR: 1.0000e-04
INFO - 04/01/26 22:23:13 - 0:04:29 -    4400 - 6388.08 equations/s - 223582.96 words/s - MEM: 0.29 GB - LOSS:  0.0000 || ACC1: 100.0000 || ACC2: 100.0000 - LR: 1.0000e-04
INFO - 04/01/26 22:23:15 - 0:04:31 -    4450 - 6339.98 equations/s - 221899.15 words/s - MEM: 0.29 GB - LOSS:  0.0000 || ACC1: 100.0000 || ACC2: 100.0000 - LR: 1.0000e-04
INFO - 04/01/26 22:23:17 - 0:04:34 -    4500 - 4866.88 equations/s - 170340.72 words/s - MEM: 0.29 GB - LOSS:  0.0000 || ACC1: 100.0000 || ACC2: 100.0000 - LR: 1.0000e-04
INFO - 04/01/26 22:23:19 - 0:04:36 -    4550 - 6345.39 equations/s - 222088.82 words/s - MEM: 0.29 GB - LOSS:  0.0000 || ACC1: 100.0000 || ACC2: 100.0000 - LR: 1.0000e-04
INFO - 04/01/26 22:23:21 - 0:04:38 -    4600 - 6305.69 equations/s - 220698.99 words/s - MEM: 0.29 GB - LOSS:  0.0000 || ACC1: 100.0000 || ACC2: 100.0000 - LR: 1.0000e-04
INFO - 04/01/26 22:23:23 - 0:04:40 -    4650 - 6107.37 equations/s - 213758.07 words/s - MEM: 0.29 GB - LOSS:  0.0000 || ACC1: 100.0000 || ACC2: 100.0000 - LR: 1.0000e-04
INFO - 04/01/26 22:23:25 - 0:04:42 - ============ End of epoch 9 ============
INFO - 04/01/26 22:23:25 - 0:04:42 - Starting Distinguisher Method
INFO - 04/01/26 22:23:35 - 0:04:51 - Distinguishing 0s using the emd. 
INFO - 04/01/26 22:23:35 - 0:04:51 - Distinguisher Method emd: secret not predicted.
INFO - 04/01/26 22:23:35 - 0:04:51 - Distinguishing 0s using the mean. 
INFO - 04/01/26 22:23:35 - 0:04:51 - Distinguisher Method mean: secret not predicted.
INFO - 04/01/26 22:23:35 - 0:04:51 - Starting Direct Method
INFO - 04/01/26 22:23:35 - 0:04:51 - Direct:  K=5
INFO - 04/01/26 22:23:35 - 0:04:51 - Direct:  K=11
INFO - 04/01/26 22:23:35 - 0:04:51 - Direct:  K=9
INFO - 04/01/26 22:23:35 - 0:04:51 - Direct:  K=6
INFO - 04/01/26 22:23:35 - 0:04:51 - Direct:  K=10
INFO - 04/01/26 22:23:35 - 0:04:51 - Direct:  K=4
INFO - 04/01/26 22:23:35 - 0:04:51 - Direct:  K=11
INFO - 04/01/26 22:23:35 - 0:04:51 - Direct:  K=9
INFO - 04/01/26 22:23:35 - 0:04:51 - Direct:  K=4
INFO - 04/01/26 22:23:35 - 0:04:51 - Direct:  K=9
INFO - 04/01/26 22:23:35 - 0:04:51 - Direct:  K=4
INFO - 04/01/26 22:23:35 - 0:04:51 - Direct:  K=7
INFO - 04/01/26 22:23:35 - 0:04:51 - Direct:  K=7
INFO - 04/01/26 22:23:35 - 0:04:51 - Direct:  K=4
INFO - 04/01/26 22:23:35 - 0:04:52 - Direct:  K=11
INFO - 04/01/26 22:23:35 - 0:04:52 - Direct: secret not predicted.
INFO - 04/01/26 22:23:35 - 0:04:52 - CA: secret not predicted.
INFO - 04/01/26 22:23:35 - 0:04:52 - CA: secret not predicted.
INFO - 04/01/26 22:23:35 - 0:04:52 - Hybrid: direct, ca
INFO - 04/01/26 22:23:35 - 0:04:52 - direct, ca - Sum Normalized: secret not predicted.
INFO - 04/01/26 22:23:35 - 0:04:52 - direct, ca - Max Normalized: secret not predicted.
INFO - 04/01/26 22:23:35 - 0:04:52 - direct, ca - Sum Rank: secret not predicted.
INFO - 04/01/26 22:23:35 - 0:04:52 - direct, ca - Max Rank: secret not predicted.
INFO - 04/01/26 22:23:35 - 0:04:52 - Hybrid: direct, distinguisher
INFO - 04/01/26 22:23:35 - 0:04:52 - Hybrid: ca, distinguisher
INFO - 04/01/26 22:23:35 - 0:04:52 - Hybrid: direct, ca, distinguisher
INFO - 04/01/26 22:23:35 - 0:04:52 - __log__:{"epoch": 9, "valid_xe_loss": 1.6507714912295341}
INFO - 04/01/26 22:23:35 - 0:04:52 - Saving checkpoint to /home/yu_mcc/PQC_salsa/runs/n10_q17_h3/train_gpu_gaussian_big/checkpoint.pth ...
WARNING - 04/01/26 22:23:35 - 0:04:52 - Saving encoder parameters ...
WARNING - 04/01/26 22:23:35 - 0:04:52 - Saving decoder parameters ...
WARNING - 04/01/26 22:23:35 - 0:04:52 - Saving optimizer ...
