INFO - 04/06/26 20:28:46 - 0:00:00 - ============ Initialized logger ============
INFO - 04/06/26 20:28:46 - 0:00:00 - N: 30
                                     Q: 127
                                     algo: BKZ2.0
                                     algo2: BKZ2.0
                                     batch_size: 20
                                     bkz_block_size: 30
                                     bkz_block_size2: 40
                                     command: python generate.py --cpu true --step Ab --reload_data '/home/yu_mcc/PQC_salsa/runs/n30_q127_h3_1m/ra_main' --N 30 --Q 127 --m 30 --min_hamming 3 --max_hamming 3 --num_secret_seeds 10 --secret_type binary --sigma 3 --epoch_size 17074 --reload_size 1000000 --num_workers 1 --dump_path '/home/yu_mcc/PQC_salsa/runs' --exp_name n30_q127_h3_1m --exp_id ab_binary --exp_id "ab_binary"
                                     correctQ: False
                                     cpu: True
                                     debug: False
                                     debug_slurm: False
                                     dump_path: /home/yu_mcc/PQC_salsa/runs/n30_q127_h3_1m/ab_binary
                                     env_base_seed: -1
                                     epoch_size: 17074
                                     exp_id: ab_binary
                                     exp_name: n30_q127_h3_1m
                                     float_type: double
                                     gamma: 2
                                     global_rank: 0
                                     is_master: True
                                     is_slurm_job: False
                                     lll_delta: 0.96
                                     lll_delta2: 0.99
                                     lll_penalty: 10
                                     local_rank: 0
                                     lwe: False
                                     m: 30
                                     master_port: -1
                                     max_hamming: 3
                                     max_timeout_count: 10
                                     min_hamming: 3
                                     multi_gpu: False
                                     multi_node: False
                                     n_gpu_per_node: 1
                                     n_nodes: 1
                                     node_id: 0
                                     num_orig_samples: -1
                                     num_secret_seeds: 10
                                     num_workers: 1
                                     orig_A_path: /home/yu_mcc/PQC_salsa/runs/n30_q127_h3_1m/origA_4n/orig_A.npy
                                     reload_data: /home/yu_mcc/PQC_salsa/runs/n30_q127_h3_1m/ra_main
                                     reload_perm: 
                                     reload_size: 1000000
                                     resume_path: 
                                     rnorm: 1.0
                                     secret_dir: 
                                     secret_type: binary
                                     sigma: 3.0
                                     step: Ab
                                     threshold: -1
                                     threshold2: 0.5
                                     timeout: 10
                                     tiny1: False
                                     tiny2: True
                                     use_polish: False
                                     world_size: 1
INFO - 04/06/26 20:28:46 - 0:00:00 - The experiment will be stored in /home/yu_mcc/PQC_salsa/runs/n30_q127_h3_1m/ab_binary
                                     
INFO - 04/06/26 20:28:46 - 0:00:00 - Running command: python generate.py --cpu true --step Ab --reload_data '/home/yu_mcc/PQC_salsa/runs/n30_q127_h3_1m/ra_main' --N 30 --Q 127 --m 30 --min_hamming 3 --max_hamming 3 --num_secret_seeds 10 --secret_type binary --sigma 3 --epoch_size 17074 --reload_size 1000000 --num_workers 1 --dump_path '/home/yu_mcc/PQC_salsa/runs' --exp_name n30_q127_h3_1m --exp_id ab_binary

INFO - 04/06/26 20:28:46 - 0:00:00 -  Nb CPU: 24 and Nb worker: 1
INFO - 04/06/26 20:28:46 - 0:00:00 - Creating binary secret
INFO - 04/06/26 20:28:46 - 0:00:00 - Data will be stored in: /home/yu_mcc/PQC_salsa/runs/n30_q127_h3_1m/ab_binary/test.prefix ...
INFO - 04/06/26 20:28:46 - 0:00:00 - Loading data from /home/yu_mcc/PQC_salsa/runs/n30_q127_h3_1m/ra_main/data.prefix ... seekpos 0
INFO - 04/06/26 20:28:51 - 0:00:05 - Loaded 17074 matrices from the disk. seekpos 74474233
INFO - 04/06/26 20:28:52 - 0:00:06 -     500 - 5295.69 equations/s - 
INFO - 04/06/26 20:28:52 - 0:00:06 -    1000 - 36232.11 equations/s - 
INFO - 04/06/26 20:28:53 - 0:00:07 -    1500 - 34908.60 equations/s - 
INFO - 04/06/26 20:28:54 - 0:00:08 -    2000 - 31331.00 equations/s - 
INFO - 04/06/26 20:28:55 - 0:00:10 -    2500 - 24941.26 equations/s - 
INFO - 04/06/26 20:28:57 - 0:00:11 -    3000 - 22568.99 equations/s - 
INFO - 04/06/26 20:28:58 - 0:00:12 -    3500 - 20077.68 equations/s - 
INFO - 04/06/26 20:29:00 - 0:00:14 -    4000 - 17675.61 equations/s - 
INFO - 04/06/26 20:29:02 - 0:00:16 -    4500 - 15382.59 equations/s - 
INFO - 04/06/26 20:29:04 - 0:00:18 -    5000 - 14201.73 equations/s - 
INFO - 04/06/26 20:29:06 - 0:00:20 -    5500 - 12639.78 equations/s - 
INFO - 04/06/26 20:29:09 - 0:00:23 -    6000 - 11641.29 equations/s - 
INFO - 04/06/26 20:29:12 - 0:00:26 -    6500 - 10418.97 equations/s - 
INFO - 04/06/26 20:29:15 - 0:00:29 -    7000 - 9773.11 equations/s - 
INFO - 04/06/26 20:29:18 - 0:00:32 -    7500 - 8844.75 equations/s - 
INFO - 04/06/26 20:29:22 - 0:00:36 -    8000 - 7964.33 equations/s - 
INFO - 04/06/26 20:29:26 - 0:00:40 -    8500 - 7931.41 equations/s - 
INFO - 04/06/26 20:29:30 - 0:00:44 -    9000 - 7438.91 equations/s - 
INFO - 04/06/26 20:29:36 - 0:00:50 -    9500 - 4750.10 equations/s - 
INFO - 04/06/26 20:29:41 - 0:00:55 -   10000 - 6085.81 equations/s - 
INFO - 04/06/26 20:29:46 - 0:01:00 -   10500 - 6335.60 equations/s - 
INFO - 04/06/26 20:29:50 - 0:01:05 -   11000 - 6580.25 equations/s - 
INFO - 04/06/26 20:29:55 - 0:01:09 -   11500 - 6900.83 equations/s - 
INFO - 04/06/26 20:29:59 - 0:01:13 -   12000 - 6597.91 equations/s - 
INFO - 04/06/26 20:30:04 - 0:01:18 -   12500 - 6390.65 equations/s - 
INFO - 04/06/26 20:30:09 - 0:01:23 -   13000 - 6118.60 equations/s - 
INFO - 04/06/26 20:30:14 - 0:01:28 -   13500 - 5772.33 equations/s - 
INFO - 04/06/26 20:30:20 - 0:01:34 -   14000 - 5346.50 equations/s - 
INFO - 04/06/26 20:30:27 - 0:01:41 -   14500 - 3962.68 equations/s - 
INFO - 04/06/26 20:30:33 - 0:01:47 -   15000 - 5082.83 equations/s - 
INFO - 04/06/26 20:30:39 - 0:01:53 -   15500 - 5150.95 equations/s - 
INFO - 04/06/26 20:30:45 - 0:01:59 -   16000 - 4819.74 equations/s - 
INFO - 04/06/26 20:30:52 - 0:02:06 -   16500 - 4422.54 equations/s - 
INFO - 04/06/26 20:31:01 - 0:02:15 -   17000 - 3510.02 equations/s - 
