INFO - 04/01/26 19:11:45 - 0:00:00 - ============ Initialized logger ============
INFO - 04/01/26 19:11:45 - 0:00:00 - N: 10
                                     Q: 17
                                     accumulate_gradients: 1
                                     act_ponder_coupling: 0.05
                                     act_threshold: 0.01
                                     add_unred_perc: 0
                                     amp: 2
                                     attention_dropout: 0.0
                                     balanced_base: False
                                     batch_load: False
                                     batch_size: 256
                                     beam_early_stopping: True
                                     beam_eval: True
                                     beam_eval_train: 0
                                     beam_length_penalty: 1
                                     beam_size: 1
                                     clip_grad_norm: 5
                                     command: python train.py --cpu false --reload_data '/home/yu_mcc/PQC_salsa/runs/n10_q17_h3/ab_main' --secret_seed 0 --hamming 3 --input_int_base 3 --share_token 1 --dump_path '/home/yu_mcc/PQC_salsa/runs' --exp_name n10_q17_h3 --exp_id train_gpu --batch_size 256 --epoch_size 12000 --max_epoch 5 --eval_size 2048 --distinguisher_size 256 --enc_emb_dim 256 --dec_emb_dim 256 --n_enc_layers 1 --n_dec_layers 2 --n_enc_heads 4 --n_dec_heads 4 --n_cross_heads 4 --enc_loops 1 --dec_loops 2 --dropout 0 --attention_dropout 0 --optimizer 'adam_warmup,lr=0.0001,warmup_updates=200,warmup_init_lr=0.000001' --num_workers 0 --beam_size 1 --max_output_len 4 --exp_id "train_gpu"
                                     correctQ: False
                                     cpu: False
                                     data_cols: None
                                     debug: False
                                     debug_slurm: False
                                     dec_act: False
                                     dec_emb_dim: 256
                                     dec_gated: False
                                     dec_loop_idx: 0
                                     dec_loops: 2
                                     dense_cols: None
                                     dim_red: 
                                     distinguisher_size: 256
                                     dropout: 0.0
                                     dump_path: /home/yu_mcc/PQC_salsa/runs/n10_q17_h3/train_gpu
                                     enc_act: False
                                     enc_emb_dim: 256
                                     enc_gated: False
                                     enc_loop_idx: -1
                                     enc_loops: 1
                                     env_base_seed: 18150871
                                     epoch_size: 12000
                                     eval_data: 
                                     eval_from_exp: 
                                     eval_only: False
                                     eval_size: 2048
                                     eval_verbose: 0
                                     eval_verbose_print: False
                                     exp_id: train_gpu
                                     exp_name: n10_q17_h3
                                     fp16: True
                                     freeze_embeddings: False
                                     gated: True
                                     gelu_activation: False
                                     global_rank: 0
                                     hamming: 3
                                     input_int_base: 3
                                     is_master: True
                                     is_slurm_job: False
                                     local_rank: 0
                                     master_port: -1
                                     max_epoch: 5
                                     max_output_len: 4
                                     multi_gpu: False
                                     multi_node: False
                                     n_cross_heads: 4
                                     n_dec_heads: 4
                                     n_dec_hidden_layers: 1
                                     n_dec_layers: 2
                                     n_enc_heads: 4
                                     n_enc_hidden_layers: 1
                                     n_enc_layers: 1
                                     n_gpu_per_node: 1
                                     n_nodes: 1
                                     node_id: 0
                                     norm_attention: False
                                     num_reuse_samples: 10000
                                     num_workers: 0
                                     nvidia_apex: False
                                     optimizer: adam_warmup,lr=0.0001,warmup_updates=200,warmup_init_lr=0.000001
                                     output_int_base: 3
                                     reload_checkpoint: 
                                     reload_data: /home/yu_mcc/PQC_salsa/runs/n10_q17_h3/ab_main
                                     reload_model: 
                                     reload_size: 10000000
                                     reuse: False
                                     scalar_gate: False
                                     secret: [1 0 0 0 1 0 0 0 0 1]
                                     secret_col: 0
                                     secret_seed: 0
                                     secret_type: binary
                                     share_inout_emb: True
                                     share_token: 1
                                     shuffle: True
                                     sigma: 3.0
                                     sinusoidal_embeddings: False
                                     stopping_criterion: 
                                     test_path: /home/yu_mcc/PQC_salsa/runs/n10_q17_h3/ab_main/test.prefix
                                     times_reused: 10
                                     train_path: /home/yu_mcc/PQC_salsa/runs/n10_q17_h3/ab_main/train.prefix
                                     transformermode: old
                                     validation_metrics: 
                                     weighted_loss: False
                                     windows: False
                                     world_size: 1
                                     xav_init: False
INFO - 04/01/26 19:11:45 - 0:00:00 - The experiment will be stored in /home/yu_mcc/PQC_salsa/runs/n10_q17_h3/train_gpu
                                     
INFO - 04/01/26 19:11:45 - 0:00:00 - Running command: python train.py --cpu false --reload_data '/home/yu_mcc/PQC_salsa/runs/n10_q17_h3/ab_main' --secret_seed 0 --hamming 3 --input_int_base 3 --share_token 1 --dump_path '/home/yu_mcc/PQC_salsa/runs' --exp_name n10_q17_h3 --exp_id train_gpu --batch_size 256 --epoch_size 12000 --max_epoch 5 --eval_size 2048 --distinguisher_size 256 --enc_emb_dim 256 --dec_emb_dim 256 --n_enc_layers 1 --n_dec_layers 2 --n_enc_heads 4 --n_dec_heads 4 --n_cross_heads 4 --enc_loops 1 --dec_loops 2 --dropout 0 --attention_dropout 0 --optimizer 'adam_warmup,lr=0.0001,warmup_updates=200,warmup_init_lr=0.000001' --num_workers 0 --beam_size 1 --max_output_len 4

INFO - 04/01/26 19:11:45 - 0:00:00 - vocabulary: 7 words
INFO - 04/01/26 19:11:45 - 0:00:00 - words: {'<eos>': 0, '<pad>': 1, '<mask>': 2, '+': 3, '0': 4, '1': 5, '2': 6}
DEBUG - 04/01/26 19:11:45 - 0:00:00 - TransformerModel(
                                        (position_embeddings): Embedding(4096, 256)
                                        (embeddings): Embedding(7, 256, padding_idx=1)
                                        (layer_norm_emb): LayerNorm((256,), eps=1e-12, elementwise_affine=True)
                                        (layers): ModuleList(
                                          (0): TransformerLayer(
                                            (self_attention): MultiHeadAttention(
                                              (q_lin): Linear(in_features=256, out_features=256, bias=True)
                                              (k_lin): Linear(in_features=256, out_features=256, bias=True)
                                              (v_lin): Linear(in_features=256, out_features=256, bias=True)
                                              (out_lin): Linear(in_features=256, out_features=256, bias=True)
                                            )
                                            (layer_norm1): LayerNorm((256,), eps=1e-12, elementwise_affine=True)
                                            (ffn): TransformerFFN(
                                              (midlin): ModuleList()
                                              (lin1): Linear(in_features=256, out_features=1024, bias=True)
                                              (lin2): Linear(in_features=1024, out_features=256, bias=True)
                                            )
                                            (layer_norm2): LayerNorm((256,), eps=1e-12, elementwise_affine=True)
                                          )
                                        )
                                      ): TransformerModel(
                                        (position_embeddings): Embedding(4096, 256)
                                        (embeddings): Embedding(7, 256, padding_idx=1)
                                        (layer_norm_emb): LayerNorm((256,), eps=1e-12, elementwise_affine=True)
                                        (layers): ModuleList(
                                          (0): TransformerLayer(
                                            (self_attention): MultiHeadAttention(
                                              (q_lin): Linear(in_features=256, out_features=256, bias=True)
                                              (k_lin): Linear(in_features=256, out_features=256, bias=True)
                                              (v_lin): Linear(in_features=256, out_features=256, bias=True)
                                              (out_lin): Linear(in_features=256, out_features=256, bias=True)
                                            )
                                            (layer_norm1): LayerNorm((256,), eps=1e-12, elementwise_affine=True)
                                            (ffn): TransformerFFN(
                                              (midlin): ModuleList()
                                              (lin1): Linear(in_features=256, out_features=1024, bias=True)
                                              (lin2): Linear(in_features=1024, out_features=256, bias=True)
                                            )
                                            (layer_norm2): LayerNorm((256,), eps=1e-12, elementwise_affine=True)
                                          )
                                        )
                                      )
DEBUG - 04/01/26 19:11:45 - 0:00:00 - TransformerModel(
                                        (position_embeddings): Embedding(4096, 256)
                                        (embeddings): Embedding(7, 256, padding_idx=1)
                                        (layer_norm_emb): LayerNorm((256,), eps=1e-12, elementwise_affine=True)
                                        (layers): ModuleList(
                                          (0): TransformerLayer(
                                            (self_attention): MultiHeadAttention(
                                              (q_lin): Linear(in_features=256, out_features=256, bias=True)
                                              (k_lin): Linear(in_features=256, out_features=256, bias=True)
                                              (v_lin): Linear(in_features=256, out_features=256, bias=True)
                                              (out_lin): Linear(in_features=256, out_features=256, bias=True)
                                            )
                                            (layer_norm1): LayerNorm((256,), eps=1e-12, elementwise_affine=True)
                                            (layer_norm15): LayerNorm((256,), eps=1e-12, elementwise_affine=True)
                                            (cross_attention): MultiHeadAttention(
                                              (q_lin): Linear(in_features=256, out_features=256, bias=True)
                                              (k_lin): Linear(in_features=256, out_features=256, bias=True)
                                              (v_lin): Linear(in_features=256, out_features=256, bias=True)
                                              (out_lin): Linear(in_features=256, out_features=256, bias=True)
                                            )
                                            (ffn): TransformerFFN(
                                              (midlin): ModuleList()
                                              (lin1): Linear(in_features=256, out_features=1024, bias=True)
                                              (lin2): Linear(in_features=1024, out_features=256, bias=True)
                                            )
                                            (layer_norm2): LayerNorm((256,), eps=1e-12, elementwise_affine=True)
                                            (gate): Gate(
                                              (gate1): Linear(in_features=256, out_features=1024, bias=True)
                                              (gate2): Linear(in_features=1024, out_features=256, bias=True)
                                            )
                                          )
                                          (1): TransformerLayer(
                                            (self_attention): MultiHeadAttention(
                                              (q_lin): Linear(in_features=256, out_features=256, bias=True)
                                              (k_lin): Linear(in_features=256, out_features=256, bias=True)
                                              (v_lin): Linear(in_features=256, out_features=256, bias=True)
                                              (out_lin): Linear(in_features=256, out_features=256, bias=True)
                                            )
                                            (layer_norm1): LayerNorm((256,), eps=1e-12, elementwise_affine=True)
                                            (layer_norm15): LayerNorm((256,), eps=1e-12, elementwise_affine=True)
                                            (cross_attention): MultiHeadAttention(
                                              (q_lin): Linear(in_features=256, out_features=256, bias=True)
                                              (k_lin): Linear(in_features=256, out_features=256, bias=True)
                                              (v_lin): Linear(in_features=256, out_features=256, bias=True)
                                              (out_lin): Linear(in_features=256, out_features=256, bias=True)
                                            )
                                            (ffn): TransformerFFN(
                                              (midlin): ModuleList()
                                              (lin1): Linear(in_features=256, out_features=1024, bias=True)
                                              (lin2): Linear(in_features=1024, out_features=256, bias=True)
                                            )
                                            (layer_norm2): LayerNorm((256,), eps=1e-12, elementwise_affine=True)
                                          )
                                        )
                                        (proj): Linear(in_features=256, out_features=7, bias=True)
                                      ): TransformerModel(
                                        (position_embeddings): Embedding(4096, 256)
                                        (embeddings): Embedding(7, 256, padding_idx=1)
                                        (layer_norm_emb): LayerNorm((256,), eps=1e-12, elementwise_affine=True)
                                        (layers): ModuleList(
                                          (0): TransformerLayer(
                                            (self_attention): MultiHeadAttention(
                                              (q_lin): Linear(in_features=256, out_features=256, bias=True)
                                              (k_lin): Linear(in_features=256, out_features=256, bias=True)
                                              (v_lin): Linear(in_features=256, out_features=256, bias=True)
                                              (out_lin): Linear(in_features=256, out_features=256, bias=True)
                                            )
                                            (layer_norm1): LayerNorm((256,), eps=1e-12, elementwise_affine=True)
                                            (layer_norm15): LayerNorm((256,), eps=1e-12, elementwise_affine=True)
                                            (cross_attention): MultiHeadAttention(
                                              (q_lin): Linear(in_features=256, out_features=256, bias=True)
                                              (k_lin): Linear(in_features=256, out_features=256, bias=True)
                                              (v_lin): Linear(in_features=256, out_features=256, bias=True)
                                              (out_lin): Linear(in_features=256, out_features=256, bias=True)
                                            )
                                            (ffn): TransformerFFN(
                                              (midlin): ModuleList()
                                              (lin1): Linear(in_features=256, out_features=1024, bias=True)
                                              (lin2): Linear(in_features=1024, out_features=256, bias=True)
                                            )
                                            (layer_norm2): LayerNorm((256,), eps=1e-12, elementwise_affine=True)
                                            (gate): Gate(
                                              (gate1): Linear(in_features=256, out_features=1024, bias=True)
                                              (gate2): Linear(in_features=1024, out_features=256, bias=True)
                                            )
                                          )
                                          (1): TransformerLayer(
                                            (self_attention): MultiHeadAttention(
                                              (q_lin): Linear(in_features=256, out_features=256, bias=True)
                                              (k_lin): Linear(in_features=256, out_features=256, bias=True)
                                              (v_lin): Linear(in_features=256, out_features=256, bias=True)
                                              (out_lin): Linear(in_features=256, out_features=256, bias=True)
                                            )
                                            (layer_norm1): LayerNorm((256,), eps=1e-12, elementwise_affine=True)
                                            (layer_norm15): LayerNorm((256,), eps=1e-12, elementwise_affine=True)
                                            (cross_attention): MultiHeadAttention(
                                              (q_lin): Linear(in_features=256, out_features=256, bias=True)
                                              (k_lin): Linear(in_features=256, out_features=256, bias=True)
                                              (v_lin): Linear(in_features=256, out_features=256, bias=True)
                                              (out_lin): Linear(in_features=256, out_features=256, bias=True)
                                            )
                                            (ffn): TransformerFFN(
                                              (midlin): ModuleList()
                                              (lin1): Linear(in_features=256, out_features=1024, bias=True)
                                              (lin2): Linear(in_features=1024, out_features=256, bias=True)
                                            )
                                            (layer_norm2): LayerNorm((256,), eps=1e-12, elementwise_affine=True)
                                          )
                                        )
                                        (proj): Linear(in_features=256, out_features=7, bias=True)
                                      )
INFO - 04/01/26 19:11:45 - 0:00:00 - Number of parameters (encoder): 1840640
INFO - 04/01/26 19:11:45 - 0:00:00 - Number of parameters (decoder): 3683335
INFO - 04/01/26 19:11:45 - 0:00:00 - Loading data from /home/yu_mcc/PQC_salsa/runs/n10_q17_h3/ab_main/train.prefix ... seekpos 0, basepos 0
INFO - 04/01/26 19:11:45 - 0:00:00 - Loaded 10880 equations from the disk. seekpos 0, nextpos 10880
INFO - 04/01/26 19:11:45 - 0:00:00 - Creating train dataloader...
INFO - 04/01/26 19:11:45 - 0:00:00 - Loading data from /home/yu_mcc/PQC_salsa/runs/n10_q17_h3/ab_main/test.prefix ... seekpos 0, basepos 0
INFO - 04/01/26 19:11:45 - 0:00:00 - Loaded 2048 equations from the disk. seekpos 58017, nextpos 2048
INFO - 04/01/26 19:11:45 - 0:00:00 - Creating test dataloader...
INFO - 04/01/26 19:11:45 - 0:00:00 - Found 81 parameters in model.
INFO - 04/01/26 19:11:45 - 0:00:01 - Optimizer: <class 'src.train.optim.AdamWithWarmup'>
INFO - 04/01/26 19:11:45 - 0:00:01 - ============ Starting epoch 0 ... ============
INFO - 04/01/26 19:11:45 - 0:00:01 - Initialized random generator for worker 0, with seed [0, 0, 18150871, 1775038305] (base seed=18150871).
INFO - 04/01/26 19:11:48 - 0:00:03 - ============ End of epoch 0 ============
INFO - 04/01/26 19:11:48 - 0:00:03 - Starting Distinguisher Method
INFO - 04/01/26 19:11:51 - 0:00:06 - Distinguishing 0s using the emd. 
INFO - 04/01/26 19:11:51 - 0:00:06 - Distinguisher Method emd: all bits in secret have been recovered!
INFO - 04/01/26 19:11:51 - 0:00:06 - Distinguishing 0s using the mean. 
INFO - 04/01/26 19:11:51 - 0:00:06 - Distinguisher Method mean: all bits in secret have been recovered!
INFO - 04/01/26 19:11:51 - 0:00:06 - Starting Direct Method
INFO - 04/01/26 19:11:51 - 0:00:06 - Direct:  K=7
INFO - 04/01/26 19:11:51 - 0:00:06 - Direct: all bits in secret have been recovered!
INFO - 04/01/26 19:11:51 - 0:00:06 - Direct: all bits in secret have been recovered!
INFO - 04/01/26 19:11:51 - 0:00:06 - Direct: all bits in secret have been recovered!
INFO - 04/01/26 19:11:51 - 0:00:06 - Direct: all bits in secret have been recovered!
INFO - 04/01/26 19:11:51 - 0:00:06 - Direct: all bits in secret have been recovered!
INFO - 04/01/26 19:11:51 - 0:00:06 - Direct: all bits in secret have been recovered!
INFO - 04/01/26 19:11:51 - 0:00:06 - Direct:  K=10
INFO - 04/01/26 19:11:51 - 0:00:06 - Direct: all bits in secret have been recovered!
INFO - 04/01/26 19:11:51 - 0:00:06 - Direct: all bits in secret have been recovered!
INFO - 04/01/26 19:11:51 - 0:00:06 - Direct: all bits in secret have been recovered!
INFO - 04/01/26 19:11:51 - 0:00:06 - Direct: all bits in secret have been recovered!
INFO - 04/01/26 19:11:51 - 0:00:06 - Direct: all bits in secret have been recovered!
INFO - 04/01/26 19:11:51 - 0:00:06 - Direct: all bits in secret have been recovered!
INFO - 04/01/26 19:11:51 - 0:00:06 - Direct:  K=9
INFO - 04/01/26 19:11:51 - 0:00:06 - Direct: all bits in secret have been recovered!
INFO - 04/01/26 19:11:51 - 0:00:06 - Direct: all bits in secret have been recovered!
INFO - 04/01/26 19:11:51 - 0:00:06 - Direct: all bits in secret have been recovered!
INFO - 04/01/26 19:11:51 - 0:00:06 - Direct: all bits in secret have been recovered!
INFO - 04/01/26 19:11:51 - 0:00:06 - Direct: all bits in secret have been recovered!
INFO - 04/01/26 19:11:51 - 0:00:06 - Direct: all bits in secret have been recovered!
INFO - 04/01/26 19:11:51 - 0:00:06 - Direct:  K=4
INFO - 04/01/26 19:11:51 - 0:00:06 - Direct: all bits in secret have been recovered!
INFO - 04/01/26 19:11:51 - 0:00:06 - Direct: all bits in secret have been recovered!
INFO - 04/01/26 19:11:51 - 0:00:06 - Direct: all bits in secret have been recovered!
INFO - 04/01/26 19:11:51 - 0:00:06 - Direct: all bits in secret have been recovered!
INFO - 04/01/26 19:11:51 - 0:00:06 - Direct: all bits in secret have been recovered!
INFO - 04/01/26 19:11:51 - 0:00:06 - Direct: all bits in secret have been recovered!
INFO - 04/01/26 19:11:51 - 0:00:06 - Direct:  K=7
INFO - 04/01/26 19:11:51 - 0:00:06 - Direct: all bits in secret have been recovered!
INFO - 04/01/26 19:11:51 - 0:00:06 - Direct: all bits in secret have been recovered!
INFO - 04/01/26 19:11:51 - 0:00:06 - Direct: all bits in secret have been recovered!
INFO - 04/01/26 19:11:51 - 0:00:06 - Direct: all bits in secret have been recovered!
INFO - 04/01/26 19:11:51 - 0:00:06 - Direct: all bits in secret have been recovered!
INFO - 04/01/26 19:11:51 - 0:00:06 - Direct: all bits in secret have been recovered!
INFO - 04/01/26 19:11:51 - 0:00:06 - Direct:  K=7
INFO - 04/01/26 19:11:51 - 0:00:06 - Direct: all bits in secret have been recovered!
INFO - 04/01/26 19:11:51 - 0:00:06 - Direct: all bits in secret have been recovered!
INFO - 04/01/26 19:11:51 - 0:00:06 - Direct: all bits in secret have been recovered!
INFO - 04/01/26 19:11:51 - 0:00:06 - Direct: all bits in secret have been recovered!
INFO - 04/01/26 19:11:51 - 0:00:06 - Direct: all bits in secret have been recovered!
INFO - 04/01/26 19:11:51 - 0:00:06 - Direct: all bits in secret have been recovered!
INFO - 04/01/26 19:11:51 - 0:00:06 - Direct:  K=9
INFO - 04/01/26 19:11:51 - 0:00:06 - Direct: all bits in secret have been recovered!
INFO - 04/01/26 19:11:51 - 0:00:06 - Direct: all bits in secret have been recovered!
INFO - 04/01/26 19:11:51 - 0:00:06 - Direct: all bits in secret have been recovered!
INFO - 04/01/26 19:11:51 - 0:00:06 - Direct: all bits in secret have been recovered!
INFO - 04/01/26 19:11:51 - 0:00:06 - Direct: all bits in secret have been recovered!
INFO - 04/01/26 19:11:51 - 0:00:06 - Direct: all bits in secret have been recovered!
INFO - 04/01/26 19:11:51 - 0:00:06 - Direct:  K=9
INFO - 04/01/26 19:11:51 - 0:00:06 - Direct: all bits in secret have been recovered!
INFO - 04/01/26 19:11:51 - 0:00:06 - Direct: all bits in secret have been recovered!
INFO - 04/01/26 19:11:51 - 0:00:06 - Direct: all bits in secret have been recovered!
INFO - 04/01/26 19:11:51 - 0:00:06 - Direct: all bits in secret have been recovered!
INFO - 04/01/26 19:11:51 - 0:00:06 - Direct: all bits in secret have been recovered!
INFO - 04/01/26 19:11:51 - 0:00:06 - Direct: all bits in secret have been recovered!
INFO - 04/01/26 19:11:51 - 0:00:06 - Direct:  K=6
INFO - 04/01/26 19:11:51 - 0:00:06 - Direct: all bits in secret have been recovered!
INFO - 04/01/26 19:11:51 - 0:00:06 - Direct: all bits in secret have been recovered!
INFO - 04/01/26 19:11:51 - 0:00:06 - Direct: all bits in secret have been recovered!
INFO - 04/01/26 19:11:51 - 0:00:06 - Direct: all bits in secret have been recovered!
INFO - 04/01/26 19:11:51 - 0:00:06 - Direct: all bits in secret have been recovered!
INFO - 04/01/26 19:11:51 - 0:00:06 - Direct: all bits in secret have been recovered!
INFO - 04/01/26 19:11:51 - 0:00:06 - Direct:  K=4
INFO - 04/01/26 19:11:51 - 0:00:06 - Direct: all bits in secret have been recovered!
INFO - 04/01/26 19:11:51 - 0:00:06 - Direct: all bits in secret have been recovered!
INFO - 04/01/26 19:11:51 - 0:00:06 - Direct: all bits in secret have been recovered!
INFO - 04/01/26 19:11:51 - 0:00:06 - Direct: all bits in secret have been recovered!
INFO - 04/01/26 19:11:51 - 0:00:06 - Direct: all bits in secret have been recovered!
INFO - 04/01/26 19:11:51 - 0:00:06 - Direct: all bits in secret have been recovered!
INFO - 04/01/26 19:11:51 - 0:00:06 - Direct:  K=6
INFO - 04/01/26 19:11:51 - 0:00:06 - Direct: all bits in secret have been recovered!
INFO - 04/01/26 19:11:51 - 0:00:06 - Direct: all bits in secret have been recovered!
INFO - 04/01/26 19:11:51 - 0:00:06 - Direct: all bits in secret have been recovered!
INFO - 04/01/26 19:11:51 - 0:00:06 - Direct: all bits in secret have been recovered!
INFO - 04/01/26 19:11:51 - 0:00:06 - Direct: all bits in secret have been recovered!
INFO - 04/01/26 19:11:51 - 0:00:06 - Direct: all bits in secret have been recovered!
INFO - 04/01/26 19:11:51 - 0:00:06 - Direct:  K=8
INFO - 04/01/26 19:11:51 - 0:00:06 - Direct: all bits in secret have been recovered!
INFO - 04/01/26 19:11:51 - 0:00:06 - Direct: all bits in secret have been recovered!
INFO - 04/01/26 19:11:51 - 0:00:06 - Direct: all bits in secret have been recovered!
INFO - 04/01/26 19:11:51 - 0:00:06 - Direct: all bits in secret have been recovered!
INFO - 04/01/26 19:11:51 - 0:00:06 - Direct: all bits in secret have been recovered!
INFO - 04/01/26 19:11:51 - 0:00:06 - Direct: all bits in secret have been recovered!
INFO - 04/01/26 19:11:51 - 0:00:06 - Direct:  K=10
INFO - 04/01/26 19:11:51 - 0:00:06 - Direct: all bits in secret have been recovered!
INFO - 04/01/26 19:11:51 - 0:00:06 - Direct: all bits in secret have been recovered!
INFO - 04/01/26 19:11:51 - 0:00:06 - Direct: all bits in secret have been recovered!
INFO - 04/01/26 19:11:51 - 0:00:06 - Direct: all bits in secret have been recovered!
INFO - 04/01/26 19:11:51 - 0:00:06 - Direct: all bits in secret have been recovered!
INFO - 04/01/26 19:11:51 - 0:00:06 - Direct: all bits in secret have been recovered!
INFO - 04/01/26 19:11:51 - 0:00:06 - Direct:  K=4
INFO - 04/01/26 19:11:51 - 0:00:06 - Direct: all bits in secret have been recovered!
INFO - 04/01/26 19:11:51 - 0:00:06 - Direct: all bits in secret have been recovered!
INFO - 04/01/26 19:11:51 - 0:00:06 - Direct: all bits in secret have been recovered!
INFO - 04/01/26 19:11:51 - 0:00:06 - Direct: all bits in secret have been recovered!
INFO - 04/01/26 19:11:51 - 0:00:06 - Direct: all bits in secret have been recovered!
INFO - 04/01/26 19:11:51 - 0:00:06 - Direct: all bits in secret have been recovered!
INFO - 04/01/26 19:11:51 - 0:00:06 - Direct:  K=5
INFO - 04/01/26 19:11:51 - 0:00:06 - Direct: all bits in secret have been recovered!
INFO - 04/01/26 19:11:51 - 0:00:06 - Direct: all bits in secret have been recovered!
INFO - 04/01/26 19:11:51 - 0:00:06 - Direct: all bits in secret have been recovered!
INFO - 04/01/26 19:11:51 - 0:00:06 - Direct: all bits in secret have been recovered!
INFO - 04/01/26 19:11:51 - 0:00:06 - Direct: all bits in secret have been recovered!
INFO - 04/01/26 19:11:51 - 0:00:06 - Direct: all bits in secret have been recovered!
INFO - 04/01/26 19:11:51 - 0:00:06 - Direct: all bits in secret have been recovered!
INFO - 04/01/26 19:11:51 - 0:00:07 - CA: all bits in secret have been recovered!
INFO - 04/01/26 19:11:51 - 0:00:07 - CA: all bits in secret have been recovered!
INFO - 04/01/26 19:11:51 - 0:00:07 - Hybrid: direct, ca
INFO - 04/01/26 19:11:51 - 0:00:07 - Hybrid: direct, distinguisher
INFO - 04/01/26 19:11:51 - 0:00:07 - Hybrid: ca, distinguisher
INFO - 04/01/26 19:11:51 - 0:00:07 - Hybrid: direct, ca, distinguisher
INFO - 04/01/26 19:11:51 - 0:00:07 - __log__:{"epoch": 0, "valid_xe_loss": 2.7353617548942566}
INFO - 04/01/26 19:11:51 - 0:00:07 - Found secret match - ending experiment.
INFO - 04/01/26 19:11:51 - 0:00:07 - Saving checkpoint to /home/yu_mcc/PQC_salsa/runs/n10_q17_h3/train_gpu/checkpoint.pth ...
WARNING - 04/01/26 19:11:51 - 0:00:07 - Saving encoder parameters ...
WARNING - 04/01/26 19:11:51 - 0:00:07 - Saving decoder parameters ...
WARNING - 04/01/26 19:11:51 - 0:00:07 - Saving optimizer ...
