INFO - 04/02/26 14:05:05 - 0:00:00 - ============ Initialized logger ============
INFO - 04/02/26 14:05:05 - 0:00:00 - N: 5
                                     Q: 17
                                     algo: BKZ2.0
                                     algo2: BKZ2.0
                                     batch_size: 20
                                     bkz_block_size: 30
                                     bkz_block_size2: 40
                                     command: python generate.py --step Ab --dump_path './data_n5q17/ab' --reload_data './data_n5q17/ra/debug/78rn1z9b8t' --secret_dir './data_n5q17/ab' --min_hamming 3 --max_hamming 3 --num_secret_seeds 5 --secret_type gaussian --sigma 3 --epoch_size 20000 --reload_size 20000 --num_workers 1 --timeout 120 --exp_id "9xb7d35zpp"
                                     correctQ: False
                                     cpu: True
                                     debug: False
                                     debug_slurm: False
                                     dump_path: ./data_n5q17/ab/debug/9xb7d35zpp
                                     env_base_seed: -1
                                     epoch_size: 20000
                                     exp_id: 9xb7d35zpp
                                     exp_name: debug
                                     float_type: double
                                     gamma: 2
                                     global_rank: 0
                                     is_master: True
                                     is_slurm_job: False
                                     lll_delta: 0.96
                                     lll_delta2: 0.99
                                     lll_penalty: 10
                                     local_rank: 0
                                     lwe: False
                                     m: 5
                                     master_port: -1
                                     max_hamming: 3
                                     max_timeout_count: 10
                                     min_hamming: 3
                                     multi_gpu: False
                                     multi_node: False
                                     n_gpu_per_node: 1
                                     n_nodes: 1
                                     node_id: 0
                                     num_orig_samples: -1
                                     num_secret_seeds: 5
                                     num_workers: 1
                                     orig_A_path: ./data_n5q17/orig_A.npy
                                     reload_data: ./data_n5q17/ra/debug/78rn1z9b8t
                                     reload_perm: 
                                     reload_size: 20000
                                     resume_path: 
                                     rnorm: 1.0
                                     secret_dir: ./data_n5q17/ab
                                     secret_type: gaussian
                                     sigma: 3.0
                                     step: Ab
                                     threshold: -1
                                     threshold2: 0.5
                                     timeout: 120
                                     tiny1: False
                                     tiny2: True
                                     use_polish: False
                                     world_size: 1
INFO - 04/02/26 14:05:05 - 0:00:00 - The experiment will be stored in ./data_n5q17/ab/debug/9xb7d35zpp
                                     
INFO - 04/02/26 14:05:05 - 0:00:00 - Running command: python generate.py --step Ab --dump_path './data_n5q17/ab' --reload_data './data_n5q17/ra/debug/78rn1z9b8t' --secret_dir './data_n5q17/ab' --min_hamming 3 --max_hamming 3 --num_secret_seeds 5 --secret_type gaussian --sigma 3 --epoch_size 20000 --reload_size 20000 --num_workers 1 --timeout 120

INFO - 04/02/26 14:05:05 - 0:00:00 -  Nb CPU: 24 and Nb worker: 1
INFO - 04/02/26 14:05:05 - 0:00:00 - Creating gaussian secret
INFO - 04/02/26 14:05:05 - 0:00:00 - Data will be stored in: ./data_n5q17/ab/debug/9xb7d35zpp/test.prefix ...
INFO - 04/02/26 14:05:05 - 0:00:00 - Loading data from ./data_n5q17/ra/debug/78rn1z9b8t/data.prefix ... seekpos 0
INFO - 04/02/26 14:05:05 - 0:00:00 - Loaded 10000 matrices from the disk. seekpos 1254651
INFO - 04/02/26 14:05:05 - 0:00:00 -     500 - 33304.36 equations/s - 
INFO - 04/02/26 14:05:05 - 0:00:00 -    1000 - 226701.98 equations/s - 
INFO - 04/02/26 14:05:05 - 0:00:00 -    1500 - 182427.67 equations/s - 
INFO - 04/02/26 14:05:05 - 0:00:00 -    2000 - 165965.13 equations/s - 
INFO - 04/02/26 14:05:05 - 0:00:00 -    2500 - 145079.42 equations/s - 
INFO - 04/02/26 14:05:05 - 0:00:00 -    3000 - 140781.53 equations/s - 
INFO - 04/02/26 14:05:05 - 0:00:00 -    3500 - 134328.63 equations/s - 
INFO - 04/02/26 14:05:06 - 0:00:00 -    4000 - 45797.04 equations/s - 
INFO - 04/02/26 14:05:06 - 0:00:01 -    4500 - 25609.57 equations/s - 
INFO - 04/02/26 14:05:06 - 0:00:01 -    5000 - 23696.77 equations/s - 
INFO - 04/02/26 14:05:06 - 0:00:01 -    5500 - 21292.53 equations/s - 
INFO - 04/02/26 14:05:06 - 0:00:01 -    6000 - 18307.06 equations/s - 
INFO - 04/02/26 14:05:07 - 0:00:02 -    6500 - 17590.09 equations/s - 
INFO - 04/02/26 14:05:07 - 0:00:02 -    7000 - 16636.54 equations/s - 
INFO - 04/02/26 14:05:07 - 0:00:02 -    7500 - 15918.92 equations/s - 
INFO - 04/02/26 14:05:08 - 0:00:03 -    8000 - 13781.81 equations/s - 
INFO - 04/02/26 14:05:08 - 0:00:03 -    8500 - 13533.89 equations/s - 
INFO - 04/02/26 14:05:09 - 0:00:03 -    9000 - 11815.33 equations/s - 
INFO - 04/02/26 14:05:09 - 0:00:04 -    9500 - 11537.54 equations/s - 
INFO - 04/02/26 14:05:09 - 0:00:04 -   10000 - 13994.87 equations/s - 
INFO - 04/02/26 14:05:09 - 0:00:04 - Loading data from ./data_n5q17/ra/debug/78rn1z9b8t/data.prefix ... seekpos 1254651
INFO - 04/02/26 14:05:09 - 0:00:04 - Loaded 0 matrices from the disk. seekpos 1254651
INFO - 04/02/26 14:05:09 - 0:00:04 - ============ End of file ============
INFO - 04/02/26 14:05:09 - 0:00:04 - Saved diff at ./data_n5q17/ab/debug/9xb7d35zpp/diff.npy
