INFO - 04/02/26 17:02:13 - 0:00:00 - ============ Initialized logger ============
INFO - 04/02/26 17:02:13 - 0:00:00 - N: 10
                                     Q: 17
                                     accumulate_gradients: 1
                                     act_ponder_coupling: 0.05
                                     act_threshold: 0.01
                                     add_unred_perc: 0
                                     amp: -1
                                     attention_dropout: 0.0
                                     balanced_base: False
                                     batch_load: False
                                     batch_size: 32
                                     beam_early_stopping: True
                                     beam_eval: True
                                     beam_eval_train: 0
                                     beam_length_penalty: 1
                                     beam_size: 1
                                     clip_grad_norm: 5
                                     command: python train.py --cpu true --fp16 false --amp '-1' --reload_data '/home/yu_mcc/PQC_salsa/runs/n10_q17_h3/ab_ternary' --secret_seed 0 --hamming 3 --input_int_base 3 --share_token 1 --dump_path '/home/yu_mcc/PQC_salsa/runs' --exp_name acc_fix_smoke2 --exp_id restore_acc2 --batch_size 32 --epoch_size 64 --max_epoch 1 --eval_size 32 --distinguisher_size 16 --enc_emb_dim 64 --dec_emb_dim 64 --n_enc_layers 1 --n_dec_layers 2 --n_enc_heads 4 --n_dec_heads 4 --n_cross_heads 4 --enc_loops 1 --dec_loops 2 --dropout 0 --attention_dropout 0 --optimizer 'adam_warmup,lr=0.0001,warmup_updates=10,warmup_init_lr=0.000001' --num_workers 0 --beam_size 1 --max_output_len 4 --debug --exp_id "restore_acc2"
                                     correctQ: False
                                     cpu: True
                                     data_cols: None
                                     debug: True
                                     debug_slurm: True
                                     dec_act: False
                                     dec_emb_dim: 64
                                     dec_gated: False
                                     dec_loop_idx: 0
                                     dec_loops: 2
                                     dense_cols: None
                                     dim_red: 
                                     distinguisher_size: 16
                                     dropout: 0.0
                                     dump_path: /home/yu_mcc/PQC_salsa/runs/debug/restore_acc2
                                     enc_act: False
                                     enc_emb_dim: 64
                                     enc_gated: False
                                     enc_loop_idx: -1
                                     enc_loops: 1
                                     env_base_seed: 278874713
                                     epoch_size: 64
                                     eval_data: 
                                     eval_from_exp: 
                                     eval_only: False
                                     eval_size: 32
                                     eval_verbose: 0
                                     eval_verbose_print: False
                                     exit_on_secret_match: True
                                     exp_id: restore_acc2
                                     exp_name: debug
                                     fp16: False
                                     freeze_embeddings: False
                                     gated: True
                                     gelu_activation: False
                                     global_rank: 0
                                     hamming: 3
                                     input_int_base: 3
                                     is_master: True
                                     is_slurm_job: False
                                     local_rank: 0
                                     master_port: -1
                                     max_epoch: 1
                                     max_output_len: 4
                                     multi_gpu: False
                                     multi_node: False
                                     n_cross_heads: 4
                                     n_dec_heads: 4
                                     n_dec_hidden_layers: 1
                                     n_dec_layers: 2
                                     n_enc_heads: 4
                                     n_enc_hidden_layers: 1
                                     n_enc_layers: 1
                                     n_gpu_per_node: 1
                                     n_nodes: 1
                                     node_id: 0
                                     norm_attention: False
                                     num_reuse_samples: 10000
                                     num_workers: 0
                                     nvidia_apex: False
                                     optimizer: adam_warmup,lr=0.0001,warmup_updates=10,warmup_init_lr=0.000001
                                     output_int_base: 3
                                     reload_checkpoint: 
                                     reload_data: /home/yu_mcc/PQC_salsa/runs/n10_q17_h3/ab_ternary
                                     reload_model: 
                                     reload_size: 10000000
                                     reuse: False
                                     scalar_gate: False
                                     secret: [-1  0  0  0  0  0  1  0 -1  0]
                                     secret_col: 0
                                     secret_seed: 0
                                     secret_type: ternary
                                     share_inout_emb: True
                                     share_token: 1
                                     shuffle: True
                                     sigma: 3.0
                                     sinusoidal_embeddings: False
                                     stopping_criterion: 
                                     test_path: /home/yu_mcc/PQC_salsa/runs/n10_q17_h3/ab_ternary/test.prefix
                                     times_reused: 10
                                     train_path: /home/yu_mcc/PQC_salsa/runs/n10_q17_h3/ab_ternary/train.prefix
                                     transformermode: old
                                     validation_metrics: 
                                     weighted_loss: False
                                     windows: False
                                     world_size: 1
                                     xav_init: False
INFO - 04/02/26 17:02:13 - 0:00:00 - The experiment will be stored in /home/yu_mcc/PQC_salsa/runs/debug/restore_acc2
                                     
INFO - 04/02/26 17:02:13 - 0:00:00 - Running command: python train.py --cpu true --fp16 false --amp '-1' --reload_data '/home/yu_mcc/PQC_salsa/runs/n10_q17_h3/ab_ternary' --secret_seed 0 --hamming 3 --input_int_base 3 --share_token 1 --dump_path '/home/yu_mcc/PQC_salsa/runs' --exp_name acc_fix_smoke2 --exp_id restore_acc2 --batch_size 32 --epoch_size 64 --max_epoch 1 --eval_size 32 --distinguisher_size 16 --enc_emb_dim 64 --dec_emb_dim 64 --n_enc_layers 1 --n_dec_layers 2 --n_enc_heads 4 --n_dec_heads 4 --n_cross_heads 4 --enc_loops 1 --dec_loops 2 --dropout 0 --attention_dropout 0 --optimizer 'adam_warmup,lr=0.0001,warmup_updates=10,warmup_init_lr=0.000001' --num_workers 0 --beam_size 1 --max_output_len 4 --debug

INFO - 04/02/26 17:02:13 - 0:00:00 - vocabulary: 7 words
INFO - 04/02/26 17:02:13 - 0:00:00 - words: {'<eos>': 0, '<pad>': 1, '<mask>': 2, '+': 3, '0': 4, '1': 5, '2': 6}
DEBUG - 04/02/26 17:02:13 - 0:00:00 - TransformerModel(
                                        (position_embeddings): Embedding(4096, 64)
                                        (embeddings): Embedding(7, 64, padding_idx=1)
                                        (layer_norm_emb): LayerNorm((64,), eps=1e-12, elementwise_affine=True)
                                        (layers): ModuleList(
                                          (0): TransformerLayer(
                                            (self_attention): MultiHeadAttention(
                                              (q_lin): Linear(in_features=64, out_features=64, bias=True)
                                              (k_lin): Linear(in_features=64, out_features=64, bias=True)
                                              (v_lin): Linear(in_features=64, out_features=64, bias=True)
                                              (out_lin): Linear(in_features=64, out_features=64, bias=True)
                                            )
                                            (layer_norm1): LayerNorm((64,), eps=1e-12, elementwise_affine=True)
                                            (ffn): TransformerFFN(
                                              (midlin): ModuleList()
                                              (lin1): Linear(in_features=64, out_features=256, bias=True)
                                              (lin2): Linear(in_features=256, out_features=64, bias=True)
                                            )
                                            (layer_norm2): LayerNorm((64,), eps=1e-12, elementwise_affine=True)
                                          )
                                        )
                                      ): TransformerModel(
                                        (position_embeddings): Embedding(4096, 64)
                                        (embeddings): Embedding(7, 64, padding_idx=1)
                                        (layer_norm_emb): LayerNorm((64,), eps=1e-12, elementwise_affine=True)
                                        (layers): ModuleList(
                                          (0): TransformerLayer(
                                            (self_attention): MultiHeadAttention(
                                              (q_lin): Linear(in_features=64, out_features=64, bias=True)
                                              (k_lin): Linear(in_features=64, out_features=64, bias=True)
                                              (v_lin): Linear(in_features=64, out_features=64, bias=True)
                                              (out_lin): Linear(in_features=64, out_features=64, bias=True)
                                            )
                                            (layer_norm1): LayerNorm((64,), eps=1e-12, elementwise_affine=True)
                                            (ffn): TransformerFFN(
                                              (midlin): ModuleList()
                                              (lin1): Linear(in_features=64, out_features=256, bias=True)
                                              (lin2): Linear(in_features=256, out_features=64, bias=True)
                                            )
                                            (layer_norm2): LayerNorm((64,), eps=1e-12, elementwise_affine=True)
                                          )
                                        )
                                      )
DEBUG - 04/02/26 17:02:13 - 0:00:00 - TransformerModel(
                                        (position_embeddings): Embedding(4096, 64)
                                        (embeddings): Embedding(7, 64, padding_idx=1)
                                        (layer_norm_emb): LayerNorm((64,), eps=1e-12, elementwise_affine=True)
                                        (layers): ModuleList(
                                          (0): TransformerLayer(
                                            (self_attention): MultiHeadAttention(
                                              (q_lin): Linear(in_features=64, out_features=64, bias=True)
                                              (k_lin): Linear(in_features=64, out_features=64, bias=True)
                                              (v_lin): Linear(in_features=64, out_features=64, bias=True)
                                              (out_lin): Linear(in_features=64, out_features=64, bias=True)
                                            )
                                            (layer_norm1): LayerNorm((64,), eps=1e-12, elementwise_affine=True)
                                            (layer_norm15): LayerNorm((64,), eps=1e-12, elementwise_affine=True)
                                            (cross_attention): MultiHeadAttention(
                                              (q_lin): Linear(in_features=64, out_features=64, bias=True)
                                              (k_lin): Linear(in_features=64, out_features=64, bias=True)
                                              (v_lin): Linear(in_features=64, out_features=64, bias=True)
                                              (out_lin): Linear(in_features=64, out_features=64, bias=True)
                                            )
                                            (ffn): TransformerFFN(
                                              (midlin): ModuleList()
                                              (lin1): Linear(in_features=64, out_features=256, bias=True)
                                              (lin2): Linear(in_features=256, out_features=64, bias=True)
                                            )
                                            (layer_norm2): LayerNorm((64,), eps=1e-12, elementwise_affine=True)
                                            (gate): Gate(
                                              (gate1): Linear(in_features=64, out_features=256, bias=True)
                                              (gate2): Linear(in_features=256, out_features=64, bias=True)
                                            )
                                          )
                                          (1): TransformerLayer(
                                            (self_attention): MultiHeadAttention(
                                              (q_lin): Linear(in_features=64, out_features=64, bias=True)
                                              (k_lin): Linear(in_features=64, out_features=64, bias=True)
                                              (v_lin): Linear(in_features=64, out_features=64, bias=True)
                                              (out_lin): Linear(in_features=64, out_features=64, bias=True)
                                            )
                                            (layer_norm1): LayerNorm((64,), eps=1e-12, elementwise_affine=True)
                                            (layer_norm15): LayerNorm((64,), eps=1e-12, elementwise_affine=True)
                                            (cross_attention): MultiHeadAttention(
                                              (q_lin): Linear(in_features=64, out_features=64, bias=True)
                                              (k_lin): Linear(in_features=64, out_features=64, bias=True)
                                              (v_lin): Linear(in_features=64, out_features=64, bias=True)
                                              (out_lin): Linear(in_features=64, out_features=64, bias=True)
                                            )
                                            (ffn): TransformerFFN(
                                              (midlin): ModuleList()
                                              (lin1): Linear(in_features=64, out_features=256, bias=True)
                                              (lin2): Linear(in_features=256, out_features=64, bias=True)
                                            )
                                            (layer_norm2): LayerNorm((64,), eps=1e-12, elementwise_affine=True)
                                          )
                                        )
                                        (proj): Linear(in_features=64, out_features=7, bias=True)
                                      ): TransformerModel(
                                        (position_embeddings): Embedding(4096, 64)
                                        (embeddings): Embedding(7, 64, padding_idx=1)
                                        (layer_norm_emb): LayerNorm((64,), eps=1e-12, elementwise_affine=True)
                                        (layers): ModuleList(
                                          (0): TransformerLayer(
                                            (self_attention): MultiHeadAttention(
                                              (q_lin): Linear(in_features=64, out_features=64, bias=True)
                                              (k_lin): Linear(in_features=64, out_features=64, bias=True)
                                              (v_lin): Linear(in_features=64, out_features=64, bias=True)
                                              (out_lin): Linear(in_features=64, out_features=64, bias=True)
                                            )
                                            (layer_norm1): LayerNorm((64,), eps=1e-12, elementwise_affine=True)
                                            (layer_norm15): LayerNorm((64,), eps=1e-12, elementwise_affine=True)
                                            (cross_attention): MultiHeadAttention(
                                              (q_lin): Linear(in_features=64, out_features=64, bias=True)
                                              (k_lin): Linear(in_features=64, out_features=64, bias=True)
                                              (v_lin): Linear(in_features=64, out_features=64, bias=True)
                                              (out_lin): Linear(in_features=64, out_features=64, bias=True)
                                            )
                                            (ffn): TransformerFFN(
                                              (midlin): ModuleList()
                                              (lin1): Linear(in_features=64, out_features=256, bias=True)
                                              (lin2): Linear(in_features=256, out_features=64, bias=True)
                                            )
                                            (layer_norm2): LayerNorm((64,), eps=1e-12, elementwise_affine=True)
                                            (gate): Gate(
                                              (gate1): Linear(in_features=64, out_features=256, bias=True)
                                              (gate2): Linear(in_features=256, out_features=64, bias=True)
                                            )
                                          )
                                          (1): TransformerLayer(
                                            (self_attention): MultiHeadAttention(
                                              (q_lin): Linear(in_features=64, out_features=64, bias=True)
                                              (k_lin): Linear(in_features=64, out_features=64, bias=True)
                                              (v_lin): Linear(in_features=64, out_features=64, bias=True)
                                              (out_lin): Linear(in_features=64, out_features=64, bias=True)
                                            )
                                            (layer_norm1): LayerNorm((64,), eps=1e-12, elementwise_affine=True)
                                            (layer_norm15): LayerNorm((64,), eps=1e-12, elementwise_affine=True)
                                            (cross_attention): MultiHeadAttention(
                                              (q_lin): Linear(in_features=64, out_features=64, bias=True)
                                              (k_lin): Linear(in_features=64, out_features=64, bias=True)
                                              (v_lin): Linear(in_features=64, out_features=64, bias=True)
                                              (out_lin): Linear(in_features=64, out_features=64, bias=True)
                                            )
                                            (ffn): TransformerFFN(
                                              (midlin): ModuleList()
                                              (lin1): Linear(in_features=64, out_features=256, bias=True)
                                              (lin2): Linear(in_features=256, out_features=64, bias=True)
                                            )
                                            (layer_norm2): LayerNorm((64,), eps=1e-12, elementwise_affine=True)
                                          )
                                        )
                                        (proj): Linear(in_features=64, out_features=7, bias=True)
                                      )
INFO - 04/02/26 17:02:13 - 0:00:00 - Number of parameters (encoder): 312704
INFO - 04/02/26 17:02:13 - 0:00:00 - Number of parameters (decoder): 429319
INFO - 04/02/26 17:02:13 - 0:00:00 - Loading data from /home/yu_mcc/PQC_salsa/runs/n10_q17_h3/ab_ternary/train.prefix ... seekpos 0, basepos 0
INFO - 04/02/26 17:02:13 - 0:00:00 - Loaded 10880 equations from the disk. seekpos 0, nextpos 10880
INFO - 04/02/26 17:02:13 - 0:00:00 - Creating train dataloader...
INFO - 04/02/26 17:02:13 - 0:00:00 - Loading data from /home/yu_mcc/PQC_salsa/runs/n10_q17_h3/ab_ternary/test.prefix ... seekpos 0, basepos 0
INFO - 04/02/26 17:02:13 - 0:00:00 - Loaded 32 equations from the disk. seekpos 939, nextpos 32
INFO - 04/02/26 17:02:13 - 0:00:00 - Creating test dataloader...
INFO - 04/02/26 17:02:13 - 0:00:00 - Found 81 parameters in model.
INFO - 04/02/26 17:02:13 - 0:00:01 - Optimizer: <class 'src.train.optim.AdamWithWarmup'>
INFO - 04/02/26 17:02:13 - 0:00:01 - ============ Starting epoch 0 ... ============
INFO - 04/02/26 17:02:13 - 0:00:01 - Initialized random generator for worker 0, with seed [0, 0, 278874713, 1775116933] (base seed=278874713).
INFO - 04/02/26 17:02:15 - 0:00:03 -       2 -   30.29 equations/s -  1059.98 words/s - MEM: 0.00 GB - LOSS:  4.4601 || ACC1:  0.0000 || ACC2:  9.3750 - LR: 2.0800e-05
INFO - 04/02/26 17:02:15 - 0:00:03 - ============ End of epoch 0 ============
INFO - 04/02/26 17:02:15 - 0:00:03 - Starting Distinguisher Method
INFO - 04/02/26 17:02:19 - 0:00:06 - Distinguishing 0s using the emd. 
INFO - 04/02/26 17:02:19 - 0:00:06 - Distinguishing +/-1s using the emd. 
INFO - 04/02/26 17:02:19 - 0:00:06 - Real secret: -1: {np.int64(0), np.int64(8)}, 1: {np.int64(6)}
INFO - 04/02/26 17:02:19 - 0:00:06 - Nonzero bits not identified. Guess: [7 8 9]
INFO - 04/02/26 17:02:19 - 0:00:06 - Distinguishing +/-1s using the mean. 
INFO - 04/02/26 17:02:19 - 0:00:06 - Real secret: -1: {np.int64(0), np.int64(8)}, 1: {np.int64(6)}
INFO - 04/02/26 17:02:19 - 0:00:06 - Nonzero bits not identified. Guess: [7 8 9]
INFO - 04/02/26 17:02:19 - 0:00:06 - Distinguishing 0s using the mean. 
INFO - 04/02/26 17:02:19 - 0:00:06 - Distinguishing +/-1s using the emd. 
INFO - 04/02/26 17:02:19 - 0:00:06 - Real secret: -1: {np.int64(0), np.int64(8)}, 1: {np.int64(6)}
INFO - 04/02/26 17:02:19 - 0:00:06 - Nonzero bits not identified. Guess: [7 8 9]
INFO - 04/02/26 17:02:19 - 0:00:06 - Distinguishing +/-1s using the mean. 
INFO - 04/02/26 17:02:19 - 0:00:06 - Real secret: -1: {np.int64(0), np.int64(8)}, 1: {np.int64(6)}
INFO - 04/02/26 17:02:19 - 0:00:06 - Nonzero bits not identified. Guess: [7 8 9]
INFO - 04/02/26 17:02:19 - 0:00:06 - Starting Direct Method
INFO - 04/02/26 17:02:19 - 0:00:06 - Direct:  K=11
INFO - 04/02/26 17:02:19 - 0:00:06 - Direct: all bits in secret have been recovered! (true secret = [-1  0  0  0  0  0  1  0 -1  0], predicted secret = [1 1 1 1 1 1 1 1 1 1], true support = [1 0 0 0 0 0 1 0 1 0], predicted support = [1 1 1 1 1 1 1 1 1 1])
INFO - 04/02/26 17:02:19 - 0:00:06 - Direct: all bits in secret have been recovered! (true secret = [-1  0  0  0  0  0  1  0 -1  0], predicted secret = [0 0 0 0 0 0 0 0 0 0], true support = [1 0 0 0 0 0 1 0 1 0], predicted support = [0 0 0 0 0 0 0 0 0 0])
INFO - 04/02/26 17:02:19 - 0:00:06 - Direct: all bits in secret have been recovered! (true secret = [-1  0  0  0  0  0  1  0 -1  0], predicted secret = [1 1 1 1 1 1 1 1 1 1], true support = [1 0 0 0 0 0 1 0 1 0], predicted support = [1 1 1 1 1 1 1 1 1 1])
INFO - 04/02/26 17:02:19 - 0:00:06 - Direct: all bits in secret have been recovered! (true secret = [-1  0  0  0  0  0  1  0 -1  0], predicted secret = [0 0 0 0 0 0 0 0 0 0], true support = [1 0 0 0 0 0 1 0 1 0], predicted support = [0 0 0 0 0 0 0 0 0 0])
INFO - 04/02/26 17:02:19 - 0:00:06 - Direct: all bits in secret have been recovered! (true secret = [-1  0  0  0  0  0  1  0 -1  0], predicted secret = [1 1 1 1 1 1 1 1 1 1], true support = [1 0 0 0 0 0 1 0 1 0], predicted support = [1 1 1 1 1 1 1 1 1 1])
INFO - 04/02/26 17:02:19 - 0:00:06 - Direct: all bits in secret have been recovered! (true secret = [-1  0  0  0  0  0  1  0 -1  0], predicted secret = [0 0 0 0 0 0 0 0 0 0], true support = [1 0 0 0 0 0 1 0 1 0], predicted support = [0 0 0 0 0 0 0 0 0 0])
INFO - 04/02/26 17:02:19 - 0:00:06 - Direct:  K=6
INFO - 04/02/26 17:02:20 - 0:00:07 - Direct: all bits in secret have been recovered! (true secret = [-1  0  0  0  0  0  1  0 -1  0], predicted secret = [1 1 1 1 1 1 1 1 1 1], true support = [1 0 0 0 0 0 1 0 1 0], predicted support = [1 1 1 1 1 1 1 1 1 1])
INFO - 04/02/26 17:02:20 - 0:00:07 - Direct: all bits in secret have been recovered! (true secret = [-1  0  0  0  0  0  1  0 -1  0], predicted secret = [0 0 0 0 0 0 0 0 0 0], true support = [1 0 0 0 0 0 1 0 1 0], predicted support = [0 0 0 0 0 0 0 0 0 0])
INFO - 04/02/26 17:02:20 - 0:00:07 - Direct: all bits in secret have been recovered! (true secret = [-1  0  0  0  0  0  1  0 -1  0], predicted secret = [1 1 1 1 1 1 1 1 1 1], true support = [1 0 0 0 0 0 1 0 1 0], predicted support = [1 1 1 1 1 1 1 1 1 1])
INFO - 04/02/26 17:02:20 - 0:00:07 - Direct: all bits in secret have been recovered! (true secret = [-1  0  0  0  0  0  1  0 -1  0], predicted secret = [0 0 0 0 0 0 0 0 0 0], true support = [1 0 0 0 0 0 1 0 1 0], predicted support = [0 0 0 0 0 0 0 0 0 0])
INFO - 04/02/26 17:02:20 - 0:00:07 - Direct: all bits in secret have been recovered! (true secret = [-1  0  0  0  0  0  1  0 -1  0], predicted secret = [1 1 1 1 1 1 1 1 1 1], true support = [1 0 0 0 0 0 1 0 1 0], predicted support = [1 1 1 1 1 1 1 1 1 1])
INFO - 04/02/26 17:02:20 - 0:00:07 - Direct: all bits in secret have been recovered! (true secret = [-1  0  0  0  0  0  1  0 -1  0], predicted secret = [0 0 0 0 0 0 0 0 0 0], true support = [1 0 0 0 0 0 1 0 1 0], predicted support = [0 0 0 0 0 0 0 0 0 0])
INFO - 04/02/26 17:02:20 - 0:00:07 - Direct:  K=6
INFO - 04/02/26 17:02:20 - 0:00:07 - Direct: all bits in secret have been recovered! (true secret = [-1  0  0  0  0  0  1  0 -1  0], predicted secret = [1 1 1 1 1 1 1 1 1 1], true support = [1 0 0 0 0 0 1 0 1 0], predicted support = [1 1 1 1 1 1 1 1 1 1])
INFO - 04/02/26 17:02:20 - 0:00:07 - Direct: all bits in secret have been recovered! (true secret = [-1  0  0  0  0  0  1  0 -1  0], predicted secret = [0 0 0 0 0 0 0 0 0 0], true support = [1 0 0 0 0 0 1 0 1 0], predicted support = [0 0 0 0 0 0 0 0 0 0])
INFO - 04/02/26 17:02:20 - 0:00:07 - Direct: all bits in secret have been recovered! (true secret = [-1  0  0  0  0  0  1  0 -1  0], predicted secret = [1 1 1 1 1 1 1 1 1 1], true support = [1 0 0 0 0 0 1 0 1 0], predicted support = [1 1 1 1 1 1 1 1 1 1])
INFO - 04/02/26 17:02:20 - 0:00:07 - Direct: all bits in secret have been recovered! (true secret = [-1  0  0  0  0  0  1  0 -1  0], predicted secret = [0 0 0 0 0 0 0 0 0 0], true support = [1 0 0 0 0 0 1 0 1 0], predicted support = [0 0 0 0 0 0 0 0 0 0])
INFO - 04/02/26 17:02:20 - 0:00:07 - Direct: all bits in secret have been recovered! (true secret = [-1  0  0  0  0  0  1  0 -1  0], predicted secret = [1 1 1 1 1 1 1 1 1 1], true support = [1 0 0 0 0 0 1 0 1 0], predicted support = [1 1 1 1 1 1 1 1 1 1])
INFO - 04/02/26 17:02:20 - 0:00:07 - Direct: all bits in secret have been recovered! (true secret = [-1  0  0  0  0  0  1  0 -1  0], predicted secret = [0 0 0 0 0 0 0 0 0 0], true support = [1 0 0 0 0 0 1 0 1 0], predicted support = [0 0 0 0 0 0 0 0 0 0])
INFO - 04/02/26 17:02:20 - 0:00:07 - Direct:  K=10
INFO - 04/02/26 17:02:20 - 0:00:08 - Direct: all bits in secret have been recovered! (true secret = [-1  0  0  0  0  0  1  0 -1  0], predicted secret = [1 1 1 1 1 1 1 1 1 1], true support = [1 0 0 0 0 0 1 0 1 0], predicted support = [1 1 1 1 1 1 1 1 1 1])
INFO - 04/02/26 17:02:20 - 0:00:08 - Direct: all bits in secret have been recovered! (true secret = [-1  0  0  0  0  0  1  0 -1  0], predicted secret = [0 0 0 0 0 0 0 0 0 0], true support = [1 0 0 0 0 0 1 0 1 0], predicted support = [0 0 0 0 0 0 0 0 0 0])
INFO - 04/02/26 17:02:20 - 0:00:08 - Direct: all bits in secret have been recovered! (true secret = [-1  0  0  0  0  0  1  0 -1  0], predicted secret = [1 1 1 1 1 1 1 1 1 1], true support = [1 0 0 0 0 0 1 0 1 0], predicted support = [1 1 1 1 1 1 1 1 1 1])
INFO - 04/02/26 17:02:20 - 0:00:08 - Direct: all bits in secret have been recovered! (true secret = [-1  0  0  0  0  0  1  0 -1  0], predicted secret = [0 0 0 0 0 0 0 0 0 0], true support = [1 0 0 0 0 0 1 0 1 0], predicted support = [0 0 0 0 0 0 0 0 0 0])
INFO - 04/02/26 17:02:20 - 0:00:08 - Direct: all bits in secret have been recovered! (true secret = [-1  0  0  0  0  0  1  0 -1  0], predicted secret = [1 1 1 1 1 1 1 1 1 1], true support = [1 0 0 0 0 0 1 0 1 0], predicted support = [1 1 1 1 1 1 1 1 1 1])
INFO - 04/02/26 17:02:20 - 0:00:08 - Direct: all bits in secret have been recovered! (true secret = [-1  0  0  0  0  0  1  0 -1  0], predicted secret = [0 0 0 0 0 0 0 0 0 0], true support = [1 0 0 0 0 0 1 0 1 0], predicted support = [0 0 0 0 0 0 0 0 0 0])
INFO - 04/02/26 17:02:20 - 0:00:08 - Direct:  K=4
INFO - 04/02/26 17:02:21 - 0:00:08 - Direct: all bits in secret have been recovered! (true secret = [-1  0  0  0  0  0  1  0 -1  0], predicted secret = [1 1 1 1 1 1 1 1 1 1], true support = [1 0 0 0 0 0 1 0 1 0], predicted support = [1 1 1 1 1 1 1 1 1 1])
INFO - 04/02/26 17:02:21 - 0:00:08 - Direct: all bits in secret have been recovered! (true secret = [-1  0  0  0  0  0  1  0 -1  0], predicted secret = [0 0 0 0 0 0 0 0 0 0], true support = [1 0 0 0 0 0 1 0 1 0], predicted support = [0 0 0 0 0 0 0 0 0 0])
INFO - 04/02/26 17:02:21 - 0:00:08 - Direct: all bits in secret have been recovered! (true secret = [-1  0  0  0  0  0  1  0 -1  0], predicted secret = [1 1 1 1 1 1 1 1 1 1], true support = [1 0 0 0 0 0 1 0 1 0], predicted support = [1 1 1 1 1 1 1 1 1 1])
INFO - 04/02/26 17:02:21 - 0:00:08 - Direct: all bits in secret have been recovered! (true secret = [-1  0  0  0  0  0  1  0 -1  0], predicted secret = [0 0 0 0 0 0 0 0 0 0], true support = [1 0 0 0 0 0 1 0 1 0], predicted support = [0 0 0 0 0 0 0 0 0 0])
INFO - 04/02/26 17:02:21 - 0:00:08 - Direct: all bits in secret have been recovered! (true secret = [-1  0  0  0  0  0  1  0 -1  0], predicted secret = [1 1 1 1 1 1 1 1 1 1], true support = [1 0 0 0 0 0 1 0 1 0], predicted support = [1 1 1 1 1 1 1 1 1 1])
INFO - 04/02/26 17:02:21 - 0:00:08 - Direct: all bits in secret have been recovered! (true secret = [-1  0  0  0  0  0  1  0 -1  0], predicted secret = [0 0 0 0 0 0 0 0 0 0], true support = [1 0 0 0 0 0 1 0 1 0], predicted support = [0 0 0 0 0 0 0 0 0 0])
INFO - 04/02/26 17:02:21 - 0:00:08 - Direct:  K=8
INFO - 04/02/26 17:02:22 - 0:00:09 - Direct: all bits in secret have been recovered! (true secret = [-1  0  0  0  0  0  1  0 -1  0], predicted secret = [1 1 1 1 1 1 1 1 1 1], true support = [1 0 0 0 0 0 1 0 1 0], predicted support = [1 1 1 1 1 1 1 1 1 1])
INFO - 04/02/26 17:02:22 - 0:00:09 - Direct: all bits in secret have been recovered! (true secret = [-1  0  0  0  0  0  1  0 -1  0], predicted secret = [0 0 0 0 0 0 0 0 0 0], true support = [1 0 0 0 0 0 1 0 1 0], predicted support = [0 0 0 0 0 0 0 0 0 0])
INFO - 04/02/26 17:02:22 - 0:00:09 - Direct: all bits in secret have been recovered! (true secret = [-1  0  0  0  0  0  1  0 -1  0], predicted secret = [1 1 1 1 1 1 1 1 1 1], true support = [1 0 0 0 0 0 1 0 1 0], predicted support = [1 1 1 1 1 1 1 1 1 1])
INFO - 04/02/26 17:02:22 - 0:00:09 - Direct: all bits in secret have been recovered! (true secret = [-1  0  0  0  0  0  1  0 -1  0], predicted secret = [0 0 0 0 0 0 0 0 0 0], true support = [1 0 0 0 0 0 1 0 1 0], predicted support = [0 0 0 0 0 0 0 0 0 0])
INFO - 04/02/26 17:02:22 - 0:00:09 - Direct: all bits in secret have been recovered! (true secret = [-1  0  0  0  0  0  1  0 -1  0], predicted secret = [1 1 1 1 1 1 1 1 1 1], true support = [1 0 0 0 0 0 1 0 1 0], predicted support = [1 1 1 1 1 1 1 1 1 1])
INFO - 04/02/26 17:02:22 - 0:00:09 - Direct: all bits in secret have been recovered! (true secret = [-1  0  0  0  0  0  1  0 -1  0], predicted secret = [0 0 0 0 0 0 0 0 0 0], true support = [1 0 0 0 0 0 1 0 1 0], predicted support = [0 0 0 0 0 0 0 0 0 0])
INFO - 04/02/26 17:02:22 - 0:00:09 - Direct:  K=8
INFO - 04/02/26 17:02:22 - 0:00:10 - Direct: all bits in secret have been recovered! (true secret = [-1  0  0  0  0  0  1  0 -1  0], predicted secret = [1 1 1 1 1 1 1 1 1 1], true support = [1 0 0 0 0 0 1 0 1 0], predicted support = [1 1 1 1 1 1 1 1 1 1])
INFO - 04/02/26 17:02:22 - 0:00:10 - Direct: all bits in secret have been recovered! (true secret = [-1  0  0  0  0  0  1  0 -1  0], predicted secret = [0 0 0 0 0 0 0 0 0 0], true support = [1 0 0 0 0 0 1 0 1 0], predicted support = [0 0 0 0 0 0 0 0 0 0])
INFO - 04/02/26 17:02:22 - 0:00:10 - Direct: all bits in secret have been recovered! (true secret = [-1  0  0  0  0  0  1  0 -1  0], predicted secret = [1 1 1 1 1 1 1 1 1 1], true support = [1 0 0 0 0 0 1 0 1 0], predicted support = [1 1 1 1 1 1 1 1 1 1])
INFO - 04/02/26 17:02:22 - 0:00:10 - Direct: all bits in secret have been recovered! (true secret = [-1  0  0  0  0  0  1  0 -1  0], predicted secret = [0 0 0 0 0 0 0 0 0 0], true support = [1 0 0 0 0 0 1 0 1 0], predicted support = [0 0 0 0 0 0 0 0 0 0])
INFO - 04/02/26 17:02:22 - 0:00:10 - Direct: all bits in secret have been recovered! (true secret = [-1  0  0  0  0  0  1  0 -1  0], predicted secret = [1 1 1 1 1 1 1 1 1 1], true support = [1 0 0 0 0 0 1 0 1 0], predicted support = [1 1 1 1 1 1 1 1 1 1])
INFO - 04/02/26 17:02:22 - 0:00:10 - Direct: all bits in secret have been recovered! (true secret = [-1  0  0  0  0  0  1  0 -1  0], predicted secret = [0 0 0 0 0 0 0 0 0 0], true support = [1 0 0 0 0 0 1 0 1 0], predicted support = [0 0 0 0 0 0 0 0 0 0])
INFO - 04/02/26 17:02:22 - 0:00:10 - Direct:  K=5
INFO - 04/02/26 17:02:22 - 0:00:10 - Direct: all bits in secret have been recovered! (true secret = [-1  0  0  0  0  0  1  0 -1  0], predicted secret = [1 1 1 1 1 1 1 1 1 1], true support = [1 0 0 0 0 0 1 0 1 0], predicted support = [1 1 1 1 1 1 1 1 1 1])
INFO - 04/02/26 17:02:22 - 0:00:10 - Direct: all bits in secret have been recovered! (true secret = [-1  0  0  0  0  0  1  0 -1  0], predicted secret = [0 0 0 0 0 0 0 0 0 0], true support = [1 0 0 0 0 0 1 0 1 0], predicted support = [0 0 0 0 0 0 0 0 0 0])
INFO - 04/02/26 17:02:22 - 0:00:10 - Direct: all bits in secret have been recovered! (true secret = [-1  0  0  0  0  0  1  0 -1  0], predicted secret = [1 1 1 1 1 1 1 1 1 1], true support = [1 0 0 0 0 0 1 0 1 0], predicted support = [1 1 1 1 1 1 1 1 1 1])
INFO - 04/02/26 17:02:22 - 0:00:10 - Direct: all bits in secret have been recovered! (true secret = [-1  0  0  0  0  0  1  0 -1  0], predicted secret = [0 0 0 0 0 0 0 0 0 0], true support = [1 0 0 0 0 0 1 0 1 0], predicted support = [0 0 0 0 0 0 0 0 0 0])
INFO - 04/02/26 17:02:22 - 0:00:10 - Direct: all bits in secret have been recovered! (true secret = [-1  0  0  0  0  0  1  0 -1  0], predicted secret = [1 1 1 1 1 1 1 1 1 1], true support = [1 0 0 0 0 0 1 0 1 0], predicted support = [1 1 1 1 1 1 1 1 1 1])
INFO - 04/02/26 17:02:22 - 0:00:10 - Direct: all bits in secret have been recovered! (true secret = [-1  0  0  0  0  0  1  0 -1  0], predicted secret = [0 0 0 0 0 0 0 0 0 0], true support = [1 0 0 0 0 0 1 0 1 0], predicted support = [0 0 0 0 0 0 0 0 0 0])
INFO - 04/02/26 17:02:22 - 0:00:10 - Direct:  K=11
INFO - 04/02/26 17:02:22 - 0:00:10 - Direct: all bits in secret have been recovered! (true secret = [-1  0  0  0  0  0  1  0 -1  0], predicted secret = [1 1 1 1 1 1 1 1 1 1], true support = [1 0 0 0 0 0 1 0 1 0], predicted support = [1 1 1 1 1 1 1 1 1 1])
INFO - 04/02/26 17:02:22 - 0:00:10 - Direct: all bits in secret have been recovered! (true secret = [-1  0  0  0  0  0  1  0 -1  0], predicted secret = [0 0 0 0 0 0 0 0 0 0], true support = [1 0 0 0 0 0 1 0 1 0], predicted support = [0 0 0 0 0 0 0 0 0 0])
INFO - 04/02/26 17:02:22 - 0:00:10 - Direct: all bits in secret have been recovered! (true secret = [-1  0  0  0  0  0  1  0 -1  0], predicted secret = [1 1 1 1 1 1 1 1 1 1], true support = [1 0 0 0 0 0 1 0 1 0], predicted support = [1 1 1 1 1 1 1 1 1 1])
INFO - 04/02/26 17:02:22 - 0:00:10 - Direct: all bits in secret have been recovered! (true secret = [-1  0  0  0  0  0  1  0 -1  0], predicted secret = [0 0 0 0 0 0 0 0 0 0], true support = [1 0 0 0 0 0 1 0 1 0], predicted support = [0 0 0 0 0 0 0 0 0 0])
INFO - 04/02/26 17:02:22 - 0:00:10 - Direct: all bits in secret have been recovered! (true secret = [-1  0  0  0  0  0  1  0 -1  0], predicted secret = [1 1 1 1 1 1 1 1 1 1], true support = [1 0 0 0 0 0 1 0 1 0], predicted support = [1 1 1 1 1 1 1 1 1 1])
INFO - 04/02/26 17:02:22 - 0:00:10 - Direct: all bits in secret have been recovered! (true secret = [-1  0  0  0  0  0  1  0 -1  0], predicted secret = [0 0 0 0 0 0 0 0 0 0], true support = [1 0 0 0 0 0 1 0 1 0], predicted support = [0 0 0 0 0 0 0 0 0 0])
INFO - 04/02/26 17:02:22 - 0:00:10 - Direct:  K=10
INFO - 04/02/26 17:02:23 - 0:00:10 - Direct: all bits in secret have been recovered! (true secret = [-1  0  0  0  0  0  1  0 -1  0], predicted secret = [1 1 1 1 1 1 1 1 1 1], true support = [1 0 0 0 0 0 1 0 1 0], predicted support = [1 1 1 1 1 1 1 1 1 1])
INFO - 04/02/26 17:02:23 - 0:00:10 - Direct: all bits in secret have been recovered! (true secret = [-1  0  0  0  0  0  1  0 -1  0], predicted secret = [0 0 0 0 0 0 0 0 0 0], true support = [1 0 0 0 0 0 1 0 1 0], predicted support = [0 0 0 0 0 0 0 0 0 0])
INFO - 04/02/26 17:02:23 - 0:00:10 - Direct: all bits in secret have been recovered! (true secret = [-1  0  0  0  0  0  1  0 -1  0], predicted secret = [1 1 1 1 1 1 1 1 1 1], true support = [1 0 0 0 0 0 1 0 1 0], predicted support = [1 1 1 1 1 1 1 1 1 1])
INFO - 04/02/26 17:02:23 - 0:00:10 - Direct: all bits in secret have been recovered! (true secret = [-1  0  0  0  0  0  1  0 -1  0], predicted secret = [0 0 0 0 0 0 0 0 0 0], true support = [1 0 0 0 0 0 1 0 1 0], predicted support = [0 0 0 0 0 0 0 0 0 0])
INFO - 04/02/26 17:02:23 - 0:00:10 - Direct: all bits in secret have been recovered! (true secret = [-1  0  0  0  0  0  1  0 -1  0], predicted secret = [1 1 1 1 1 1 1 1 1 1], true support = [1 0 0 0 0 0 1 0 1 0], predicted support = [1 1 1 1 1 1 1 1 1 1])
INFO - 04/02/26 17:02:23 - 0:00:10 - Direct: all bits in secret have been recovered! (true secret = [-1  0  0  0  0  0  1  0 -1  0], predicted secret = [0 0 0 0 0 0 0 0 0 0], true support = [1 0 0 0 0 0 1 0 1 0], predicted support = [0 0 0 0 0 0 0 0 0 0])
INFO - 04/02/26 17:02:23 - 0:00:10 - Direct:  K=4
INFO - 04/02/26 17:02:23 - 0:00:11 - Direct: all bits in secret have been recovered! (true secret = [-1  0  0  0  0  0  1  0 -1  0], predicted secret = [1 1 1 1 1 1 1 1 1 1], true support = [1 0 0 0 0 0 1 0 1 0], predicted support = [1 1 1 1 1 1 1 1 1 1])
INFO - 04/02/26 17:02:23 - 0:00:11 - Direct: all bits in secret have been recovered! (true secret = [-1  0  0  0  0  0  1  0 -1  0], predicted secret = [0 0 0 0 0 0 0 0 0 0], true support = [1 0 0 0 0 0 1 0 1 0], predicted support = [0 0 0 0 0 0 0 0 0 0])
INFO - 04/02/26 17:02:23 - 0:00:11 - Direct: all bits in secret have been recovered! (true secret = [-1  0  0  0  0  0  1  0 -1  0], predicted secret = [1 1 1 1 1 1 1 1 1 1], true support = [1 0 0 0 0 0 1 0 1 0], predicted support = [1 1 1 1 1 1 1 1 1 1])
INFO - 04/02/26 17:02:23 - 0:00:11 - Direct: all bits in secret have been recovered! (true secret = [-1  0  0  0  0  0  1  0 -1  0], predicted secret = [0 0 0 0 0 0 0 0 0 0], true support = [1 0 0 0 0 0 1 0 1 0], predicted support = [0 0 0 0 0 0 0 0 0 0])
INFO - 04/02/26 17:02:23 - 0:00:11 - Direct: all bits in secret have been recovered! (true secret = [-1  0  0  0  0  0  1  0 -1  0], predicted secret = [1 1 1 1 1 1 1 1 1 1], true support = [1 0 0 0 0 0 1 0 1 0], predicted support = [1 1 1 1 1 1 1 1 1 1])
INFO - 04/02/26 17:02:23 - 0:00:11 - Direct: all bits in secret have been recovered! (true secret = [-1  0  0  0  0  0  1  0 -1  0], predicted secret = [0 0 0 0 0 0 0 0 0 0], true support = [1 0 0 0 0 0 1 0 1 0], predicted support = [0 0 0 0 0 0 0 0 0 0])
INFO - 04/02/26 17:02:23 - 0:00:11 - Direct:  K=8
INFO - 04/02/26 17:02:24 - 0:00:11 - Direct: all bits in secret have been recovered! (true secret = [-1  0  0  0  0  0  1  0 -1  0], predicted secret = [1 1 1 1 1 1 1 1 1 1], true support = [1 0 0 0 0 0 1 0 1 0], predicted support = [1 1 1 1 1 1 1 1 1 1])
INFO - 04/02/26 17:02:24 - 0:00:11 - Direct: all bits in secret have been recovered! (true secret = [-1  0  0  0  0  0  1  0 -1  0], predicted secret = [0 0 0 0 0 0 0 0 0 0], true support = [1 0 0 0 0 0 1 0 1 0], predicted support = [0 0 0 0 0 0 0 0 0 0])
INFO - 04/02/26 17:02:24 - 0:00:11 - Direct: all bits in secret have been recovered! (true secret = [-1  0  0  0  0  0  1  0 -1  0], predicted secret = [1 1 1 1 1 1 1 1 1 1], true support = [1 0 0 0 0 0 1 0 1 0], predicted support = [1 1 1 1 1 1 1 1 1 1])
INFO - 04/02/26 17:02:24 - 0:00:11 - Direct: all bits in secret have been recovered! (true secret = [-1  0  0  0  0  0  1  0 -1  0], predicted secret = [0 0 0 0 0 0 0 0 0 0], true support = [1 0 0 0 0 0 1 0 1 0], predicted support = [0 0 0 0 0 0 0 0 0 0])
INFO - 04/02/26 17:02:24 - 0:00:11 - Direct: all bits in secret have been recovered! (true secret = [-1  0  0  0  0  0  1  0 -1  0], predicted secret = [1 1 1 1 1 1 1 1 1 1], true support = [1 0 0 0 0 0 1 0 1 0], predicted support = [1 1 1 1 1 1 1 1 1 1])
INFO - 04/02/26 17:02:24 - 0:00:11 - Direct: all bits in secret have been recovered! (true secret = [-1  0  0  0  0  0  1  0 -1  0], predicted secret = [0 0 0 0 0 0 0 0 0 0], true support = [1 0 0 0 0 0 1 0 1 0], predicted support = [0 0 0 0 0 0 0 0 0 0])
INFO - 04/02/26 17:02:24 - 0:00:11 - Direct:  K=4
INFO - 04/02/26 17:02:24 - 0:00:11 - Direct: all bits in secret have been recovered! (true secret = [-1  0  0  0  0  0  1  0 -1  0], predicted secret = [1 1 1 1 1 1 1 1 1 1], true support = [1 0 0 0 0 0 1 0 1 0], predicted support = [1 1 1 1 1 1 1 1 1 1])
INFO - 04/02/26 17:02:24 - 0:00:11 - Direct: all bits in secret have been recovered! (true secret = [-1  0  0  0  0  0  1  0 -1  0], predicted secret = [0 0 0 0 0 0 0 0 0 0], true support = [1 0 0 0 0 0 1 0 1 0], predicted support = [0 0 0 0 0 0 0 0 0 0])
INFO - 04/02/26 17:02:24 - 0:00:11 - Direct: all bits in secret have been recovered! (true secret = [-1  0  0  0  0  0  1  0 -1  0], predicted secret = [1 1 1 1 1 1 1 1 1 1], true support = [1 0 0 0 0 0 1 0 1 0], predicted support = [1 1 1 1 1 1 1 1 1 1])
INFO - 04/02/26 17:02:24 - 0:00:11 - Direct: all bits in secret have been recovered! (true secret = [-1  0  0  0  0  0  1  0 -1  0], predicted secret = [0 0 0 0 0 0 0 0 0 0], true support = [1 0 0 0 0 0 1 0 1 0], predicted support = [0 0 0 0 0 0 0 0 0 0])
INFO - 04/02/26 17:02:24 - 0:00:11 - Direct: all bits in secret have been recovered! (true secret = [-1  0  0  0  0  0  1  0 -1  0], predicted secret = [1 1 1 1 1 1 1 1 1 1], true support = [1 0 0 0 0 0 1 0 1 0], predicted support = [1 1 1 1 1 1 1 1 1 1])
INFO - 04/02/26 17:02:24 - 0:00:11 - Direct: all bits in secret have been recovered! (true secret = [-1  0  0  0  0  0  1  0 -1  0], predicted secret = [0 0 0 0 0 0 0 0 0 0], true support = [1 0 0 0 0 0 1 0 1 0], predicted support = [0 0 0 0 0 0 0 0 0 0])
INFO - 04/02/26 17:02:24 - 0:00:11 - Direct:  K=10
INFO - 04/02/26 17:02:24 - 0:00:11 - Direct: all bits in secret have been recovered! (true secret = [-1  0  0  0  0  0  1  0 -1  0], predicted secret = [1 1 1 1 1 1 1 1 1 1], true support = [1 0 0 0 0 0 1 0 1 0], predicted support = [1 1 1 1 1 1 1 1 1 1])
INFO - 04/02/26 17:02:24 - 0:00:11 - Direct: all bits in secret have been recovered! (true secret = [-1  0  0  0  0  0  1  0 -1  0], predicted secret = [0 0 0 0 0 0 0 0 0 0], true support = [1 0 0 0 0 0 1 0 1 0], predicted support = [0 0 0 0 0 0 0 0 0 0])
INFO - 04/02/26 17:02:24 - 0:00:11 - Direct: all bits in secret have been recovered! (true secret = [-1  0  0  0  0  0  1  0 -1  0], predicted secret = [1 1 1 1 1 1 1 1 1 1], true support = [1 0 0 0 0 0 1 0 1 0], predicted support = [1 1 1 1 1 1 1 1 1 1])
INFO - 04/02/26 17:02:24 - 0:00:11 - Direct: all bits in secret have been recovered! (true secret = [-1  0  0  0  0  0  1  0 -1  0], predicted secret = [0 0 0 0 0 0 0 0 0 0], true support = [1 0 0 0 0 0 1 0 1 0], predicted support = [0 0 0 0 0 0 0 0 0 0])
INFO - 04/02/26 17:02:24 - 0:00:11 - Direct: all bits in secret have been recovered! (true secret = [-1  0  0  0  0  0  1  0 -1  0], predicted secret = [1 1 1 1 1 1 1 1 1 1], true support = [1 0 0 0 0 0 1 0 1 0], predicted support = [1 1 1 1 1 1 1 1 1 1])
INFO - 04/02/26 17:02:24 - 0:00:11 - Direct: all bits in secret have been recovered! (true secret = [-1  0  0  0  0  0  1  0 -1  0], predicted secret = [0 0 0 0 0 0 0 0 0 0], true support = [1 0 0 0 0 0 1 0 1 0], predicted support = [0 0 0 0 0 0 0 0 0 0])
INFO - 04/02/26 17:02:24 - 0:00:11 - Direct:  K=8
INFO - 04/02/26 17:02:24 - 0:00:11 - Direct: all bits in secret have been recovered! (true secret = [-1  0  0  0  0  0  1  0 -1  0], predicted secret = [1 1 1 1 1 1 1 1 1 1], true support = [1 0 0 0 0 0 1 0 1 0], predicted support = [1 1 1 1 1 1 1 1 1 1])
INFO - 04/02/26 17:02:24 - 0:00:11 - Direct: all bits in secret have been recovered! (true secret = [-1  0  0  0  0  0  1  0 -1  0], predicted secret = [0 0 0 0 0 0 0 0 0 0], true support = [1 0 0 0 0 0 1 0 1 0], predicted support = [0 0 0 0 0 0 0 0 0 0])
INFO - 04/02/26 17:02:24 - 0:00:11 - Direct: all bits in secret have been recovered! (true secret = [-1  0  0  0  0  0  1  0 -1  0], predicted secret = [1 1 1 1 1 1 1 1 1 1], true support = [1 0 0 0 0 0 1 0 1 0], predicted support = [1 1 1 1 1 1 1 1 1 1])
INFO - 04/02/26 17:02:24 - 0:00:11 - Direct: all bits in secret have been recovered! (true secret = [-1  0  0  0  0  0  1  0 -1  0], predicted secret = [0 0 0 0 0 0 0 0 0 0], true support = [1 0 0 0 0 0 1 0 1 0], predicted support = [0 0 0 0 0 0 0 0 0 0])
INFO - 04/02/26 17:02:24 - 0:00:11 - Direct: all bits in secret have been recovered! (true secret = [-1  0  0  0  0  0  1  0 -1  0], predicted secret = [1 1 1 1 1 1 1 1 1 1], true support = [1 0 0 0 0 0 1 0 1 0], predicted support = [1 1 1 1 1 1 1 1 1 1])
INFO - 04/02/26 17:02:24 - 0:00:11 - Direct: all bits in secret have been recovered! (true secret = [-1  0  0  0  0  0  1  0 -1  0], predicted secret = [0 0 0 0 0 0 0 0 0 0], true support = [1 0 0 0 0 0 1 0 1 0], predicted support = [0 0 0 0 0 0 0 0 0 0])
INFO - 04/02/26 17:02:24 - 0:00:11 - Direct: all bits in secret have been recovered! (true secret = [-1  0  0  0  0  0  1  0 -1  0], predicted secret = [1 0 0 0 0 0 0 0 0 0], true support = [1 0 0 0 0 0 1 0 1 0], predicted support = [1 0 0 0 0 0 0 0 0 0])
