INFO - 04/06/26 20:41:41 - 0:00:00 - ============ Initialized logger ============
INFO - 04/06/26 20:41:41 - 0:00:00 - N: 70
                                     Q: 127
                                     algo: BKZ2.0
                                     algo2: BKZ2.0
                                     batch_size: 20
                                     bkz_block_size: 30
                                     bkz_block_size2: 40
                                     command: python generate.py --cpu true --step Ab --reload_data '/home/yu_mcc/PQC_salsa/runs/n70_q127_h3_1m/ra_main' --N 70 --Q 127 --m 70 --min_hamming 3 --max_hamming 3 --num_secret_seeds 10 --secret_type binary --sigma 3 --epoch_size 8000 --reload_size 1000000 --num_workers 1 --dump_path '/home/yu_mcc/PQC_salsa/runs' --exp_name n70_q127_h3_1m --exp_id ab_binary --exp_id "ab_binary"
                                     correctQ: False
                                     cpu: True
                                     debug: False
                                     debug_slurm: False
                                     dump_path: /home/yu_mcc/PQC_salsa/runs/n70_q127_h3_1m/ab_binary
                                     env_base_seed: -1
                                     epoch_size: 8000
                                     exp_id: ab_binary
                                     exp_name: n70_q127_h3_1m
                                     float_type: double
                                     gamma: 2
                                     global_rank: 0
                                     is_master: True
                                     is_slurm_job: False
                                     lll_delta: 0.96
                                     lll_delta2: 0.99
                                     lll_penalty: 10
                                     local_rank: 0
                                     lwe: False
                                     m: 70
                                     master_port: -1
                                     max_hamming: 3
                                     max_timeout_count: 10
                                     min_hamming: 3
                                     multi_gpu: False
                                     multi_node: False
                                     n_gpu_per_node: 1
                                     n_nodes: 1
                                     node_id: 0
                                     num_orig_samples: -1
                                     num_secret_seeds: 10
                                     num_workers: 1
                                     orig_A_path: /home/yu_mcc/PQC_salsa/runs/n70_q127_h3_1m/origA_4n/orig_A.npy
                                     reload_data: /home/yu_mcc/PQC_salsa/runs/n70_q127_h3_1m/ra_main
                                     reload_perm: 
                                     reload_size: 1000000
                                     resume_path: 
                                     rnorm: 1.0
                                     secret_dir: 
                                     secret_type: binary
                                     sigma: 3.0
                                     step: Ab
                                     threshold: -1
                                     threshold2: 0.5
                                     timeout: 10
                                     tiny1: False
                                     tiny2: True
                                     use_polish: False
                                     world_size: 1
INFO - 04/06/26 20:41:41 - 0:00:00 - The experiment will be stored in /home/yu_mcc/PQC_salsa/runs/n70_q127_h3_1m/ab_binary
                                     
INFO - 04/06/26 20:41:41 - 0:00:00 - Running command: python generate.py --cpu true --step Ab --reload_data '/home/yu_mcc/PQC_salsa/runs/n70_q127_h3_1m/ra_main' --N 70 --Q 127 --m 70 --min_hamming 3 --max_hamming 3 --num_secret_seeds 10 --secret_type binary --sigma 3 --epoch_size 8000 --reload_size 1000000 --num_workers 1 --dump_path '/home/yu_mcc/PQC_salsa/runs' --exp_name n70_q127_h3_1m --exp_id ab_binary

INFO - 04/06/26 20:41:41 - 0:00:00 -  Nb CPU: 24 and Nb worker: 1
INFO - 04/06/26 20:41:41 - 0:00:00 - Creating binary secret
INFO - 04/06/26 20:41:41 - 0:00:00 - Data will be stored in: /home/yu_mcc/PQC_salsa/runs/n70_q127_h3_1m/ab_binary/test.prefix ...
INFO - 04/06/26 20:41:41 - 0:00:00 - Loading data from /home/yu_mcc/PQC_salsa/runs/n70_q127_h3_1m/ra_main/data.prefix ... seekpos 0
INFO - 04/06/26 20:41:51 - 0:00:10 - Loaded 8000 matrices from the disk. seekpos 173690149
INFO - 04/06/26 20:41:52 - 0:00:11 -     500 - 6208.03 equations/s - 
INFO - 04/06/26 20:41:54 - 0:00:13 -    1000 - 48878.12 equations/s - 
INFO - 04/06/26 20:41:56 - 0:00:14 -    1500 - 40798.85 equations/s - 
INFO - 04/06/26 20:41:58 - 0:00:16 -    2000 - 34836.09 equations/s - 
INFO - 04/06/26 20:42:00 - 0:00:19 -    2500 - 31005.15 equations/s - 
INFO - 04/06/26 20:42:02 - 0:00:21 -    3000 - 28337.38 equations/s - 
INFO - 04/06/26 20:42:05 - 0:00:24 -    3500 - 25800.18 equations/s - 
INFO - 04/06/26 20:42:10 - 0:00:29 -    4000 - 12942.62 equations/s - 
INFO - 04/06/26 20:42:14 - 0:00:33 -    4500 - 21157.88 equations/s - 
INFO - 04/06/26 20:42:17 - 0:00:36 -    5000 - 20743.82 equations/s - 
INFO - 04/06/26 20:42:21 - 0:00:40 -    5500 - 19668.80 equations/s - 
INFO - 04/06/26 20:42:24 - 0:00:43 -    6000 - 19284.22 equations/s - 
INFO - 04/06/26 20:42:28 - 0:00:47 -    6500 - 18567.63 equations/s - 
INFO - 04/06/26 20:42:32 - 0:00:51 -    7000 - 17419.93 equations/s - 
INFO - 04/06/26 20:42:37 - 0:00:56 -    7500 - 14240.75 equations/s - 
INFO - 04/06/26 20:42:46 - 0:01:05 -    8000 - 7844.50 equations/s - 
