INFO - 04/06/26 20:33:18 - 0:00:00 - ============ Initialized logger ============
INFO - 04/06/26 20:33:18 - 0:00:00 - N: 50
                                     Q: 127
                                     algo: BKZ2.0
                                     algo2: BKZ2.0
                                     batch_size: 20
                                     bkz_block_size: 30
                                     bkz_block_size2: 40
                                     command: python generate.py --cpu true --step Ab --reload_data '/home/yu_mcc/PQC_salsa/runs/n50_q127_h3_1m/ra_main' --N 50 --Q 127 --m 50 --min_hamming 3 --max_hamming 3 --num_secret_seeds 10 --secret_type binary --sigma 3 --epoch_size 10650 --reload_size 1000000 --num_workers 1 --dump_path '/home/yu_mcc/PQC_salsa/runs' --exp_name n50_q127_h3_1m --exp_id ab_binary --exp_id "ab_binary"
                                     correctQ: False
                                     cpu: True
                                     debug: False
                                     debug_slurm: False
                                     dump_path: /home/yu_mcc/PQC_salsa/runs/n50_q127_h3_1m/ab_binary
                                     env_base_seed: -1
                                     epoch_size: 10650
                                     exp_id: ab_binary
                                     exp_name: n50_q127_h3_1m
                                     float_type: double
                                     gamma: 2
                                     global_rank: 0
                                     is_master: True
                                     is_slurm_job: False
                                     lll_delta: 0.96
                                     lll_delta2: 0.99
                                     lll_penalty: 10
                                     local_rank: 0
                                     lwe: False
                                     m: 50
                                     master_port: -1
                                     max_hamming: 3
                                     max_timeout_count: 10
                                     min_hamming: 3
                                     multi_gpu: False
                                     multi_node: False
                                     n_gpu_per_node: 1
                                     n_nodes: 1
                                     node_id: 0
                                     num_orig_samples: -1
                                     num_secret_seeds: 10
                                     num_workers: 1
                                     orig_A_path: /home/yu_mcc/PQC_salsa/runs/n50_q127_h3_1m/origA_4n/orig_A.npy
                                     reload_data: /home/yu_mcc/PQC_salsa/runs/n50_q127_h3_1m/ra_main
                                     reload_perm: 
                                     reload_size: 1000000
                                     resume_path: 
                                     rnorm: 1.0
                                     secret_dir: 
                                     secret_type: binary
                                     sigma: 3.0
                                     step: Ab
                                     threshold: -1
                                     threshold2: 0.5
                                     timeout: 10
                                     tiny1: False
                                     tiny2: True
                                     use_polish: False
                                     world_size: 1
INFO - 04/06/26 20:33:18 - 0:00:00 - The experiment will be stored in /home/yu_mcc/PQC_salsa/runs/n50_q127_h3_1m/ab_binary
                                     
INFO - 04/06/26 20:33:18 - 0:00:00 - Running command: python generate.py --cpu true --step Ab --reload_data '/home/yu_mcc/PQC_salsa/runs/n50_q127_h3_1m/ra_main' --N 50 --Q 127 --m 50 --min_hamming 3 --max_hamming 3 --num_secret_seeds 10 --secret_type binary --sigma 3 --epoch_size 10650 --reload_size 1000000 --num_workers 1 --dump_path '/home/yu_mcc/PQC_salsa/runs' --exp_name n50_q127_h3_1m --exp_id ab_binary

INFO - 04/06/26 20:33:18 - 0:00:00 -  Nb CPU: 24 and Nb worker: 1
INFO - 04/06/26 20:33:18 - 0:00:00 - Creating binary secret
INFO - 04/06/26 20:33:18 - 0:00:00 - Data will be stored in: /home/yu_mcc/PQC_salsa/runs/n50_q127_h3_1m/ab_binary/test.prefix ...
INFO - 04/06/26 20:33:18 - 0:00:00 - Loading data from /home/yu_mcc/PQC_salsa/runs/n50_q127_h3_1m/ra_main/data.prefix ... seekpos 0
INFO - 04/06/26 20:33:26 - 0:00:08 - Loaded 10650 matrices from the disk. seekpos 126673965
INFO - 04/06/26 20:33:26 - 0:00:09 -     500 - 5686.97 equations/s - 
INFO - 04/06/26 20:33:28 - 0:00:10 -    1000 - 45705.27 equations/s - 
INFO - 04/06/26 20:33:29 - 0:00:11 -    1500 - 38498.78 equations/s - 
INFO - 04/06/26 20:33:30 - 0:00:13 -    2000 - 32267.23 equations/s - 
INFO - 04/06/26 20:33:32 - 0:00:14 -    2500 - 28724.54 equations/s - 
INFO - 04/06/26 20:33:34 - 0:00:16 -    3000 - 25824.70 equations/s - 
INFO - 04/06/26 20:33:36 - 0:00:19 -    3500 - 23408.71 equations/s - 
INFO - 04/06/26 20:33:39 - 0:00:21 -    4000 - 20858.21 equations/s - 
INFO - 04/06/26 20:33:41 - 0:00:24 -    4500 - 19228.79 equations/s - 
INFO - 04/06/26 20:33:45 - 0:00:28 -    5000 - 12270.71 equations/s - 
INFO - 04/06/26 20:33:48 - 0:00:31 -    5500 - 16404.21 equations/s - 
INFO - 04/06/26 20:33:52 - 0:00:34 -    6000 - 15631.41 equations/s - 
INFO - 04/06/26 20:33:55 - 0:00:37 -    6500 - 14215.50 equations/s - 
INFO - 04/06/26 20:33:59 - 0:00:41 -    7000 - 13724.12 equations/s - 
INFO - 04/06/26 20:34:02 - 0:00:45 -    7500 - 13300.89 equations/s - 
INFO - 04/06/26 20:34:06 - 0:00:49 -    8000 - 12597.78 equations/s - 
INFO - 04/06/26 20:34:11 - 0:00:53 -    8500 - 11647.72 equations/s - 
INFO - 04/06/26 20:34:16 - 0:00:58 -    9000 - 9314.40 equations/s - 
INFO - 04/06/26 20:34:24 - 0:01:06 -    9500 - 6301.74 equations/s - 
INFO - 04/06/26 20:34:31 - 0:01:13 -   10000 - 7464.39 equations/s - 
INFO - 04/06/26 20:34:38 - 0:01:20 -   10500 - 7214.96 equations/s - 
