INFO - 04/05/26 04:45:22 - 0:00:00 - ============ Initialized logger ============
INFO - 04/05/26 04:45:22 - 0:00:00 - N: 50
                                     Q: 127
                                     accumulate_gradients: 1
                                     act_ponder_coupling: 0.05
                                     act_threshold: 0.01
                                     add_unred_perc: 0
                                     amp: 2
                                     attention_dropout: 0.0
                                     balanced_base: False
                                     batch_load: False
                                     batch_size: 128
                                     beam_early_stopping: True
                                     beam_eval: True
                                     beam_eval_train: 0
                                     beam_length_penalty: 1
                                     beam_size: 1
                                     clip_grad_norm: 5
                                     command: python train.py --cpu false --reload_data '/home/yu_mcc/PQC_salsa/runs/n50_q127_h3_1m/ab_binary' --secret_seed 0 --env_base_seed 1000 --hamming 3 --input_int_base 16 --share_token 1 --dump_path '/home/yu_mcc/PQC_salsa/runs' --exp_name n50_q127_h3_1m --exp_id train_gpu_binary_secret0_init0_paperlike --batch_size 128 --epoch_size 20000 --max_epoch 10000 --eval_size 10000 --distinguisher_size 128 --enc_emb_dim 1024 --dec_emb_dim 512 --n_enc_layers 1 --n_dec_layers 2 --n_enc_heads 4 --n_dec_heads 4 --n_cross_heads 4 --enc_loops 1 --dec_loops 8 --dropout 0 --attention_dropout 0 --optimizer 'adam_warmup,lr=0.00001,warmup_updates=8000,warmup_init_lr=0.00000001,weight_decay=0.99' --num_workers 1 --beam_size 1 --max_output_len 10 --exp_id "train_gpu_binary_secret0_init0_paperlike"
                                     correctQ: False
                                     cpu: False
                                     data_cols: None
                                     debug: False
                                     debug_slurm: False
                                     dec_act: False
                                     dec_emb_dim: 512
                                     dec_gated: False
                                     dec_loop_idx: 0
                                     dec_loops: 8
                                     dense_cols: None
                                     dim_red: 
                                     distinguisher_size: 128
                                     dropout: 0.0
                                     dump_path: /home/yu_mcc/PQC_salsa/runs/n50_q127_h3_1m/train_gpu_binary_secret0_init0_paperlike
                                     enc_act: False
                                     enc_emb_dim: 1024
                                     enc_gated: False
                                     enc_loop_idx: -1
                                     enc_loops: 1
                                     env_base_seed: 1000
                                     epoch_size: 20000
                                     eval_data: 
                                     eval_from_exp: 
                                     eval_only: False
                                     eval_size: 10000
                                     eval_verbose: 0
                                     eval_verbose_print: False
                                     exit_on_secret_match: True
                                     exp_id: train_gpu_binary_secret0_init0_paperlike
                                     exp_name: n50_q127_h3_1m
                                     fp16: True
                                     freeze_embeddings: False
                                     gated: True
                                     gelu_activation: False
                                     global_rank: 0
                                     hamming: 3
                                     input_int_base: 16
                                     is_master: True
                                     is_slurm_job: False
                                     local_rank: 0
                                     master_port: -1
                                     max_epoch: 10000
                                     max_output_len: 10
                                     multi_gpu: False
                                     multi_node: False
                                     n_cross_heads: 4
                                     n_dec_heads: 4
                                     n_dec_hidden_layers: 1
                                     n_dec_layers: 2
                                     n_enc_heads: 4
                                     n_enc_hidden_layers: 1
                                     n_enc_layers: 1
                                     n_gpu_per_node: 1
                                     n_nodes: 1
                                     node_id: 0
                                     norm_attention: False
                                     num_reuse_samples: 10000
                                     num_workers: 1
                                     nvidia_apex: False
                                     optimizer: adam_warmup,lr=0.00001,warmup_updates=8000,warmup_init_lr=0.00000001,weight_decay=0.99
                                     output_int_base: 16
                                     reload_checkpoint: 
                                     reload_data: /home/yu_mcc/PQC_salsa/runs/n50_q127_h3_1m/ab_binary
                                     reload_model: 
                                     reload_size: 10000000
                                     reuse: False
                                     scalar_gate: False
                                     secret: [0 1 0 0 0 0 0 0 1 0 0 0 1 0 0 0 0 0 0 0 0 0 0 0 0 0 0 0 0 0 0 0 0 0 0 0 0
                                      0 0 0 0 0 0 0 0 0 0 0 0 0]
                                     secret_col: 0
                                     secret_seed: 0
                                     secret_type: binary
                                     share_inout_emb: True
                                     share_token: 1
                                     shuffle: True
                                     sigma: 3.0
                                     sinusoidal_embeddings: False
                                     stopping_criterion: 
                                     test_path: /home/yu_mcc/PQC_salsa/runs/n50_q127_h3_1m/ab_binary/test.prefix
                                     times_reused: 10
                                     train_path: /home/yu_mcc/PQC_salsa/runs/n50_q127_h3_1m/ab_binary/train.prefix
                                     transformermode: old
                                     validation_metrics: 
                                     weighted_loss: False
                                     windows: False
                                     world_size: 1
                                     xav_init: False
INFO - 04/05/26 04:45:22 - 0:00:00 - The experiment will be stored in /home/yu_mcc/PQC_salsa/runs/n50_q127_h3_1m/train_gpu_binary_secret0_init0_paperlike
                                     
INFO - 04/05/26 04:45:22 - 0:00:00 - Running command: python train.py --cpu false --reload_data '/home/yu_mcc/PQC_salsa/runs/n50_q127_h3_1m/ab_binary' --secret_seed 0 --env_base_seed 1000 --hamming 3 --input_int_base 16 --share_token 1 --dump_path '/home/yu_mcc/PQC_salsa/runs' --exp_name n50_q127_h3_1m --exp_id train_gpu_binary_secret0_init0_paperlike --batch_size 128 --epoch_size 20000 --max_epoch 10000 --eval_size 10000 --distinguisher_size 128 --enc_emb_dim 1024 --dec_emb_dim 512 --n_enc_layers 1 --n_dec_layers 2 --n_enc_heads 4 --n_dec_heads 4 --n_cross_heads 4 --enc_loops 1 --dec_loops 8 --dropout 0 --attention_dropout 0 --optimizer 'adam_warmup,lr=0.00001,warmup_updates=8000,warmup_init_lr=0.00000001,weight_decay=0.99' --num_workers 1 --beam_size 1 --max_output_len 10

INFO - 04/05/26 04:45:22 - 0:00:00 - vocabulary: 20 words
INFO - 04/05/26 04:45:22 - 0:00:00 - words: {'<eos>': 0, '<pad>': 1, '<mask>': 2, '+': 3, '0': 4, '1': 5, '10': 6, '11': 7, '12': 8, '13': 9, '14': 10, '15': 11, '2': 12, '3': 13, '4': 14, '5': 15, '6': 16, '7': 17, '8': 18, '9': 19}
DEBUG - 04/05/26 04:45:22 - 0:00:00 - TransformerModel(
                                        (position_embeddings): Embedding(4096, 1024)
                                        (embeddings): Embedding(20, 1024, padding_idx=1)
                                        (layer_norm_emb): LayerNorm((1024,), eps=1e-12, elementwise_affine=True)
                                        (layers): ModuleList(
                                          (0): TransformerLayer(
                                            (self_attention): MultiHeadAttention(
                                              (q_lin): Linear(in_features=1024, out_features=1024, bias=True)
                                              (k_lin): Linear(in_features=1024, out_features=1024, bias=True)
                                              (v_lin): Linear(in_features=1024, out_features=1024, bias=True)
                                              (out_lin): Linear(in_features=1024, out_features=1024, bias=True)
                                            )
                                            (layer_norm1): LayerNorm((1024,), eps=1e-12, elementwise_affine=True)
                                            (ffn): TransformerFFN(
                                              (midlin): ModuleList()
                                              (lin1): Linear(in_features=1024, out_features=4096, bias=True)
                                              (lin2): Linear(in_features=4096, out_features=1024, bias=True)
                                            )
                                            (layer_norm2): LayerNorm((1024,), eps=1e-12, elementwise_affine=True)
                                          )
                                        )
                                      ): TransformerModel(
                                        (position_embeddings): Embedding(4096, 1024)
                                        (embeddings): Embedding(20, 1024, padding_idx=1)
                                        (layer_norm_emb): LayerNorm((1024,), eps=1e-12, elementwise_affine=True)
                                        (layers): ModuleList(
                                          (0): TransformerLayer(
                                            (self_attention): MultiHeadAttention(
                                              (q_lin): Linear(in_features=1024, out_features=1024, bias=True)
                                              (k_lin): Linear(in_features=1024, out_features=1024, bias=True)
                                              (v_lin): Linear(in_features=1024, out_features=1024, bias=True)
                                              (out_lin): Linear(in_features=1024, out_features=1024, bias=True)
                                            )
                                            (layer_norm1): LayerNorm((1024,), eps=1e-12, elementwise_affine=True)
                                            (ffn): TransformerFFN(
                                              (midlin): ModuleList()
                                              (lin1): Linear(in_features=1024, out_features=4096, bias=True)
                                              (lin2): Linear(in_features=4096, out_features=1024, bias=True)
                                            )
                                            (layer_norm2): LayerNorm((1024,), eps=1e-12, elementwise_affine=True)
                                          )
                                        )
                                      )
DEBUG - 04/05/26 04:45:22 - 0:00:00 - TransformerModel(
                                        (position_embeddings): Embedding(4096, 512)
                                        (embeddings): Embedding(20, 512, padding_idx=1)
                                        (layer_norm_emb): LayerNorm((512,), eps=1e-12, elementwise_affine=True)
                                        (layers): ModuleList(
                                          (0): TransformerLayer(
                                            (self_attention): MultiHeadAttention(
                                              (q_lin): Linear(in_features=512, out_features=512, bias=True)
                                              (k_lin): Linear(in_features=512, out_features=512, bias=True)
                                              (v_lin): Linear(in_features=512, out_features=512, bias=True)
                                              (out_lin): Linear(in_features=512, out_features=512, bias=True)
                                            )
                                            (layer_norm1): LayerNorm((512,), eps=1e-12, elementwise_affine=True)
                                            (layer_norm15): LayerNorm((512,), eps=1e-12, elementwise_affine=True)
                                            (cross_attention): MultiHeadAttention(
                                              (q_lin): Linear(in_features=512, out_features=512, bias=True)
                                              (k_lin): Linear(in_features=1024, out_features=512, bias=True)
                                              (v_lin): Linear(in_features=1024, out_features=512, bias=True)
                                              (out_lin): Linear(in_features=512, out_features=512, bias=True)
                                            )
                                            (ffn): TransformerFFN(
                                              (midlin): ModuleList()
                                              (lin1): Linear(in_features=512, out_features=2048, bias=True)
                                              (lin2): Linear(in_features=2048, out_features=512, bias=True)
                                            )
                                            (layer_norm2): LayerNorm((512,), eps=1e-12, elementwise_affine=True)
                                            (gate): Gate(
                                              (gate1): Linear(in_features=512, out_features=2048, bias=True)
                                              (gate2): Linear(in_features=2048, out_features=512, bias=True)
                                            )
                                          )
                                          (1): TransformerLayer(
                                            (self_attention): MultiHeadAttention(
                                              (q_lin): Linear(in_features=512, out_features=512, bias=True)
                                              (k_lin): Linear(in_features=512, out_features=512, bias=True)
                                              (v_lin): Linear(in_features=512, out_features=512, bias=True)
                                              (out_lin): Linear(in_features=512, out_features=512, bias=True)
                                            )
                                            (layer_norm1): LayerNorm((512,), eps=1e-12, elementwise_affine=True)
                                            (layer_norm15): LayerNorm((512,), eps=1e-12, elementwise_affine=True)
                                            (cross_attention): MultiHeadAttention(
                                              (q_lin): Linear(in_features=512, out_features=512, bias=True)
                                              (k_lin): Linear(in_features=1024, out_features=512, bias=True)
                                              (v_lin): Linear(in_features=1024, out_features=512, bias=True)
                                              (out_lin): Linear(in_features=512, out_features=512, bias=True)
                                            )
                                            (ffn): TransformerFFN(
                                              (midlin): ModuleList()
                                              (lin1): Linear(in_features=512, out_features=2048, bias=True)
                                              (lin2): Linear(in_features=2048, out_features=512, bias=True)
                                            )
                                            (layer_norm2): LayerNorm((512,), eps=1e-12, elementwise_affine=True)
                                          )
                                        )
                                        (proj): Linear(in_features=512, out_features=20, bias=True)
                                      ): TransformerModel(
                                        (position_embeddings): Embedding(4096, 512)
                                        (embeddings): Embedding(20, 512, padding_idx=1)
                                        (layer_norm_emb): LayerNorm((512,), eps=1e-12, elementwise_affine=True)
                                        (layers): ModuleList(
                                          (0): TransformerLayer(
                                            (self_attention): MultiHeadAttention(
                                              (q_lin): Linear(in_features=512, out_features=512, bias=True)
                                              (k_lin): Linear(in_features=512, out_features=512, bias=True)
                                              (v_lin): Linear(in_features=512, out_features=512, bias=True)
                                              (out_lin): Linear(in_features=512, out_features=512, bias=True)
                                            )
                                            (layer_norm1): LayerNorm((512,), eps=1e-12, elementwise_affine=True)
                                            (layer_norm15): LayerNorm((512,), eps=1e-12, elementwise_affine=True)
                                            (cross_attention): MultiHeadAttention(
                                              (q_lin): Linear(in_features=512, out_features=512, bias=True)
                                              (k_lin): Linear(in_features=1024, out_features=512, bias=True)
                                              (v_lin): Linear(in_features=1024, out_features=512, bias=True)
                                              (out_lin): Linear(in_features=512, out_features=512, bias=True)
                                            )
                                            (ffn): TransformerFFN(
                                              (midlin): ModuleList()
                                              (lin1): Linear(in_features=512, out_features=2048, bias=True)
                                              (lin2): Linear(in_features=2048, out_features=512, bias=True)
                                            )
                                            (layer_norm2): LayerNorm((512,), eps=1e-12, elementwise_affine=True)
                                            (gate): Gate(
                                              (gate1): Linear(in_features=512, out_features=2048, bias=True)
                                              (gate2): Linear(in_features=2048, out_features=512, bias=True)
                                            )
                                          )
                                          (1): TransformerLayer(
                                            (self_attention): MultiHeadAttention(
                                              (q_lin): Linear(in_features=512, out_features=512, bias=True)
                                              (k_lin): Linear(in_features=512, out_features=512, bias=True)
                                              (v_lin): Linear(in_features=512, out_features=512, bias=True)
                                              (out_lin): Linear(in_features=512, out_features=512, bias=True)
                                            )
                                            (layer_norm1): LayerNorm((512,), eps=1e-12, elementwise_affine=True)
                                            (layer_norm15): LayerNorm((512,), eps=1e-12, elementwise_affine=True)
                                            (cross_attention): MultiHeadAttention(
                                              (q_lin): Linear(in_features=512, out_features=512, bias=True)
                                              (k_lin): Linear(in_features=1024, out_features=512, bias=True)
                                              (v_lin): Linear(in_features=1024, out_features=512, bias=True)
                                              (out_lin): Linear(in_features=512, out_features=512, bias=True)
                                            )
                                            (ffn): TransformerFFN(
                                              (midlin): ModuleList()
                                              (lin1): Linear(in_features=512, out_features=2048, bias=True)
                                              (lin2): Linear(in_features=2048, out_features=512, bias=True)
                                            )
                                            (layer_norm2): LayerNorm((512,), eps=1e-12, elementwise_affine=True)
                                          )
                                        )
                                        (proj): Linear(in_features=512, out_features=20, bias=True)
                                      )
INFO - 04/05/26 04:45:22 - 0:00:00 - Number of parameters (encoder): 16813056
INFO - 04/05/26 04:45:22 - 0:00:00 - Number of parameters (decoder): 13664788
INFO - 04/05/26 04:45:22 - 0:00:00 - Loading data from /home/yu_mcc/PQC_salsa/runs/n50_q127_h3_1m/ab_binary/train.prefix ... seekpos 0, basepos 0
INFO - 04/05/26 04:45:32 - 0:00:09 - Loaded 1005371 equations from the disk. seekpos 0, nextpos 1005371
INFO - 04/05/26 04:45:32 - 0:00:09 - Creating train dataloader...
INFO - 04/05/26 04:45:32 - 0:00:09 - Loading data from /home/yu_mcc/PQC_salsa/runs/n50_q127_h3_1m/ab_binary/test.prefix ... seekpos 0, basepos 0
INFO - 04/05/26 04:45:32 - 0:00:10 - Loaded 10000 equations from the disk. seekpos 1651157, nextpos 10000
INFO - 04/05/26 04:45:32 - 0:00:10 - Creating test dataloader...
INFO - 04/05/26 04:45:32 - 0:00:10 - Found 81 parameters in model.
INFO - 04/05/26 04:45:32 - 0:00:10 - Optimizer: <class 'src.train.optim.AdamWithWarmup'>
INFO - 04/05/26 04:45:32 - 0:00:10 - ============ Starting epoch 0 ... ============
INFO - 04/05/26 04:45:32 - 0:00:10 - Initialized random generator for worker 0, with seed [0, 0, 1000, 1775331932] (base seed=1000).
INFO - 04/05/26 04:45:36 - 0:00:14 -      50 - 1561.40 equations/s - 162385.94 words/s - MEM: 1.86 GB - LOSS:  6.6120 || ACC1:  0.0000 || ACC2:  0.0000 - LR: 7.2438e-08
INFO - 04/05/26 04:45:40 - 0:00:18 -     100 - 1891.16 equations/s - 196680.37 words/s - MEM: 1.86 GB - LOSS:  6.4122 || ACC1:  0.0000 || ACC2:  0.0000 - LR: 1.3488e-07
INFO - 04/05/26 04:45:43 - 0:00:21 -     150 - 1876.24 equations/s - 195128.86 words/s - MEM: 1.86 GB - LOSS:  6.0236 || ACC1:  0.0000 || ACC2:  0.0000 - LR: 1.9731e-07
INFO - 04/05/26 04:45:44 - 0:00:21 -     157 - 1971.59 equations/s - 205044.90 words/s - MEM: 1.86 GB - LOSS:  5.7538 || ACC1:  0.0000 || ACC2:  0.0000 - LR: 2.0605e-07
INFO - 04/05/26 04:45:44 - 0:00:21 - ============ End of epoch 0 ============
INFO - 04/05/26 04:45:44 - 0:00:21 - Starting Distinguisher Method
INFO - 04/05/26 04:45:55 - 0:00:33 - Distinguishing 0s using the emd. 
INFO - 04/05/26 04:45:55 - 0:00:33 - Distinguisher Method emd: secret not predicted. (true secret = [0 1 0 0 0 0 0 0 1 0 0 0 1 0 0 0 0 0 0 0 0 0 0 0 0 0 0 0 0 0 0 0 0 0 0 0 0
                                      0 0 0 0 0 0 0 0 0 0 0 0 0], predicted secret = [1 1 1 1 1 1 1 1 1 1 0 0 0 0 0 0 0 0 0 0 0 0 0 0 0 0 0 0 0 0 0 0 0 0 0 0 0
                                      0 0 0 0 0 0 0 0 0 0 0 0 0], true support = [0 1 0 0 0 0 0 0 1 0 0 0 1 0 0 0 0 0 0 0 0 0 0 0 0 0 0 0 0 0 0 0 0 0 0 0 0
                                      0 0 0 0 0 0 0 0 0 0 0 0 0], predicted support = [1 1 1 1 1 1 1 1 1 1 0 0 0 0 0 0 0 0 0 0 0 0 0 0 0 0 0 0 0 0 0 0 0 0 0 0 0
                                      0 0 0 0 0 0 0 0 0 0 0 0 0])
INFO - 04/05/26 04:45:55 - 0:00:33 - Distinguishing 0s using the mean. 
INFO - 04/05/26 04:45:55 - 0:00:33 - Distinguisher Method mean: secret not predicted. (true secret = [0 1 0 0 0 0 0 0 1 0 0 0 1 0 0 0 0 0 0 0 0 0 0 0 0 0 0 0 0 0 0 0 0 0 0 0 0
                                      0 0 0 0 0 0 0 0 0 0 0 0 0], predicted secret = [1 1 1 1 1 1 1 1 1 1 0 0 0 0 0 0 0 0 0 0 0 0 0 0 0 0 0 0 0 0 0 0 0 0 0 0 0
                                      0 0 0 0 0 0 0 0 0 0 0 0 0], true support = [0 1 0 0 0 0 0 0 1 0 0 0 1 0 0 0 0 0 0 0 0 0 0 0 0 0 0 0 0 0 0 0 0 0 0 0 0
                                      0 0 0 0 0 0 0 0 0 0 0 0 0], predicted support = [1 1 1 1 1 1 1 1 1 1 0 0 0 0 0 0 0 0 0 0 0 0 0 0 0 0 0 0 0 0 0 0 0 0 0 0 0
                                      0 0 0 0 0 0 0 0 0 0 0 0 0])
INFO - 04/05/26 04:45:55 - 0:00:33 - Starting Direct Method
INFO - 04/05/26 04:45:55 - 0:00:33 - Direct:  K=73
INFO - 04/05/26 04:45:55 - 0:00:33 - Direct:  K=35
INFO - 04/05/26 04:45:55 - 0:00:33 - Direct:  K=90
INFO - 04/05/26 04:45:55 - 0:00:33 - Direct:  K=58
INFO - 04/05/26 04:45:55 - 0:00:33 - Direct:  K=48
INFO - 04/05/26 04:45:55 - 0:00:33 - Direct:  K=46
INFO - 04/05/26 04:45:55 - 0:00:33 - Direct:  K=33
INFO - 04/05/26 04:45:55 - 0:00:33 - Direct:  K=94
INFO - 04/05/26 04:45:55 - 0:00:33 - Direct:  K=48
INFO - 04/05/26 04:45:55 - 0:00:33 - Direct:  K=57
INFO - 04/05/26 04:45:56 - 0:00:33 - Direct:  K=80
INFO - 04/05/26 04:45:56 - 0:00:33 - Direct:  K=34
INFO - 04/05/26 04:45:56 - 0:00:34 - Direct:  K=50
INFO - 04/05/26 04:45:56 - 0:00:34 - Direct:  K=65
INFO - 04/05/26 04:45:56 - 0:00:34 - Direct:  K=92
INFO - 04/05/26 04:45:56 - 0:00:34 - Direct: secret not predicted. (true secret = [0 1 0 0 0 0 0 0 1 0 0 0 1 0 0 0 0 0 0 0 0 0 0 0 0 0 0 0 0 0 0 0 0 0 0 0 0
                                      0 0 0 0 0 0 0 0 0 0 0 0 0], predicted secret = [1 1 1 1 1 1 1 1 1 1 0 0 0 0 0 0 0 0 0 0 0 0 0 0 0 0 0 0 0 0 0 0 0 0 0 0 0
                                      0 0 0 0 0 0 0 0 0 0 0 0 0], true support = [0 1 0 0 0 0 0 0 1 0 0 0 1 0 0 0 0 0 0 0 0 0 0 0 0 0 0 0 0 0 0 0 0 0 0 0 0
                                      0 0 0 0 0 0 0 0 0 0 0 0 0], predicted support = [1 1 1 1 1 1 1 1 1 1 0 0 0 0 0 0 0 0 0 0 0 0 0 0 0 0 0 0 0 0 0 0 0 0 0 0 0
                                      0 0 0 0 0 0 0 0 0 0 0 0 0])
INFO - 04/05/26 04:46:07 - 0:00:45 - CA: secret not predicted. (true secret = [0 1 0 0 0 0 0 0 1 0 0 0 1 0 0 0 0 0 0 0 0 0 0 0 0 0 0 0 0 0 0 0 0 0 0 0 0
                                      0 0 0 0 0 0 0 0 0 0 0 0 0], predicted secret = [1 1 1 1 1 1 1 1 1 1 0 0 0 0 0 0 0 0 0 0 0 0 0 0 0 0 0 0 0 0 0 0 0 0 0 0 0
                                      0 0 0 0 0 0 0 0 0 0 0 0 0], true support = [0 1 0 0 0 0 0 0 1 0 0 0 1 0 0 0 0 0 0 0 0 0 0 0 0 0 0 0 0 0 0 0 0 0 0 0 0
                                      0 0 0 0 0 0 0 0 0 0 0 0 0], predicted support = [1 1 1 1 1 1 1 1 1 1 0 0 0 0 0 0 0 0 0 0 0 0 0 0 0 0 0 0 0 0 0 0 0 0 0 0 0
                                      0 0 0 0 0 0 0 0 0 0 0 0 0])
INFO - 04/05/26 04:46:07 - 0:00:45 - CA: secret not predicted. (true secret = [0 1 0 0 0 0 0 0 1 0 0 0 1 0 0 0 0 0 0 0 0 0 0 0 0 0 0 0 0 0 0 0 0 0 0 0 0
                                      0 0 0 0 0 0 0 0 0 0 0 0 0], predicted secret = [1 1 1 1 1 1 1 1 1 1 0 0 0 0 0 0 0 0 0 0 0 0 0 0 0 0 0 0 0 0 0 0 0 0 0 0 0
                                      0 0 0 0 0 0 0 0 0 0 0 0 0], true support = [0 1 0 0 0 0 0 0 1 0 0 0 1 0 0 0 0 0 0 0 0 0 0 0 0 0 0 0 0 0 0 0 0 0 0 0 0
                                      0 0 0 0 0 0 0 0 0 0 0 0 0], predicted support = [1 1 1 1 1 1 1 1 1 1 0 0 0 0 0 0 0 0 0 0 0 0 0 0 0 0 0 0 0 0 0 0 0 0 0 0 0
                                      0 0 0 0 0 0 0 0 0 0 0 0 0])
INFO - 04/05/26 04:46:07 - 0:00:45 - Hybrid: direct, ca
INFO - 04/05/26 04:46:07 - 0:00:45 - Hybrid: direct, distinguisher
INFO - 04/05/26 04:46:07 - 0:00:45 - Hybrid: ca, distinguisher
INFO - 04/05/26 04:46:07 - 0:00:45 - Hybrid: direct, ca, distinguisher
INFO - 04/05/26 04:46:07 - 0:00:45 - Epoch 0 metrics | train_loss: 6.322692 | train_acc1: 0.000000 | train_acc2: 0.000000 | valid_xe_loss: 5.708272 | valid_acc1: 0.000000 | valid_acc2: 0.000000
INFO - 04/05/26 04:46:07 - 0:00:45 - __log__:{"train_loss": 6.322691911345075, "train_acc1": 0.0, "train_acc2": 0.0, "epoch": 0, "valid_xe_loss": 5.708271871639203, "valid_acc1": 0.0, "valid_acc2": 0.0}
INFO - 04/05/26 04:46:07 - 0:00:45 - Saving checkpoint to /home/yu_mcc/PQC_salsa/runs/n50_q127_h3_1m/train_gpu_binary_secret0_init0_paperlike/checkpoint.pth ...
WARNING - 04/05/26 04:46:07 - 0:00:45 - Saving encoder parameters ...
WARNING - 04/05/26 04:46:07 - 0:00:45 - Saving decoder parameters ...
WARNING - 04/05/26 04:46:07 - 0:00:45 - Saving optimizer ...
INFO - 04/05/26 04:46:07 - 0:00:45 - ============ Starting epoch 1 ... ============
INFO - 04/05/26 04:46:10 - 0:00:48 -     200 -  204.68 equations/s - 21286.83 words/s - MEM: 1.90 GB - LOSS:  5.4386 || ACC1:  0.0000 || ACC2:  0.0000 - LR: 2.5975e-07
INFO - 04/05/26 04:46:14 - 0:00:52 -     250 - 1841.76 equations/s - 191543.37 words/s - MEM: 1.90 GB - LOSS:  4.8716 || ACC1:  0.0000 || ACC2:  0.0000 - LR: 3.2219e-07
INFO - 04/05/26 04:46:17 - 0:00:55 -     300 - 1871.70 equations/s - 194656.38 words/s - MEM: 1.90 GB - LOSS:  4.1777 || ACC1:  0.0000 || ACC2:  0.0000 - LR: 3.8463e-07
INFO - 04/05/26 04:46:20 - 0:00:58 -     314 -  796.60 equations/s - 82846.41 words/s - MEM: 1.90 GB - LOSS:  3.7425 || ACC1:  0.0000 || ACC2:  0.0000 - LR: 4.0211e-07
INFO - 04/05/26 04:46:20 - 0:00:58 - ============ End of epoch 1 ============
INFO - 04/05/26 04:46:20 - 0:00:58 - Starting Distinguisher Method
